{"C:\\Users\\NuttawatSi\\Projects\\ebidding-final\\backend\\src\\app.controller.ts": {"path":"C:\\Users\\NuttawatSi\\Projects\\ebidding-final\\backend\\src\\app.controller.ts","statementMap":{"0":{"start":{"line":1,"column":0},"end":{"line":1,"column":49}},"1":{"start":{"line":2,"column":0},"end":{"line":2,"column":43}},"2":{"start":{"line":5,"column":7},"end":{"line":12,"column":null}},"3":{"start":{"line":6,"column":31},"end":{"line":6,"column":43}},"4":{"start":{"line":10,"column":4},"end":{"line":10,"column":38}},"5":{"start":{"line":5,"column":13},"end":{"line":5,"column":26}},"6":{"start":{"line":9,"column":2},"end":{"line":11,"column":null}},"7":{"start":{"line":5,"column":13},"end":{"line":12,"column":null}}},"fnMap":{"0":{"name":"(anonymous_2)","decl":{"start":{"line":6,"column":2},"end":{"line":6,"column":31}},"loc":{"start":{"line":6,"column":53},"end":{"line":6,"column":57}}},"1":{"name":"(anonymous_3)","decl":{"start":{"line":9,"column":2},"end":{"line":9,"column":10}},"loc":{"start":{"line":9,"column":10},"end":{"line":11,"column":3}}}},"branchMap":{"0":{"loc":{"start":{"line":6,"column":43},"end":{"line":6,"column":56}},"type":"cond-expr","locations":[{"start":{"line":6,"column":53},"end":{"line":6,"column":56}},{"start":{"line":6,"column":53},"end":{"line":6,"column":56}}]},"1":{"loc":{"start":{"line":6,"column":43},"end":{"line":6,"column":53}},"type":"binary-expr","locations":[{"start":{"line":6,"column":43},"end":{"line":6,"column":56}},{"start":{"line":6,"column":43},"end":{"line":6,"column":53}}]}},"s":{"0":1,"1":1,"2":1,"3":1,"4":1,"5":1,"6":1,"7":1},"f":{"0":1,"1":1},"b":{"0":[1,0],"1":[1,1]}}
,"C:\\Users\\NuttawatSi\\Projects\\ebidding-final\\backend\\src\\app.module.ts": {"path":"C:\\Users\\NuttawatSi\\Projects\\ebidding-final\\backend\\src\\app.module.ts","statementMap":{"0":{"start":{"line":1,"column":0},"end":{"line":1,"column":40}},"1":{"start":{"line":2,"column":0},"end":{"line":2,"column":61}},"2":{"start":{"line":3,"column":0},"end":{"line":3,"column":41}},"3":{"start":{"line":4,"column":0},"end":{"line":4,"column":40}},"4":{"start":{"line":5,"column":0},"end":{"line":5,"column":68}},"5":{"start":{"line":6,"column":0},"end":{"line":6,"column":52}},"6":{"start":{"line":7,"column":0},"end":{"line":7,"column":56}},"7":{"start":{"line":8,"column":0},"end":{"line":8,"column":61}},"8":{"start":{"line":9,"column":0},"end":{"line":9,"column":57}},"9":{"start":{"line":10,"column":0},"end":{"line":10,"column":56}},"10":{"start":{"line":11,"column":0},"end":{"line":11,"column":59}},"11":{"start":{"line":12,"column":0},"end":{"line":12,"column":80}},"12":{"start":{"line":13,"column":0},"end":{"line":13,"column":62}},"13":{"start":{"line":14,"column":0},"end":{"line":14,"column":94}},"14":{"start":{"line":15,"column":0},"end":{"line":15,"column":85}},"15":{"start":{"line":16,"column":0},"end":{"line":16,"column":68}},"16":{"start":{"line":17,"column":0},"end":{"line":17,"column":74}},"17":{"start":{"line":18,"column":0},"end":{"line":18,"column":68}},"18":{"start":{"line":19,"column":0},"end":{"line":19,"column":65}},"19":{"start":{"line":20,"column":0},"end":{"line":20,"column":59}},"20":{"start":{"line":21,"column":0},"end":{"line":21,"column":68}},"21":{"start":{"line":22,"column":0},"end":{"line":22,"column":59}},"22":{"start":{"line":23,"column":0},"end":{"line":23,"column":62}},"23":{"start":{"line":24,"column":0},"end":{"line":24,"column":83}},"24":{"start":{"line":25,"column":0},"end":{"line":25,"column":78}},"25":{"start":{"line":26,"column":0},"end":{"line":26,"column":85}},"26":{"start":{"line":27,"column":0},"end":{"line":27,"column":71}},"27":{"start":{"line":28,"column":0},"end":{"line":28,"column":50}},"28":{"start":{"line":74,"column":7},"end":{"line":74,"column":null}},"29":{"start":{"line":74,"column":13},"end":{"line":74,"column":22}},"30":{"start":{"line":74,"column":13},"end":{"line":74,"column":null}},"31":{"start":{"line":35,"column":46},"end":{"line":37,"column":8}},"32":{"start":{"line":67,"column":8},"end":{"line":67,"column":41}},"33":{"start":{"line":68,"column":8},"end":{"line":68,"column":24}}},"fnMap":{"0":{"name":"(anonymous_1)","decl":{"start":{"line":35,"column":18},"end":{"line":35,"column":19}},"loc":{"start":{"line":35,"column":46},"end":{"line":37,"column":8}}},"1":{"name":"(anonymous_2)","decl":{"start":{"line":66,"column":18},"end":{"line":66,"column":19}},"loc":{"start":{"line":66,"column":88},"end":{"line":69,"column":7}}},"2":{"name":"(anonymous_3)","decl":{"start":{"line":68,"column":15},"end":{"line":68,"column":18}},"loc":{"start":{"line":68,"column":20},"end":{"line":68,"column":23}}}},"branchMap":{},"s":{"0":0,"1":0,"2":0,"3":0,"4":0,"5":0,"6":0,"7":0,"8":0,"9":0,"10":0,"11":0,"12":0,"13":0,"14":0,"15":0,"16":0,"17":0,"18":0,"19":0,"20":0,"21":0,"22":0,"23":0,"24":0,"25":0,"26":0,"27":0,"28":0,"29":0,"30":0,"31":0,"32":0,"33":0},"f":{"0":0,"1":0,"2":0},"b":{}}
,"C:\\Users\\NuttawatSi\\Projects\\ebidding-final\\backend\\src\\app.service.ts": {"path":"C:\\Users\\NuttawatSi\\Projects\\ebidding-final\\backend\\src\\app.service.ts","statementMap":{"0":{"start":{"line":1,"column":0},"end":{"line":1,"column":44}},"1":{"start":{"line":4,"column":7},"end":{"line":8,"column":null}},"2":{"start":{"line":6,"column":4},"end":{"line":6,"column":26}},"3":{"start":{"line":4,"column":13},"end":{"line":4,"column":23}},"4":{"start":{"line":4,"column":13},"end":{"line":8,"column":null}}},"fnMap":{"0":{"name":"(anonymous_1)","decl":{"start":{"line":5,"column":2},"end":{"line":5,"column":10}},"loc":{"start":{"line":5,"column":10},"end":{"line":7,"column":3}}}},"branchMap":{},"s":{"0":1,"1":1,"2":1,"3":1,"4":1},"f":{"0":1},"b":{}}
,"C:\\Users\\NuttawatSi\\Projects\\ebidding-final\\backend\\src\\main.ts": {"path":"C:\\Users\\NuttawatSi\\Projects\\ebidding-final\\backend\\src\\main.ts","statementMap":{"0":{"start":{"line":1,"column":0},"end":{"line":1,"column":43}},"1":{"start":{"line":2,"column":0},"end":{"line":2,"column":48}},"2":{"start":{"line":3,"column":0},"end":{"line":3,"column":65}},"3":{"start":{"line":4,"column":0},"end":{"line":4,"column":28}},"4":{"start":{"line":5,"column":0},"end":{"line":5,"column":41}},"5":{"start":{"line":8,"column":14},"end":{"line":8,"column":49}},"6":{"start":{"line":10,"column":2},"end":{"line":10,"column":29}},"7":{"start":{"line":13,"column":2},"end":{"line":13,"column":20}},"8":{"start":{"line":16,"column":2},"end":{"line":25,"column":5}},"9":{"start":{"line":18,"column":6},"end":{"line":22,"column":7}},"10":{"start":{"line":19,"column":8},"end":{"line":19,"column":29}},"11":{"start":{"line":21,"column":8},"end":{"line":21,"column":51}},"12":{"start":{"line":28,"column":2},"end":{"line":35,"column":4}},"13":{"start":{"line":38,"column":17},"end":{"line":43,"column":12}},"14":{"start":{"line":45,"column":19},"end":{"line":45,"column":60}},"15":{"start":{"line":46,"column":2},"end":{"line":46,"column":49}},"16":{"start":{"line":48,"column":15},"end":{"line":48,"column":39}},"17":{"start":{"line":49,"column":2},"end":{"line":49,"column":25}},"18":{"start":{"line":50,"column":2},"end":{"line":50,"column":60}},"19":{"start":{"line":51,"column":2},"end":{"line":51,"column":63}},"20":{"start":{"line":53,"column":0},"end":{"line":53,"column":12}}},"fnMap":{"0":{"name":"bootstrap","decl":{"start":{"line":7,"column":15},"end":{"line":7,"column":24}},"loc":{"start":{"line":7,"column":24},"end":{"line":52,"column":1}}},"1":{"name":"(anonymous_2)","decl":{"start":{"line":17,"column":12},"end":{"line":17,"column":13}},"loc":{"start":{"line":17,"column":99},"end":{"line":23,"column":5}}}},"branchMap":{"0":{"loc":{"start":{"line":18,"column":6},"end":{"line":22,"column":7}},"type":"if","locations":[{"start":{"line":18,"column":6},"end":{"line":22,"column":7}},{"start":{"line":20,"column":13},"end":{"line":22,"column":7}}]},"1":{"loc":{"start":{"line":18,"column":10},"end":{"line":18,"column":175}},"type":"binary-expr","locations":[{"start":{"line":18,"column":10},"end":{"line":18,"column":17}},{"start":{"line":18,"column":21},"end":{"line":18,"column":58}},{"start":{"line":18,"column":62},"end":{"line":18,"column":99}},{"start":{"line":18,"column":103},"end":{"line":18,"column":137}},{"start":{"line":18,"column":141},"end":{"line":18,"column":175}}]},"2":{"loc":{"start":{"line":48,"column":15},"end":{"line":48,"column":39}},"type":"binary-expr","locations":[{"start":{"line":48,"column":15},"end":{"line":48,"column":31}},{"start":{"line":48,"column":35},"end":{"line":48,"column":39}}]}},"s":{"0":0,"1":0,"2":0,"3":0,"4":0,"5":0,"6":0,"7":0,"8":0,"9":0,"10":0,"11":0,"12":0,"13":0,"14":0,"15":0,"16":0,"17":0,"18":0,"19":0,"20":0},"f":{"0":0,"1":0},"b":{"0":[0,0],"1":[0,0,0,0,0],"2":[0,0]}}
,"C:\\Users\\NuttawatSi\\Projects\\ebidding-final\\backend\\src\\common\\decorators\\public.decorator.ts": {"path":"C:\\Users\\NuttawatSi\\Projects\\ebidding-final\\backend\\src\\common\\decorators\\public.decorator.ts","statementMap":{"0":{"start":{"line":1,"column":0},"end":{"line":1,"column":45}},"1":{"start":{"line":3,"column":13},"end":{"line":3,"column":40}},"2":{"start":{"line":4,"column":22},"end":{"line":4,"column":60}},"3":{"start":{"line":4,"column":28},"end":{"line":4,"column":60}},"4":{"start":{"line":4,"column":13},"end":{"line":4,"column":22}}},"fnMap":{"0":{"name":"(anonymous_0)","decl":{"start":{"line":4,"column":22},"end":{"line":4,"column":25}},"loc":{"start":{"line":4,"column":28},"end":{"line":4,"column":60}}}},"branchMap":{},"s":{"0":0,"1":0,"2":0,"3":0,"4":0},"f":{"0":0},"b":{}}
,"C:\\Users\\NuttawatSi\\Projects\\ebidding-final\\backend\\src\\common\\decorators\\roles.decorator.ts": {"path":"C:\\Users\\NuttawatSi\\Projects\\ebidding-final\\backend\\src\\common\\decorators\\roles.decorator.ts","statementMap":{"0":{"start":{"line":1,"column":0},"end":{"line":1,"column":45}},"1":{"start":{"line":4,"column":13},"end":{"line":4,"column":33}},"2":{"start":{"line":5,"column":21},"end":{"line":5,"column":76}},"3":{"start":{"line":5,"column":47},"end":{"line":5,"column":76}},"4":{"start":{"line":5,"column":13},"end":{"line":5,"column":21}}},"fnMap":{"0":{"name":"(anonymous_0)","decl":{"start":{"line":5,"column":21},"end":{"line":5,"column":22}},"loc":{"start":{"line":5,"column":47},"end":{"line":5,"column":76}}}},"branchMap":{},"s":{"0":0,"1":0,"2":0,"3":0,"4":0},"f":{"0":0},"b":{}}
,"C:\\Users\\NuttawatSi\\Projects\\ebidding-final\\backend\\src\\common\\dto\\pagination.dto.ts": {"path":"C:\\Users\\NuttawatSi\\Projects\\ebidding-final\\backend\\src\\common\\dto\\pagination.dto.ts","statementMap":{"0":{"start":{"line":1,"column":0},"end":{"line":1,"column":83}},"1":{"start":{"line":2,"column":0},"end":{"line":2,"column":52}},"2":{"start":{"line":9,"column":18},"end":{"line":9,"column":19}},"3":{"start":{"line":16,"column":19},"end":{"line":16,"column":21}},"4":{"start":{"line":24,"column":20},"end":{"line":24,"column":31}},"5":{"start":{"line":28,"column":31},"end":{"line":28,"column":37}},"6":{"start":{"line":4,"column":0},"end":{"line":4,"column":13}},"7":{"start":{"line":9,"column":2},"end":{"line":9,"column":null}},"8":{"start":{"line":6,"column":14},"end":{"line":6,"column":20}},"9":{"start":{"line":16,"column":2},"end":{"line":16,"column":null}},"10":{"start":{"line":12,"column":14},"end":{"line":12,"column":20}},"11":{"start":{"line":20,"column":2},"end":{"line":20,"column":null}},"12":{"start":{"line":24,"column":2},"end":{"line":24,"column":null}},"13":{"start":{"line":28,"column":2},"end":{"line":28,"column":null}},"14":{"start":{"line":32,"column":2},"end":{"line":32,"column":null}},"15":{"start":{"line":36,"column":2},"end":{"line":36,"column":null}},"16":{"start":{"line":35,"column":28},"end":{"line":35,"column":91}},"17":{"start":{"line":40,"column":2},"end":{"line":40,"column":null}},"18":{"start":{"line":39,"column":28},"end":{"line":39,"column":91}}},"fnMap":{"0":{"name":"(anonymous_2)","decl":{"start":{"line":6,"column":8},"end":{"line":6,"column":11}},"loc":{"start":{"line":6,"column":14},"end":{"line":6,"column":20}}},"1":{"name":"(anonymous_3)","decl":{"start":{"line":12,"column":8},"end":{"line":12,"column":11}},"loc":{"start":{"line":12,"column":14},"end":{"line":12,"column":20}}},"2":{"name":"(anonymous_4)","decl":{"start":{"line":35,"column":13},"end":{"line":35,"column":14}},"loc":{"start":{"line":35,"column":28},"end":{"line":35,"column":91}}},"3":{"name":"(anonymous_5)","decl":{"start":{"line":39,"column":13},"end":{"line":39,"column":14}},"loc":{"start":{"line":39,"column":28},"end":{"line":39,"column":91}}}},"branchMap":{"0":{"loc":{"start":{"line":35,"column":28},"end":{"line":35,"column":91}},"type":"cond-expr","locations":[{"start":{"line":35,"column":47},"end":{"line":35,"column":51}},{"start":{"line":35,"column":54},"end":{"line":35,"column":91}}]},"1":{"loc":{"start":{"line":35,"column":54},"end":{"line":35,"column":91}},"type":"cond-expr","locations":[{"start":{"line":35,"column":74},"end":{"line":35,"column":79}},{"start":{"line":35,"column":82},"end":{"line":35,"column":91}}]},"2":{"loc":{"start":{"line":39,"column":28},"end":{"line":39,"column":91}},"type":"cond-expr","locations":[{"start":{"line":39,"column":47},"end":{"line":39,"column":51}},{"start":{"line":39,"column":54},"end":{"line":39,"column":91}}]},"3":{"loc":{"start":{"line":39,"column":54},"end":{"line":39,"column":91}},"type":"cond-expr","locations":[{"start":{"line":39,"column":74},"end":{"line":39,"column":79}},{"start":{"line":39,"column":82},"end":{"line":39,"column":91}}]}},"s":{"0":0,"1":0,"2":0,"3":0,"4":0,"5":0,"6":0,"7":0,"8":0,"9":0,"10":0,"11":0,"12":0,"13":0,"14":0,"15":0,"16":0,"17":0,"18":0},"f":{"0":0,"1":0,"2":0,"3":0},"b":{"0":[0,0],"1":[0,0],"2":[0,0],"3":[0,0]}}
,"C:\\Users\\NuttawatSi\\Projects\\ebidding-final\\backend\\src\\common\\enums\\index.ts": {"path":"C:\\Users\\NuttawatSi\\Projects\\ebidding-final\\backend\\src\\common\\enums\\index.ts","statementMap":{"0":{"start":{"line":62,"column":0},"end":{"line":62,"column":16}},"1":{"start":{"line":67,"column":0},"end":{"line":67,"column":16}},"2":{"start":{"line":72,"column":0},"end":{"line":72,"column":16}},"3":{"start":{"line":1,"column":0},"end":{"line":1,"column":9}},"4":{"start":{"line":1,"column":9},"end":{"line":1,"column":51}},"5":{"start":{"line":2,"column":0},"end":{"line":2,"column":9}},"6":{"start":{"line":2,"column":9},"end":{"line":2,"column":50}},"7":{"start":{"line":3,"column":0},"end":{"line":3,"column":9}},"8":{"start":{"line":3,"column":9},"end":{"line":3,"column":45}},"9":{"start":{"line":4,"column":0},"end":{"line":4,"column":9}},"10":{"start":{"line":4,"column":9},"end":{"line":4,"column":42}},"11":{"start":{"line":5,"column":0},"end":{"line":5,"column":9}},"12":{"start":{"line":5,"column":9},"end":{"line":5,"column":46}},"13":{"start":{"line":6,"column":0},"end":{"line":6,"column":9}},"14":{"start":{"line":6,"column":9},"end":{"line":6,"column":50}},"15":{"start":{"line":7,"column":0},"end":{"line":7,"column":9}},"16":{"start":{"line":7,"column":9},"end":{"line":7,"column":50}},"17":{"start":{"line":8,"column":0},"end":{"line":8,"column":9}},"18":{"start":{"line":8,"column":9},"end":{"line":8,"column":53}},"19":{"start":{"line":9,"column":0},"end":{"line":9,"column":9}},"20":{"start":{"line":9,"column":9},"end":{"line":9,"column":50}},"21":{"start":{"line":15,"column":13},"end":{"line":59,"column":2}},"22":{"start":{"line":63,"column":2},"end":{"line":63,"column":51}},"23":{"start":{"line":68,"column":2},"end":{"line":68,"column":50}},"24":{"start":{"line":73,"column":2},"end":{"line":80,"column":3}},"25":{"start":{"line":74,"column":4},"end":{"line":79,"column":6}},"26":{"start":{"line":81,"column":2},"end":{"line":87,"column":3}},"27":{"start":{"line":82,"column":4},"end":{"line":86,"column":6}},"28":{"start":{"line":89,"column":2},"end":{"line":93,"column":4}},"29":{"start":{"line":97,"column":13},"end":{"line":121,"column":2}},"30":{"start":{"line":124,"column":13},"end":{"line":148,"column":2}}},"fnMap":{"0":{"name":"(anonymous_0)","decl":{"start":{"line":1,"column":9},"end":{"line":1,"column":26}},"loc":{"start":{"line":1,"column":9},"end":{"line":1,"column":51}}},"1":{"name":"(anonymous_1)","decl":{"start":{"line":2,"column":9},"end":{"line":2,"column":25}},"loc":{"start":{"line":2,"column":9},"end":{"line":2,"column":50}}},"2":{"name":"(anonymous_2)","decl":{"start":{"line":3,"column":9},"end":{"line":3,"column":20}},"loc":{"start":{"line":3,"column":9},"end":{"line":3,"column":45}}},"3":{"name":"(anonymous_3)","decl":{"start":{"line":4,"column":9},"end":{"line":4,"column":17}},"loc":{"start":{"line":4,"column":9},"end":{"line":4,"column":42}}},"4":{"name":"(anonymous_4)","decl":{"start":{"line":5,"column":9},"end":{"line":5,"column":21}},"loc":{"start":{"line":5,"column":9},"end":{"line":5,"column":46}}},"5":{"name":"(anonymous_5)","decl":{"start":{"line":6,"column":9},"end":{"line":6,"column":25}},"loc":{"start":{"line":6,"column":9},"end":{"line":6,"column":50}}},"6":{"name":"(anonymous_6)","decl":{"start":{"line":7,"column":9},"end":{"line":7,"column":25}},"loc":{"start":{"line":7,"column":9},"end":{"line":7,"column":50}}},"7":{"name":"(anonymous_7)","decl":{"start":{"line":8,"column":9},"end":{"line":8,"column":28}},"loc":{"start":{"line":8,"column":9},"end":{"line":8,"column":53}}},"8":{"name":"(anonymous_8)","decl":{"start":{"line":9,"column":9},"end":{"line":9,"column":25}},"loc":{"start":{"line":9,"column":9},"end":{"line":9,"column":50}}},"9":{"name":"getAllowedTransitions","decl":{"start":{"line":62,"column":16},"end":{"line":62,"column":37}},"loc":{"start":{"line":62,"column":59},"end":{"line":64,"column":1}}},"10":{"name":"isValidTransition","decl":{"start":{"line":67,"column":16},"end":{"line":67,"column":33}},"loc":{"start":{"line":67,"column":58},"end":{"line":69,"column":1}}},"11":{"name":"getFlowSteps","decl":{"start":{"line":72,"column":16},"end":{"line":72,"column":28}},"loc":{"start":{"line":72,"column":48},"end":{"line":94,"column":1}}}},"branchMap":{"0":{"loc":{"start":{"line":63,"column":9},"end":{"line":63,"column":50}},"type":"binary-expr","locations":[{"start":{"line":63,"column":9},"end":{"line":63,"column":44}},{"start":{"line":63,"column":48},"end":{"line":63,"column":50}}]},"1":{"loc":{"start":{"line":73,"column":2},"end":{"line":80,"column":3}},"type":"if","locations":[{"start":{"line":73,"column":2},"end":{"line":80,"column":3}},{"start":{},"end":{}}]},"2":{"loc":{"start":{"line":81,"column":2},"end":{"line":87,"column":3}},"type":"if","locations":[{"start":{"line":81,"column":2},"end":{"line":87,"column":3}},{"start":{},"end":{}}]}},"s":{"0":2,"1":2,"2":2,"3":2,"4":2,"5":2,"6":2,"7":2,"8":2,"9":2,"10":2,"11":2,"12":2,"13":2,"14":2,"15":2,"16":2,"17":2,"18":2,"19":2,"20":2,"21":2,"22":17,"23":15,"24":6,"25":2,"26":4,"27":2,"28":2,"29":2,"30":2},"f":{"0":0,"1":0,"2":0,"3":0,"4":0,"5":0,"6":0,"7":0,"8":0,"9":17,"10":15,"11":6},"b":{"0":[17,2],"1":[2,4],"2":[2,2]}}
,"C:\\Users\\NuttawatSi\\Projects\\ebidding-final\\backend\\src\\common\\gateway\\notifications.gateway.ts": {"path":"C:\\Users\\NuttawatSi\\Projects\\ebidding-final\\backend\\src\\common\\gateway\\notifications.gateway.ts","statementMap":{"0":{"start":{"line":1,"column":0},"end":{"line":1,"column":null}},"1":{"start":{"line":10,"column":0},"end":{"line":10,"column":43}},"2":{"start":{"line":11,"column":0},"end":{"line":11,"column":41}},"3":{"start":{"line":12,"column":0},"end":{"line":12,"column":47}},"4":{"start":{"line":13,"column":0},"end":{"line":13,"column":44}},"5":{"start":{"line":29,"column":7},"end":{"line":108,"column":null}},"6":{"start":{"line":33,"column":24},"end":{"line":33,"column":54}},"7":{"start":{"line":36,"column":12},"end":{"line":36,"column":24}},"8":{"start":{"line":37,"column":12},"end":{"line":37,"column":27}},"9":{"start":{"line":41,"column":4},"end":{"line":60,"column":5}},"10":{"start":{"line":42,"column":20},"end":{"line":42,"column":81}},"11":{"start":{"line":43,"column":6},"end":{"line":46,"column":7}},"12":{"start":{"line":44,"column":8},"end":{"line":44,"column":28}},"13":{"start":{"line":45,"column":8},"end":{"line":45,"column":15}},"14":{"start":{"line":47,"column":22},"end":{"line":49,"column":8}},"15":{"start":{"line":50,"column":21},"end":{"line":50,"column":32}},"16":{"start":{"line":51,"column":6},"end":{"line":51,"column":34}},"17":{"start":{"line":53,"column":6},"end":{"line":55,"column":7}},"18":{"start":{"line":54,"column":8},"end":{"line":54,"column":48}},"19":{"start":{"line":56,"column":6},"end":{"line":56,"column":51}},"20":{"start":{"line":57,"column":6},"end":{"line":57,"column":70}},"21":{"start":{"line":59,"column":6},"end":{"line":59,"column":26}},"22":{"start":{"line":64,"column":19},"end":{"line":64,"column":38}},"23":{"start":{"line":65,"column":4},"end":{"line":70,"column":5}},"24":{"start":{"line":66,"column":6},"end":{"line":66,"column":54}},"25":{"start":{"line":67,"column":6},"end":{"line":69,"column":7}},"26":{"start":{"line":68,"column":8},"end":{"line":68,"column":40}},"27":{"start":{"line":71,"column":4},"end":{"line":71,"column":53}},"28":{"start":{"line":76,"column":4},"end":{"line":76,"column":27}},"29":{"start":{"line":81,"column":4},"end":{"line":81,"column":28}},"30":{"start":{"line":85,"column":20},"end":{"line":85,"column":48}},"31":{"start":{"line":86,"column":4},"end":{"line":90,"column":5}},"32":{"start":{"line":87,"column":6},"end":{"line":89,"column":9}},"33":{"start":{"line":88,"column":8},"end":{"line":88,"column":51}},"34":{"start":{"line":94,"column":4},"end":{"line":94,"column":34}},"35":{"start":{"line":98,"column":4},"end":{"line":98,"column":58}},"36":{"start":{"line":102,"column":4},"end":{"line":102,"column":84}},"37":{"start":{"line":106,"column":4},"end":{"line":106,"column":75}},"38":{"start":{"line":106,"column":30},"end":{"line":106,"column":73}},"39":{"start":{"line":29,"column":13},"end":{"line":29,"column":33}},"40":{"start":{"line":31,"column":2},"end":{"line":31,"column":null}},"41":{"start":{"line":75,"column":2},"end":{"line":77,"column":null}},"42":{"start":{"line":80,"column":2},"end":{"line":82,"column":null}},"43":{"start":{"line":29,"column":13},"end":{"line":108,"column":null}},"44":{"start":{"line":18,"column":6},"end":{"line":22,"column":7}},"45":{"start":{"line":19,"column":8},"end":{"line":19,"column":29}},"46":{"start":{"line":21,"column":8},"end":{"line":21,"column":51}}},"fnMap":{"0":{"name":"(anonymous_4)","decl":{"start":{"line":35,"column":2},"end":{"line":35,"column":null}},"loc":{"start":{"line":37,"column":40},"end":{"line":38,"column":6}}},"1":{"name":"(anonymous_5)","decl":{"start":{"line":40,"column":2},"end":{"line":40,"column":18}},"loc":{"start":{"line":40,"column":33},"end":{"line":61,"column":3}}},"2":{"name":"(anonymous_6)","decl":{"start":{"line":63,"column":2},"end":{"line":63,"column":18}},"loc":{"start":{"line":63,"column":33},"end":{"line":72,"column":3}}},"3":{"name":"(anonymous_7)","decl":{"start":{"line":75,"column":2},"end":{"line":75,"column":12}},"loc":{"start":{"line":75,"column":85},"end":{"line":77,"column":3}}},"4":{"name":"(anonymous_8)","decl":{"start":{"line":80,"column":2},"end":{"line":80,"column":13}},"loc":{"start":{"line":80,"column":86},"end":{"line":82,"column":3}}},"5":{"name":"(anonymous_9)","decl":{"start":{"line":84,"column":2},"end":{"line":84,"column":12}},"loc":{"start":{"line":84,"column":53},"end":{"line":91,"column":3}}},"6":{"name":"(anonymous_10)","decl":{"start":{"line":87,"column":22},"end":{"line":87,"column":30}},"loc":{"start":{"line":87,"column":33},"end":{"line":89,"column":7}}},"7":{"name":"(anonymous_11)","decl":{"start":{"line":93,"column":2},"end":{"line":93,"column":11}},"loc":{"start":{"line":93,"column":36},"end":{"line":95,"column":3}}},"8":{"name":"(anonymous_12)","decl":{"start":{"line":97,"column":2},"end":{"line":97,"column":18}},"loc":{"start":{"line":97,"column":110},"end":{"line":99,"column":3}}},"9":{"name":"(anonymous_13)","decl":{"start":{"line":101,"column":2},"end":{"line":101,"column":23}},"loc":{"start":{"line":101,"column":105},"end":{"line":103,"column":3}}},"10":{"name":"(anonymous_14)","decl":{"start":{"line":105,"column":2},"end":{"line":105,"column":22}},"loc":{"start":{"line":105,"column":117},"end":{"line":107,"column":3}}},"11":{"name":"(anonymous_15)","decl":{"start":{"line":106,"column":20},"end":{"line":106,"column":26}},"loc":{"start":{"line":106,"column":30},"end":{"line":106,"column":73}}},"12":{"name":"(anonymous_16)","decl":{"start":{"line":17,"column":12},"end":{"line":17,"column":13}},"loc":{"start":{"line":17,"column":99},"end":{"line":23,"column":5}}}},"branchMap":{"0":{"loc":{"start":{"line":42,"column":20},"end":{"line":42,"column":81}},"type":"binary-expr","locations":[{"start":{"line":42,"column":20},"end":{"line":42,"column":48}},{"start":{"line":42,"column":52},"end":{"line":42,"column":81}}]},"1":{"loc":{"start":{"line":43,"column":6},"end":{"line":46,"column":7}},"type":"if","locations":[{"start":{"line":43,"column":6},"end":{"line":46,"column":7}},{"start":{},"end":{}}]},"2":{"loc":{"start":{"line":53,"column":6},"end":{"line":55,"column":7}},"type":"if","locations":[{"start":{"line":53,"column":6},"end":{"line":55,"column":7}},{"start":{},"end":{}}]},"3":{"loc":{"start":{"line":65,"column":4},"end":{"line":70,"column":5}},"type":"if","locations":[{"start":{"line":65,"column":4},"end":{"line":70,"column":5}},{"start":{},"end":{}}]},"4":{"loc":{"start":{"line":65,"column":8},"end":{"line":65,"column":46}},"type":"binary-expr","locations":[{"start":{"line":65,"column":8},"end":{"line":65,"column":14}},{"start":{"line":65,"column":18},"end":{"line":65,"column":46}}]},"5":{"loc":{"start":{"line":67,"column":6},"end":{"line":69,"column":7}},"type":"if","locations":[{"start":{"line":67,"column":6},"end":{"line":69,"column":7}},{"start":{},"end":{}}]},"6":{"loc":{"start":{"line":86,"column":4},"end":{"line":90,"column":5}},"type":"if","locations":[{"start":{"line":86,"column":4},"end":{"line":90,"column":5}},{"start":{},"end":{}}]},"7":{"loc":{"start":{"line":31,"column":10},"end":{"line":31,"column":17}},"type":"cond-expr","locations":[{"start":{"line":31,"column":16},"end":{"line":31,"column":17}},{"start":{"line":31,"column":16},"end":{"line":31,"column":17}}]},"8":{"loc":{"start":{"line":31,"column":10},"end":{"line":31,"column":16}},"type":"binary-expr","locations":[{"start":{"line":31,"column":10},"end":{"line":31,"column":17}},{"start":{"line":31,"column":10},"end":{"line":31,"column":16}}]},"9":{"loc":{"start":{"line":75,"column":40},"end":{"line":75,"column":49}},"type":"cond-expr","locations":[{"start":{"line":75,"column":46},"end":{"line":75,"column":49}},{"start":{"line":75,"column":46},"end":{"line":75,"column":49}}]},"10":{"loc":{"start":{"line":75,"column":40},"end":{"line":75,"column":46}},"type":"binary-expr","locations":[{"start":{"line":75,"column":40},"end":{"line":75,"column":49}},{"start":{"line":75,"column":40},"end":{"line":75,"column":46}}]},"11":{"loc":{"start":{"line":80,"column":41},"end":{"line":80,"column":50}},"type":"cond-expr","locations":[{"start":{"line":80,"column":47},"end":{"line":80,"column":50}},{"start":{"line":80,"column":47},"end":{"line":80,"column":50}}]},"12":{"loc":{"start":{"line":80,"column":41},"end":{"line":80,"column":47}},"type":"binary-expr","locations":[{"start":{"line":80,"column":41},"end":{"line":80,"column":50}},{"start":{"line":80,"column":41},"end":{"line":80,"column":47}}]},"13":{"loc":{"start":{"line":18,"column":6},"end":{"line":22,"column":7}},"type":"if","locations":[{"start":{"line":18,"column":6},"end":{"line":22,"column":7}},{"start":{"line":20,"column":13},"end":{"line":22,"column":7}}]},"14":{"loc":{"start":{"line":18,"column":10},"end":{"line":18,"column":175}},"type":"binary-expr","locations":[{"start":{"line":18,"column":10},"end":{"line":18,"column":17}},{"start":{"line":18,"column":21},"end":{"line":18,"column":58}},{"start":{"line":18,"column":62},"end":{"line":18,"column":99}},{"start":{"line":18,"column":103},"end":{"line":18,"column":137}},{"start":{"line":18,"column":141},"end":{"line":18,"column":175}}]},"15":{"loc":{"start":{"line":36,"column":24},"end":{"line":36,"column":null}},"type":"cond-expr","locations":[{"start":{"line":36,"column":34},"end":{"line":36,"column":null}},{"start":{"line":36,"column":34},"end":{"line":36,"column":null}}]},"16":{"loc":{"start":{"line":36,"column":24},"end":{"line":36,"column":34}},"type":"binary-expr","locations":[{"start":{"line":36,"column":24},"end":{"line":36,"column":null}},{"start":{"line":36,"column":24},"end":{"line":36,"column":34}}]},"17":{"loc":{"start":{"line":36,"column":34},"end":{"line":37,"column":null}},"type":"cond-expr","locations":[{"start":{"line":37,"column":40},"end":{"line":37,"column":null}},{"start":{"line":37,"column":40},"end":{"line":37,"column":null}}]},"18":{"loc":{"start":{"line":36,"column":34},"end":{"line":37,"column":40}},"type":"binary-expr","locations":[{"start":{"line":36,"column":34},"end":{"line":37,"column":null}},{"start":{"line":37,"column":27},"end":{"line":37,"column":40}}]}},"s":{"0":0,"1":0,"2":0,"3":0,"4":0,"5":0,"6":0,"7":0,"8":0,"9":0,"10":0,"11":0,"12":0,"13":0,"14":0,"15":0,"16":0,"17":0,"18":0,"19":0,"20":0,"21":0,"22":0,"23":0,"24":0,"25":0,"26":0,"27":0,"28":0,"29":0,"30":0,"31":0,"32":0,"33":0,"34":0,"35":0,"36":0,"37":0,"38":0,"39":0,"40":0,"41":0,"42":0,"43":0,"44":0,"45":0,"46":0},"f":{"0":0,"1":0,"2":0,"3":0,"4":0,"5":0,"6":0,"7":0,"8":0,"9":0,"10":0,"11":0,"12":0},"b":{"0":[0,0],"1":[0,0],"2":[0,0],"3":[0,0],"4":[0,0],"5":[0,0],"6":[0,0],"7":[0,0],"8":[0,0],"9":[0,0],"10":[0,0],"11":[0,0],"12":[0,0],"13":[0,0],"14":[0,0,0,0,0],"15":[0,0],"16":[0,0],"17":[0,0],"18":[0,0]}}
,"C:\\Users\\NuttawatSi\\Projects\\ebidding-final\\backend\\src\\common\\guards\\roles.guard.ts": {"path":"C:\\Users\\NuttawatSi\\Projects\\ebidding-final\\backend\\src\\common\\guards\\roles.guard.ts","statementMap":{"0":{"start":{"line":1,"column":0},"end":{"line":1,"column":75}},"1":{"start":{"line":2,"column":0},"end":{"line":2,"column":41}},"2":{"start":{"line":4,"column":0},"end":{"line":4,"column":58}},"3":{"start":{"line":7,"column":7},"end":{"line":19,"column":null}},"4":{"start":{"line":8,"column":22},"end":{"line":8,"column":33}},"5":{"start":{"line":11,"column":26},"end":{"line":14,"column":6}},"6":{"start":{"line":15,"column":4},"end":{"line":15,"column":36}},"7":{"start":{"line":15,"column":24},"end":{"line":15,"column":36}},"8":{"start":{"line":16,"column":21},"end":{"line":16,"column":56}},"9":{"start":{"line":17,"column":4},"end":{"line":17,"column":61}},"10":{"start":{"line":17,"column":40},"end":{"line":17,"column":59}},"11":{"start":{"line":7,"column":13},"end":{"line":7,"column":23}},"12":{"start":{"line":7,"column":13},"end":{"line":19,"column":null}}},"fnMap":{"0":{"name":"(anonymous_2)","decl":{"start":{"line":8,"column":2},"end":{"line":8,"column":22}},"loc":{"start":{"line":8,"column":42},"end":{"line":8,"column":46}}},"1":{"name":"(anonymous_3)","decl":{"start":{"line":10,"column":2},"end":{"line":10,"column":13}},"loc":{"start":{"line":10,"column":39},"end":{"line":18,"column":3}}},"2":{"name":"(anonymous_4)","decl":{"start":{"line":17,"column":30},"end":{"line":17,"column":31}},"loc":{"start":{"line":17,"column":40},"end":{"line":17,"column":59}}}},"branchMap":{"0":{"loc":{"start":{"line":15,"column":4},"end":{"line":15,"column":36}},"type":"if","locations":[{"start":{"line":15,"column":4},"end":{"line":15,"column":36}},{"start":{},"end":{}}]},"1":{"loc":{"start":{"line":8,"column":33},"end":{"line":8,"column":45}},"type":"cond-expr","locations":[{"start":{"line":8,"column":42},"end":{"line":8,"column":45}},{"start":{"line":8,"column":42},"end":{"line":8,"column":45}}]},"2":{"loc":{"start":{"line":8,"column":33},"end":{"line":8,"column":42}},"type":"binary-expr","locations":[{"start":{"line":8,"column":33},"end":{"line":8,"column":45}},{"start":{"line":8,"column":33},"end":{"line":8,"column":42}}]}},"s":{"0":0,"1":0,"2":0,"3":0,"4":0,"5":0,"6":0,"7":0,"8":0,"9":0,"10":0,"11":0,"12":0},"f":{"0":0,"1":0,"2":0},"b":{"0":[0,0],"1":[0,0],"2":[0,0]}}
,"C:\\Users\\NuttawatSi\\Projects\\ebidding-final\\backend\\src\\config\\app.config.ts": {"path":"C:\\Users\\NuttawatSi\\Projects\\ebidding-final\\backend\\src\\config\\app.config.ts","statementMap":{"0":{"start":{"line":1,"column":29},"end":{"line":22,"column":1}},"1":{"start":{"line":2,"column":2},"end":{"line":4,"column":3}},"2":{"start":{"line":3,"column":4},"end":{"line":3,"column":67}},"3":{"start":{"line":5,"column":2},"end":{"line":7,"column":3}},"4":{"start":{"line":6,"column":4},"end":{"line":6,"column":77}},"5":{"start":{"line":8,"column":2},"end":{"line":21,"column":4}},"6":{"start":{"line":1,"column":13},"end":{"line":1,"column":29}}},"fnMap":{"0":{"name":"(anonymous_0)","decl":{"start":{"line":1,"column":29},"end":{"line":1,"column":32}},"loc":{"start":{"line":1,"column":34},"end":{"line":22,"column":1}}}},"branchMap":{"0":{"loc":{"start":{"line":2,"column":2},"end":{"line":4,"column":3}},"type":"if","locations":[{"start":{"line":2,"column":2},"end":{"line":4,"column":3}},{"start":{},"end":{}}]},"1":{"loc":{"start":{"line":5,"column":2},"end":{"line":7,"column":3}},"type":"if","locations":[{"start":{"line":5,"column":2},"end":{"line":7,"column":3}},{"start":{},"end":{}}]},"2":{"loc":{"start":{"line":9,"column":19},"end":{"line":9,"column":45}},"type":"binary-expr","locations":[{"start":{"line":9,"column":19},"end":{"line":9,"column":35}},{"start":{"line":9,"column":39},"end":{"line":9,"column":45}}]},"3":{"loc":{"start":{"line":12,"column":17},"end":{"line":12,"column":48}},"type":"binary-expr","locations":[{"start":{"line":12,"column":17},"end":{"line":12,"column":39}},{"start":{"line":12,"column":43},"end":{"line":12,"column":48}}]},"4":{"loc":{"start":{"line":16,"column":17},"end":{"line":16,"column":57}},"type":"binary-expr","locations":[{"start":{"line":16,"column":17},"end":{"line":16,"column":49}},{"start":{"line":16,"column":53},"end":{"line":16,"column":57}}]}},"s":{"0":1,"1":21,"2":0,"3":21,"4":0,"5":21,"6":1},"f":{"0":21},"b":{"0":[0,21],"1":[0,21],"2":[21,0],"3":[21,0],"4":[21,0]}}
,"C:\\Users\\NuttawatSi\\Projects\\ebidding-final\\backend\\src\\database\\prisma.module.ts": {"path":"C:\\Users\\NuttawatSi\\Projects\\ebidding-final\\backend\\src\\database\\prisma.module.ts","statementMap":{"0":{"start":{"line":1,"column":0},"end":{"line":1,"column":48}},"1":{"start":{"line":2,"column":0},"end":{"line":2,"column":49}},"2":{"start":{"line":9,"column":7},"end":{"line":9,"column":null}},"3":{"start":{"line":9,"column":13},"end":{"line":9,"column":25}},"4":{"start":{"line":9,"column":13},"end":{"line":9,"column":null}}},"fnMap":{},"branchMap":{},"s":{"0":0,"1":0,"2":0,"3":0,"4":0},"f":{},"b":{}}
,"C:\\Users\\NuttawatSi\\Projects\\ebidding-final\\backend\\src\\database\\prisma.service.ts": {"path":"C:\\Users\\NuttawatSi\\Projects\\ebidding-final\\backend\\src\\database\\prisma.service.ts","statementMap":{"0":{"start":{"line":1,"column":0},"end":{"line":1,"column":75}},"1":{"start":{"line":2,"column":0},"end":{"line":2,"column":46}},"2":{"start":{"line":5,"column":7},"end":{"line":13,"column":null}},"3":{"start":{"line":7,"column":4},"end":{"line":7,"column":26}},"4":{"start":{"line":11,"column":4},"end":{"line":11,"column":29}},"5":{"start":{"line":5,"column":13},"end":{"line":5,"column":26}},"6":{"start":{"line":5,"column":13},"end":{"line":13,"column":null}}},"fnMap":{"0":{"name":"(anonymous_1)","decl":{"start":{"line":6,"column":2},"end":{"line":6,"column":7}},"loc":{"start":{"line":6,"column":20},"end":{"line":8,"column":3}}},"1":{"name":"(anonymous_2)","decl":{"start":{"line":10,"column":2},"end":{"line":10,"column":7}},"loc":{"start":{"line":10,"column":23},"end":{"line":12,"column":3}}}},"branchMap":{},"s":{"0":9,"1":9,"2":9,"3":0,"4":0,"5":9,"6":9},"f":{"0":0,"1":0},"b":{}}
,"C:\\Users\\NuttawatSi\\Projects\\ebidding-final\\backend\\src\\modules\\ai\\ai.controller.ts": {"path":"C:\\Users\\NuttawatSi\\Projects\\ebidding-final\\backend\\src\\modules\\ai\\ai.controller.ts","statementMap":{"0":{"start":{"line":1,"column":0},"end":{"line":1,"column":67}},"1":{"start":{"line":2,"column":0},"end":{"line":2,"column":71}},"2":{"start":{"line":3,"column":0},"end":{"line":3,"column":41}},"3":{"start":{"line":4,"column":0},"end":{"line":4,"column":54}},"4":{"start":{"line":10,"column":7},"end":{"line":30,"column":null}},"5":{"start":{"line":11,"column":22},"end":{"line":11,"column":33}},"6":{"start":{"line":16,"column":4},"end":{"line":16,"column":48}},"7":{"start":{"line":28,"column":4},"end":{"line":28,"column":44}},"8":{"start":{"line":10,"column":13},"end":{"line":10,"column":25}},"9":{"start":{"line":15,"column":2},"end":{"line":17,"column":null}},"10":{"start":{"line":21,"column":2},"end":{"line":29,"column":null}},"11":{"start":{"line":10,"column":13},"end":{"line":30,"column":null}}},"fnMap":{"0":{"name":"(anonymous_4)","decl":{"start":{"line":11,"column":2},"end":{"line":11,"column":22}},"loc":{"start":{"line":11,"column":42},"end":{"line":11,"column":46}}},"1":{"name":"(anonymous_5)","decl":{"start":{"line":15,"column":2},"end":{"line":15,"column":10}},"loc":{"start":{"line":15,"column":102},"end":{"line":17,"column":3}}},"2":{"name":"(anonymous_6)","decl":{"start":{"line":21,"column":2},"end":{"line":21,"column":13}},"loc":{"start":{"line":27,"column":3},"end":{"line":29,"column":3}}}},"branchMap":{"0":{"loc":{"start":{"line":11,"column":33},"end":{"line":11,"column":45}},"type":"cond-expr","locations":[{"start":{"line":11,"column":42},"end":{"line":11,"column":45}},{"start":{"line":11,"column":42},"end":{"line":11,"column":45}}]},"1":{"loc":{"start":{"line":11,"column":33},"end":{"line":11,"column":42}},"type":"binary-expr","locations":[{"start":{"line":11,"column":33},"end":{"line":11,"column":45}},{"start":{"line":11,"column":33},"end":{"line":11,"column":42}}]}},"s":{"0":0,"1":0,"2":0,"3":0,"4":0,"5":0,"6":0,"7":0,"8":0,"9":0,"10":0,"11":0},"f":{"0":0,"1":0,"2":0},"b":{"0":[0,0],"1":[0,0]}}
,"C:\\Users\\NuttawatSi\\Projects\\ebidding-final\\backend\\src\\modules\\ai\\ai.module.ts": {"path":"C:\\Users\\NuttawatSi\\Projects\\ebidding-final\\backend\\src\\modules\\ai\\ai.module.ts","statementMap":{"0":{"start":{"line":1,"column":0},"end":{"line":1,"column":40}},"1":{"start":{"line":2,"column":0},"end":{"line":2,"column":46}},"2":{"start":{"line":3,"column":0},"end":{"line":3,"column":47}},"3":{"start":{"line":4,"column":0},"end":{"line":4,"column":41}},"4":{"start":{"line":11,"column":7},"end":{"line":11,"column":null}},"5":{"start":{"line":11,"column":13},"end":{"line":11,"column":21}},"6":{"start":{"line":11,"column":13},"end":{"line":11,"column":null}}},"fnMap":{},"branchMap":{},"s":{"0":0,"1":0,"2":0,"3":0,"4":0,"5":0,"6":0},"f":{},"b":{}}
,"C:\\Users\\NuttawatSi\\Projects\\ebidding-final\\backend\\src\\modules\\ai\\ai.service.ts": {"path":"C:\\Users\\NuttawatSi\\Projects\\ebidding-final\\backend\\src\\modules\\ai\\ai.service.ts","statementMap":{"0":{"start":{"line":1,"column":0},"end":{"line":1,"column":52}},"1":{"start":{"line":2,"column":0},"end":{"line":2,"column":47}},"2":{"start":{"line":31,"column":22},"end":{"line":305,"column":null}},"3":{"start":{"line":32,"column":28},"end":{"line":32,"column":54}},"4":{"start":{"line":38,"column":22},"end":{"line":38,"column":37}},"5":{"start":{"line":39,"column":4},"end":{"line":39,"column":76}},"6":{"start":{"line":40,"column":4},"end":{"line":40,"column":75}},"7":{"start":{"line":41,"column":4},"end":{"line":41,"column":95}},"8":{"start":{"line":42,"column":4},"end":{"line":42,"column":87}},"9":{"start":{"line":43,"column":4},"end":{"line":43,"column":53}},"10":{"start":{"line":47,"column":4},"end":{"line":49,"column":5}},"11":{"start":{"line":48,"column":6},"end":{"line":48,"column":44}},"12":{"start":{"line":50,"column":4},"end":{"line":50,"column":33}},"13":{"start":{"line":54,"column":4},"end":{"line":57,"column":5}},"14":{"start":{"line":55,"column":6},"end":{"line":55,"column":54}},"15":{"start":{"line":56,"column":6},"end":{"line":56,"column":51}},"16":{"start":{"line":59,"column":16},"end":{"line":59,"column":65}},"17":{"start":{"line":61,"column":21},"end":{"line":73,"column":6}},"18":{"start":{"line":75,"column":4},"end":{"line":79,"column":5}},"19":{"start":{"line":76,"column":20},"end":{"line":76,"column":41}},"20":{"start":{"line":77,"column":6},"end":{"line":77,"column":52}},"21":{"start":{"line":78,"column":6},"end":{"line":78,"column":63}},"22":{"start":{"line":81,"column":17},"end":{"line":81,"column":38}},"23":{"start":{"line":82,"column":4},"end":{"line":82,"column":43}},"24":{"start":{"line":86,"column":4},"end":{"line":89,"column":5}},"25":{"start":{"line":87,"column":6},"end":{"line":87,"column":63}},"26":{"start":{"line":88,"column":6},"end":{"line":88,"column":55}},"27":{"start":{"line":91,"column":4},"end":{"line":153,"column":5}},"28":{"start":{"line":92,"column":35},"end":{"line":98,"column":8}},"29":{"start":{"line":100,"column":6},"end":{"line":104,"column":7}},"30":{"start":{"line":101,"column":24},"end":{"line":101,"column":57}},"31":{"start":{"line":102,"column":8},"end":{"line":102,"column":101}},"32":{"start":{"line":103,"column":8},"end":{"line":103,"column":88}},"33":{"start":{"line":106,"column":23},"end":{"line":106,"column":56}},"34":{"start":{"line":107,"column":29},"end":{"line":107,"column":52}},"35":{"start":{"line":108,"column":20},"end":{"line":108,"column":34}},"36":{"start":{"line":110,"column":22},"end":{"line":110,"column":116}},"37":{"start":{"line":111,"column":30},"end":{"line":122,"column":8}},"38":{"start":{"line":124,"column":6},"end":{"line":126,"column":7}},"39":{"start":{"line":125,"column":8},"end":{"line":125,"column":74}},"40":{"start":{"line":128,"column":6},"end":{"line":128,"column":62}},"41":{"start":{"line":128,"column":35},"end":{"line":128,"column":60}},"42":{"start":{"line":130,"column":33},"end":{"line":134,"column":8}},"43":{"start":{"line":136,"column":6},"end":{"line":138,"column":7}},"44":{"start":{"line":137,"column":8},"end":{"line":137,"column":81}},"45":{"start":{"line":140,"column":29},"end":{"line":140,"column":60}},"46":{"start":{"line":141,"column":26},"end":{"line":142,"column":null}},"47":{"start":{"line":142,"column":20},"end":{"line":142,"column":86}},"48":{"start":{"line":145,"column":6},"end":{"line":147,"column":7}},"49":{"start":{"line":146,"column":8},"end":{"line":146,"column":56}},"50":{"start":{"line":149,"column":6},"end":{"line":149,"column":57}},"51":{"start":{"line":151,"column":6},"end":{"line":151,"column":58}},"52":{"start":{"line":152,"column":6},"end":{"line":152,"column":18}},"53":{"start":{"line":157,"column":4},"end":{"line":164,"column":5}},"54":{"start":{"line":158,"column":21},"end":{"line":158,"column":47}},"55":{"start":{"line":159,"column":18},"end":{"line":159,"column":43}},"56":{"start":{"line":160,"column":6},"end":{"line":160,"column":21}},"57":{"start":{"line":162,"column":6},"end":{"line":162,"column":62}},"58":{"start":{"line":163,"column":6},"end":{"line":163,"column":54}},"59":{"start":{"line":168,"column":4},"end":{"line":186,"column":41}},"60":{"start":{"line":190,"column":4},"end":{"line":197,"column":5}},"61":{"start":{"line":191,"column":21},"end":{"line":191,"column":49}},"62":{"start":{"line":192,"column":23},"end":{"line":192,"column":48}},"63":{"start":{"line":193,"column":6},"end":{"line":193,"column":54}},"64":{"start":{"line":195,"column":6},"end":{"line":195,"column":55}},"65":{"start":{"line":196,"column":6},"end":{"line":196,"column":41}},"66":{"start":{"line":201,"column":21},"end":{"line":201,"column":100}},"67":{"start":{"line":201,"column":60},"end":{"line":201,"column":65}},"68":{"start":{"line":202,"column":21},"end":{"line":202,"column":55}},"69":{"start":{"line":203,"column":21},"end":{"line":203,"column":55}},"70":{"start":{"line":205,"column":4},"end":{"line":231,"column":3}},"71":{"start":{"line":235,"column":4},"end":{"line":252,"column":5}},"72":{"start":{"line":236,"column":24},"end":{"line":236,"column":53}},"73":{"start":{"line":237,"column":6},"end":{"line":249,"column":7}},"74":{"start":{"line":238,"column":23},"end":{"line":238,"column":47}},"75":{"start":{"line":239,"column":8},"end":{"line":248,"column":10}},"76":{"start":{"line":251,"column":6},"end":{"line":251,"column":65}},"77":{"start":{"line":253,"column":4},"end":{"line":253,"column":39}},"78":{"start":{"line":257,"column":21},"end":{"line":257,"column":100}},"79":{"start":{"line":257,"column":60},"end":{"line":257,"column":65}},"80":{"start":{"line":258,"column":21},"end":{"line":258,"column":55}},"81":{"start":{"line":259,"column":21},"end":{"line":259,"column":55}},"82":{"start":{"line":260,"column":23},"end":{"line":260,"column":47}},"83":{"start":{"line":262,"column":23},"end":{"line":262,"column":84}},"84":{"start":{"line":263,"column":33},"end":{"line":263,"column":124}},"85":{"start":{"line":264,"column":23},"end":{"line":264,"column":94}},"86":{"start":{"line":266,"column":4},"end":{"line":278,"column":6}},"87":{"start":{"line":282,"column":4},"end":{"line":303,"column":21}},"88":{"start":{"line":31,"column":13},"end":{"line":31,"column":22}},"89":{"start":{"line":31,"column":13},"end":{"line":305,"column":null}}},"fnMap":{"0":{"name":"(anonymous_2)","decl":{"start":{"line":38,"column":2},"end":{"line":38,"column":22}},"loc":{"start":{"line":38,"column":50},"end":{"line":44,"column":3}}},"1":{"name":"(anonymous_3)","decl":{"start":{"line":46,"column":10},"end":{"line":46,"column":15}},"loc":{"start":{"line":46,"column":37},"end":{"line":51,"column":3}}},"2":{"name":"(anonymous_4)","decl":{"start":{"line":53,"column":10},"end":{"line":53,"column":15}},"loc":{"start":{"line":53,"column":39},"end":{"line":83,"column":3}}},"3":{"name":"(anonymous_5)","decl":{"start":{"line":85,"column":10},"end":{"line":85,"column":15}},"loc":{"start":{"line":85,"column":48},"end":{"line":154,"column":3}}},"4":{"name":"(anonymous_6)","decl":{"start":{"line":128,"column":24},"end":{"line":128,"column":31}},"loc":{"start":{"line":128,"column":35},"end":{"line":128,"column":60}}},"5":{"name":"(anonymous_7)","decl":{"start":{"line":142,"column":8},"end":{"line":142,"column":9}},"loc":{"start":{"line":142,"column":20},"end":{"line":142,"column":86}}},"6":{"name":"(anonymous_8)","decl":{"start":{"line":156,"column":2},"end":{"line":156,"column":7}},"loc":{"start":{"line":156,"column":34},"end":{"line":165,"column":3}}},"7":{"name":"(anonymous_9)","decl":{"start":{"line":167,"column":10},"end":{"line":167,"column":24}},"loc":{"start":{"line":167,"column":42},"end":{"line":187,"column":3}}},"8":{"name":"(anonymous_10)","decl":{"start":{"line":189,"column":2},"end":{"line":189,"column":7}},"loc":{"start":{"line":189,"column":45},"end":{"line":198,"column":3}}},"9":{"name":"(anonymous_11)","decl":{"start":{"line":200,"column":10},"end":{"line":200,"column":26}},"loc":{"start":{"line":200,"column":52},"end":{"line":232,"column":3}}},"10":{"name":"(anonymous_12)","decl":{"start":{"line":201,"column":50},"end":{"line":201,"column":51}},"loc":{"start":{"line":201,"column":60},"end":{"line":201,"column":65}}},"11":{"name":"(anonymous_13)","decl":{"start":{"line":234,"column":10},"end":{"line":234,"column":28}},"loc":{"start":{"line":234,"column":72},"end":{"line":254,"column":3}}},"12":{"name":"(anonymous_14)","decl":{"start":{"line":256,"column":10},"end":{"line":256,"column":25}},"loc":{"start":{"line":256,"column":51},"end":{"line":279,"column":3}}},"13":{"name":"(anonymous_15)","decl":{"start":{"line":257,"column":50},"end":{"line":257,"column":51}},"loc":{"start":{"line":257,"column":60},"end":{"line":257,"column":65}}},"14":{"name":"(anonymous_16)","decl":{"start":{"line":281,"column":10},"end":{"line":281,"column":29}},"loc":{"start":{"line":281,"column":47},"end":{"line":304,"column":3}}}},"branchMap":{"0":{"loc":{"start":{"line":39,"column":20},"end":{"line":39,"column":75}},"type":"binary-expr","locations":[{"start":{"line":39,"column":20},"end":{"line":39,"column":65}},{"start":{"line":39,"column":69},"end":{"line":39,"column":75}}]},"1":{"loc":{"start":{"line":40,"column":22},"end":{"line":40,"column":74}},"type":"binary-expr","locations":[{"start":{"line":40,"column":22},"end":{"line":40,"column":68}},{"start":{"line":40,"column":72},"end":{"line":40,"column":74}}]},"2":{"loc":{"start":{"line":41,"column":21},"end":{"line":41,"column":94}},"type":"binary-expr","locations":[{"start":{"line":41,"column":21},"end":{"line":41,"column":65}},{"start":{"line":41,"column":69},"end":{"line":41,"column":94}}]},"3":{"loc":{"start":{"line":42,"column":25},"end":{"line":42,"column":86}},"type":"binary-expr","locations":[{"start":{"line":42,"column":25},"end":{"line":42,"column":80}},{"start":{"line":42,"column":84},"end":{"line":42,"column":86}}]},"4":{"loc":{"start":{"line":47,"column":4},"end":{"line":49,"column":5}},"type":"if","locations":[{"start":{"line":47,"column":4},"end":{"line":49,"column":5}},{"start":{},"end":{}}]},"5":{"loc":{"start":{"line":47,"column":8},"end":{"line":47,"column":57}},"type":"binary-expr","locations":[{"start":{"line":47,"column":8},"end":{"line":47,"column":35}},{"start":{"line":47,"column":39},"end":{"line":47,"column":57}}]},"6":{"loc":{"start":{"line":54,"column":4},"end":{"line":57,"column":5}},"type":"if","locations":[{"start":{"line":54,"column":4},"end":{"line":57,"column":5}},{"start":{},"end":{}}]},"7":{"loc":{"start":{"line":75,"column":4},"end":{"line":79,"column":5}},"type":"if","locations":[{"start":{"line":75,"column":4},"end":{"line":79,"column":5}},{"start":{},"end":{}}]},"8":{"loc":{"start":{"line":86,"column":4},"end":{"line":89,"column":5}},"type":"if","locations":[{"start":{"line":86,"column":4},"end":{"line":89,"column":5}},{"start":{},"end":{}}]},"9":{"loc":{"start":{"line":100,"column":6},"end":{"line":104,"column":7}},"type":"if","locations":[{"start":{"line":100,"column":6},"end":{"line":104,"column":7}},{"start":{},"end":{}}]},"10":{"loc":{"start":{"line":124,"column":6},"end":{"line":126,"column":7}},"type":"if","locations":[{"start":{"line":124,"column":6},"end":{"line":126,"column":7}},{"start":{},"end":{}}]},"11":{"loc":{"start":{"line":136,"column":6},"end":{"line":138,"column":7}},"type":"if","locations":[{"start":{"line":136,"column":6},"end":{"line":138,"column":7}},{"start":{},"end":{}}]},"12":{"loc":{"start":{"line":142,"column":20},"end":{"line":142,"column":86}},"type":"binary-expr","locations":[{"start":{"line":142,"column":20},"end":{"line":142,"column":52}},{"start":{"line":142,"column":56},"end":{"line":142,"column":76}},{"start":{"line":142,"column":80},"end":{"line":142,"column":86}}]},"13":{"loc":{"start":{"line":145,"column":6},"end":{"line":147,"column":7}},"type":"if","locations":[{"start":{"line":145,"column":6},"end":{"line":147,"column":7}},{"start":{},"end":{}}]},"14":{"loc":{"start":{"line":145,"column":10},"end":{"line":145,"column":47}},"type":"binary-expr","locations":[{"start":{"line":145,"column":10},"end":{"line":145,"column":21}},{"start":{"line":145,"column":25},"end":{"line":145,"column":47}}]},"15":{"loc":{"start":{"line":173,"column":15},"end":{"line":173,"column":61}},"type":"binary-expr","locations":[{"start":{"line":173,"column":15},"end":{"line":173,"column":32}},{"start":{"line":173,"column":36},"end":{"line":173,"column":61}}]},"16":{"loc":{"start":{"line":210,"column":20},"end":{"line":210,"column":69}},"type":"binary-expr","locations":[{"start":{"line":210,"column":20},"end":{"line":210,"column":38}},{"start":{"line":210,"column":42},"end":{"line":210,"column":69}}]},"17":{"loc":{"start":{"line":237,"column":6},"end":{"line":249,"column":7}},"type":"if","locations":[{"start":{"line":237,"column":6},"end":{"line":249,"column":7}},{"start":{},"end":{}}]},"18":{"loc":{"start":{"line":240,"column":43},"end":{"line":240,"column":61}},"type":"binary-expr","locations":[{"start":{"line":240,"column":43},"end":{"line":240,"column":55}},{"start":{"line":240,"column":59},"end":{"line":240,"column":61}}]},"19":{"loc":{"start":{"line":241,"column":21},"end":{"line":241,"column":63}},"type":"binary-expr","locations":[{"start":{"line":241,"column":21},"end":{"line":241,"column":37}},{"start":{"line":241,"column":41},"end":{"line":241,"column":63}}]},"20":{"loc":{"start":{"line":243,"column":59},"end":{"line":243,"column":92}},"type":"binary-expr","locations":[{"start":{"line":243,"column":59},"end":{"line":243,"column":86}},{"start":{"line":243,"column":90},"end":{"line":243,"column":92}}]},"21":{"loc":{"start":{"line":244,"column":53},"end":{"line":244,"column":80}},"type":"binary-expr","locations":[{"start":{"line":244,"column":53},"end":{"line":244,"column":74}},{"start":{"line":244,"column":78},"end":{"line":244,"column":80}}]},"22":{"loc":{"start":{"line":245,"column":51},"end":{"line":245,"column":76}},"type":"binary-expr","locations":[{"start":{"line":245,"column":51},"end":{"line":245,"column":70}},{"start":{"line":245,"column":74},"end":{"line":245,"column":76}}]},"23":{"loc":{"start":{"line":246,"column":50},"end":{"line":246,"column":74}},"type":"binary-expr","locations":[{"start":{"line":246,"column":50},"end":{"line":246,"column":68}},{"start":{"line":246,"column":72},"end":{"line":246,"column":74}}]},"24":{"loc":{"start":{"line":260,"column":23},"end":{"line":260,"column":47}},"type":"binary-expr","locations":[{"start":{"line":260,"column":23},"end":{"line":260,"column":42}},{"start":{"line":260,"column":46},"end":{"line":260,"column":47}}]},"25":{"loc":{"start":{"line":263,"column":33},"end":{"line":263,"column":124}},"type":"cond-expr","locations":[{"start":{"line":263,"column":59},"end":{"line":263,"column":61}},{"start":{"line":263,"column":64},"end":{"line":263,"column":124}}]},"26":{"loc":{"start":{"line":271,"column":12},"end":{"line":271,"column":85}},"type":"cond-expr","locations":[{"start":{"line":271,"column":38},"end":{"line":271,"column":67}},{"start":{"line":271,"column":70},"end":{"line":271,"column":85}}]},"27":{"loc":{"start":{"line":287,"column":2},"end":{"line":287,"column":60}},"type":"cond-expr","locations":[{"start":{"line":287,"column":22},"end":{"line":287,"column":55}},{"start":{"line":287,"column":58},"end":{"line":287,"column":60}}]},"28":{"loc":{"start":{"line":38,"column":37},"end":{"line":38,"column":null}},"type":"cond-expr","locations":[{"start":{"line":38,"column":50},"end":{"line":38,"column":null}},{"start":{"line":38,"column":50},"end":{"line":38,"column":null}}]},"29":{"loc":{"start":{"line":38,"column":37},"end":{"line":38,"column":50}},"type":"binary-expr","locations":[{"start":{"line":38,"column":37},"end":{"line":38,"column":null}},{"start":{"line":38,"column":37},"end":{"line":38,"column":50}}]}},"s":{"0":0,"1":0,"2":0,"3":0,"4":0,"5":0,"6":0,"7":0,"8":0,"9":0,"10":0,"11":0,"12":0,"13":0,"14":0,"15":0,"16":0,"17":0,"18":0,"19":0,"20":0,"21":0,"22":0,"23":0,"24":0,"25":0,"26":0,"27":0,"28":0,"29":0,"30":0,"31":0,"32":0,"33":0,"34":0,"35":0,"36":0,"37":0,"38":0,"39":0,"40":0,"41":0,"42":0,"43":0,"44":0,"45":0,"46":0,"47":0,"48":0,"49":0,"50":0,"51":0,"52":0,"53":0,"54":0,"55":0,"56":0,"57":0,"58":0,"59":0,"60":0,"61":0,"62":0,"63":0,"64":0,"65":0,"66":0,"67":0,"68":0,"69":0,"70":0,"71":0,"72":0,"73":0,"74":0,"75":0,"76":0,"77":0,"78":0,"79":0,"80":0,"81":0,"82":0,"83":0,"84":0,"85":0,"86":0,"87":0,"88":0,"89":0},"f":{"0":0,"1":0,"2":0,"3":0,"4":0,"5":0,"6":0,"7":0,"8":0,"9":0,"10":0,"11":0,"12":0,"13":0,"14":0},"b":{"0":[0,0],"1":[0,0],"2":[0,0],"3":[0,0],"4":[0,0],"5":[0,0],"6":[0,0],"7":[0,0],"8":[0,0],"9":[0,0],"10":[0,0],"11":[0,0],"12":[0,0,0],"13":[0,0],"14":[0,0],"15":[0,0],"16":[0,0],"17":[0,0],"18":[0,0],"19":[0,0],"20":[0,0],"21":[0,0],"22":[0,0],"23":[0,0],"24":[0,0],"25":[0,0],"26":[0,0],"27":[0,0],"28":[0,0],"29":[0,0]}}
,"C:\\Users\\NuttawatSi\\Projects\\ebidding-final\\backend\\src\\modules\\analytics\\analytics.controller.ts": {"path":"C:\\Users\\NuttawatSi\\Projects\\ebidding-final\\backend\\src\\modules\\analytics\\analytics.controller.ts","statementMap":{"0":{"start":{"line":1,"column":0},"end":{"line":1,"column":69}},"1":{"start":{"line":2,"column":0},"end":{"line":2,"column":71}},"2":{"start":{"line":3,"column":0},"end":{"line":3,"column":55}},"3":{"start":{"line":4,"column":0},"end":{"line":4,"column":54}},"4":{"start":{"line":5,"column":0},"end":{"line":5,"column":64}},"5":{"start":{"line":6,"column":0},"end":{"line":6,"column":42}},"6":{"start":{"line":12,"column":7},"end":{"line":28,"column":null}},"7":{"start":{"line":13,"column":22},"end":{"line":13,"column":40}},"8":{"start":{"line":19,"column":4},"end":{"line":19,"column":65}},"9":{"start":{"line":26,"column":4},"end":{"line":26,"column":67}},"10":{"start":{"line":12,"column":13},"end":{"line":12,"column":32}},"11":{"start":{"line":18,"column":2},"end":{"line":20,"column":null}},"12":{"start":{"line":25,"column":2},"end":{"line":27,"column":null}},"13":{"start":{"line":12,"column":13},"end":{"line":28,"column":null}}},"fnMap":{"0":{"name":"(anonymous_4)","decl":{"start":{"line":13,"column":2},"end":{"line":13,"column":22}},"loc":{"start":{"line":13,"column":56},"end":{"line":13,"column":60}}},"1":{"name":"(anonymous_5)","decl":{"start":{"line":18,"column":2},"end":{"line":18,"column":20}},"loc":{"start":{"line":18,"column":40},"end":{"line":20,"column":3}}},"2":{"name":"(anonymous_6)","decl":{"start":{"line":25,"column":2},"end":{"line":25,"column":22}},"loc":{"start":{"line":25,"column":42},"end":{"line":27,"column":3}}}},"branchMap":{"0":{"loc":{"start":{"line":13,"column":40},"end":{"line":13,"column":59}},"type":"cond-expr","locations":[{"start":{"line":13,"column":56},"end":{"line":13,"column":59}},{"start":{"line":13,"column":56},"end":{"line":13,"column":59}}]},"1":{"loc":{"start":{"line":13,"column":40},"end":{"line":13,"column":56}},"type":"binary-expr","locations":[{"start":{"line":13,"column":40},"end":{"line":13,"column":59}},{"start":{"line":13,"column":40},"end":{"line":13,"column":56}}]}},"s":{"0":0,"1":0,"2":0,"3":0,"4":0,"5":0,"6":0,"7":0,"8":0,"9":0,"10":0,"11":0,"12":0,"13":0},"f":{"0":0,"1":0,"2":0},"b":{"0":[0,0],"1":[0,0]}}
,"C:\\Users\\NuttawatSi\\Projects\\ebidding-final\\backend\\src\\modules\\analytics\\analytics.module.ts": {"path":"C:\\Users\\NuttawatSi\\Projects\\ebidding-final\\backend\\src\\modules\\analytics\\analytics.module.ts","statementMap":{"0":{"start":{"line":1,"column":0},"end":{"line":1,"column":40}},"1":{"start":{"line":2,"column":0},"end":{"line":2,"column":55}},"2":{"start":{"line":3,"column":0},"end":{"line":3,"column":61}},"3":{"start":{"line":9,"column":7},"end":{"line":9,"column":null}},"4":{"start":{"line":9,"column":13},"end":{"line":9,"column":28}},"5":{"start":{"line":9,"column":13},"end":{"line":9,"column":null}}},"fnMap":{},"branchMap":{},"s":{"0":0,"1":0,"2":0,"3":0,"4":0,"5":0},"f":{},"b":{}}
,"C:\\Users\\NuttawatSi\\Projects\\ebidding-final\\backend\\src\\modules\\analytics\\analytics.service.ts": {"path":"C:\\Users\\NuttawatSi\\Projects\\ebidding-final\\backend\\src\\modules\\analytics\\analytics.service.ts","statementMap":{"0":{"start":{"line":1,"column":0},"end":{"line":1,"column":44}},"1":{"start":{"line":2,"column":0},"end":{"line":2,"column":62}},"2":{"start":{"line":6,"column":7},"end":{"line":130,"column":null}},"3":{"start":{"line":7,"column":22},"end":{"line":7,"column":30}},"4":{"start":{"line":10,"column":19},"end":{"line":13,"column":6}},"5":{"start":{"line":15,"column":4},"end":{"line":15,"column":29}},"6":{"start":{"line":15,"column":17},"end":{"line":15,"column":29}},"7":{"start":{"line":17,"column":62},"end":{"line":36,"column":6}},"8":{"start":{"line":38,"column":25},"end":{"line":38,"column":43}},"9":{"start":{"line":39,"column":26},"end":{"line":39,"column":91}},"10":{"start":{"line":39,"column":50},"end":{"line":39,"column":83}},"11":{"start":{"line":40,"column":26},"end":{"line":40,"column":91}},"12":{"start":{"line":40,"column":50},"end":{"line":40,"column":83}},"13":{"start":{"line":41,"column":25},"end":{"line":41,"column":89}},"14":{"start":{"line":41,"column":49},"end":{"line":41,"column":81}},"15":{"start":{"line":43,"column":28},"end":{"line":43,"column":46}},"16":{"start":{"line":44,"column":22},"end":{"line":44,"column":30}},"17":{"start":{"line":45,"column":21},"end":{"line":45,"column":119}},"18":{"start":{"line":45,"column":77},"end":{"line":45,"column":90}},"19":{"start":{"line":48,"column":27},"end":{"line":48,"column":72}},"20":{"start":{"line":48,"column":51},"end":{"line":48,"column":64}},"21":{"start":{"line":49,"column":20},"end":{"line":49,"column":104}},"22":{"start":{"line":51,"column":30},"end":{"line":56,"column":7}},"23":{"start":{"line":51,"column":64},"end":{"line":56,"column":6}},"24":{"start":{"line":58,"column":30},"end":{"line":64,"column":7}},"25":{"start":{"line":58,"column":64},"end":{"line":64,"column":6}},"26":{"start":{"line":66,"column":25},"end":{"line":72,"column":7}},"27":{"start":{"line":66,"column":47},"end":{"line":72,"column":6}},"28":{"start":{"line":74,"column":4},"end":{"line":89,"column":6}},"29":{"start":{"line":93,"column":19},"end":{"line":96,"column":6}},"30":{"start":{"line":98,"column":4},"end":{"line":98,"column":29}},"31":{"start":{"line":98,"column":17},"end":{"line":98,"column":29}},"32":{"start":{"line":100,"column":20},"end":{"line":104,"column":6}},"33":{"start":{"line":106,"column":76},"end":{"line":106,"column":78}},"34":{"start":{"line":107,"column":4},"end":{"line":112,"column":7}},"35":{"start":{"line":108,"column":20},"end":{"line":108,"column":59}},"36":{"start":{"line":109,"column":6},"end":{"line":109,"column":79}},"37":{"start":{"line":109,"column":33},"end":{"line":109,"column":79}},"38":{"start":{"line":110,"column":6},"end":{"line":110,"column":44}},"39":{"start":{"line":111,"column":6},"end":{"line":111,"column":35}},"40":{"start":{"line":114,"column":26},"end":{"line":118,"column":7}},"41":{"start":{"line":114,"column":80},"end":{"line":118,"column":6}},"42":{"start":{"line":120,"column":30},"end":{"line":126,"column":6}},"43":{"start":{"line":121,"column":52},"end":{"line":121,"column":65}},"44":{"start":{"line":122,"column":51},"end":{"line":122,"column":80}},"45":{"start":{"line":123,"column":51},"end":{"line":123,"column":80}},"46":{"start":{"line":124,"column":51},"end":{"line":124,"column":80}},"47":{"start":{"line":125,"column":54},"end":{"line":125,"column":66}},"48":{"start":{"line":128,"column":4},"end":{"line":128,"column":78}},"49":{"start":{"line":6,"column":13},"end":{"line":6,"column":29}},"50":{"start":{"line":6,"column":13},"end":{"line":130,"column":null}}},"fnMap":{"0":{"name":"(anonymous_2)","decl":{"start":{"line":7,"column":2},"end":{"line":7,"column":22}},"loc":{"start":{"line":7,"column":43},"end":{"line":7,"column":47}}},"1":{"name":"(anonymous_3)","decl":{"start":{"line":9,"column":2},"end":{"line":9,"column":7}},"loc":{"start":{"line":9,"column":41},"end":{"line":90,"column":3}}},"2":{"name":"(anonymous_4)","decl":{"start":{"line":39,"column":45},"end":{"line":39,"column":46}},"loc":{"start":{"line":39,"column":50},"end":{"line":39,"column":83}}},"3":{"name":"(anonymous_5)","decl":{"start":{"line":40,"column":45},"end":{"line":40,"column":46}},"loc":{"start":{"line":40,"column":50},"end":{"line":40,"column":83}}},"4":{"name":"(anonymous_6)","decl":{"start":{"line":41,"column":44},"end":{"line":41,"column":45}},"loc":{"start":{"line":41,"column":49},"end":{"line":41,"column":81}}},"5":{"name":"(anonymous_7)","decl":{"start":{"line":45,"column":65},"end":{"line":45,"column":66}},"loc":{"start":{"line":45,"column":77},"end":{"line":45,"column":90}}},"6":{"name":"(anonymous_8)","decl":{"start":{"line":48,"column":46},"end":{"line":48,"column":47}},"loc":{"start":{"line":48,"column":51},"end":{"line":48,"column":64}}},"7":{"name":"(anonymous_9)","decl":{"start":{"line":51,"column":58},"end":{"line":51,"column":59}},"loc":{"start":{"line":51,"column":64},"end":{"line":56,"column":6}}},"8":{"name":"(anonymous_10)","decl":{"start":{"line":58,"column":58},"end":{"line":58,"column":59}},"loc":{"start":{"line":58,"column":64},"end":{"line":64,"column":6}}},"9":{"name":"(anonymous_11)","decl":{"start":{"line":66,"column":41},"end":{"line":66,"column":42}},"loc":{"start":{"line":66,"column":47},"end":{"line":72,"column":6}}},"10":{"name":"(anonymous_12)","decl":{"start":{"line":92,"column":2},"end":{"line":92,"column":7}},"loc":{"start":{"line":92,"column":43},"end":{"line":129,"column":3}}},"11":{"name":"(anonymous_13)","decl":{"start":{"line":107,"column":20},"end":{"line":107,"column":21}},"loc":{"start":{"line":107,"column":24},"end":{"line":112,"column":5}}},"12":{"name":"(anonymous_14)","decl":{"start":{"line":114,"column":60},"end":{"line":114,"column":61}},"loc":{"start":{"line":114,"column":80},"end":{"line":118,"column":6}}},"13":{"name":"(anonymous_15)","decl":{"start":{"line":121,"column":47},"end":{"line":121,"column":48}},"loc":{"start":{"line":121,"column":52},"end":{"line":121,"column":65}}},"14":{"name":"(anonymous_16)","decl":{"start":{"line":122,"column":46},"end":{"line":122,"column":47}},"loc":{"start":{"line":122,"column":51},"end":{"line":122,"column":80}}},"15":{"name":"(anonymous_17)","decl":{"start":{"line":123,"column":46},"end":{"line":123,"column":47}},"loc":{"start":{"line":123,"column":51},"end":{"line":123,"column":80}}},"16":{"name":"(anonymous_18)","decl":{"start":{"line":124,"column":46},"end":{"line":124,"column":47}},"loc":{"start":{"line":124,"column":51},"end":{"line":124,"column":80}}},"17":{"name":"(anonymous_19)","decl":{"start":{"line":125,"column":49},"end":{"line":125,"column":50}},"loc":{"start":{"line":125,"column":54},"end":{"line":125,"column":66}}}},"branchMap":{"0":{"loc":{"start":{"line":15,"column":4},"end":{"line":15,"column":29}},"type":"if","locations":[{"start":{"line":15,"column":4},"end":{"line":15,"column":29}},{"start":{},"end":{}}]},"1":{"loc":{"start":{"line":45,"column":21},"end":{"line":45,"column":119}},"type":"cond-expr","locations":[{"start":{"line":45,"column":46},"end":{"line":45,"column":115}},{"start":{"line":45,"column":118},"end":{"line":45,"column":119}}]},"2":{"loc":{"start":{"line":49,"column":20},"end":{"line":49,"column":104}},"type":"cond-expr","locations":[{"start":{"line":49,"column":45},"end":{"line":49,"column":100}},{"start":{"line":49,"column":103},"end":{"line":49,"column":104}}]},"3":{"loc":{"start":{"line":98,"column":4},"end":{"line":98,"column":29}},"type":"if","locations":[{"start":{"line":98,"column":4},"end":{"line":98,"column":29}},{"start":{},"end":{}}]},"4":{"loc":{"start":{"line":109,"column":6},"end":{"line":109,"column":79}},"type":"if","locations":[{"start":{"line":109,"column":6},"end":{"line":109,"column":79}},{"start":{},"end":{}}]},"5":{"loc":{"start":{"line":122,"column":51},"end":{"line":122,"column":80}},"type":"binary-expr","locations":[{"start":{"line":122,"column":51},"end":{"line":122,"column":64}},{"start":{"line":122,"column":68},"end":{"line":122,"column":80}}]},"6":{"loc":{"start":{"line":123,"column":51},"end":{"line":123,"column":80}},"type":"binary-expr","locations":[{"start":{"line":123,"column":51},"end":{"line":123,"column":64}},{"start":{"line":123,"column":68},"end":{"line":123,"column":80}}]},"7":{"loc":{"start":{"line":124,"column":51},"end":{"line":124,"column":80}},"type":"binary-expr","locations":[{"start":{"line":124,"column":51},"end":{"line":124,"column":64}},{"start":{"line":124,"column":68},"end":{"line":124,"column":80}}]},"8":{"loc":{"start":{"line":7,"column":30},"end":{"line":7,"column":46}},"type":"cond-expr","locations":[{"start":{"line":7,"column":43},"end":{"line":7,"column":46}},{"start":{"line":7,"column":43},"end":{"line":7,"column":46}}]},"9":{"loc":{"start":{"line":7,"column":30},"end":{"line":7,"column":43}},"type":"binary-expr","locations":[{"start":{"line":7,"column":30},"end":{"line":7,"column":46}},{"start":{"line":7,"column":30},"end":{"line":7,"column":43}}]}},"s":{"0":0,"1":0,"2":0,"3":0,"4":0,"5":0,"6":0,"7":0,"8":0,"9":0,"10":0,"11":0,"12":0,"13":0,"14":0,"15":0,"16":0,"17":0,"18":0,"19":0,"20":0,"21":0,"22":0,"23":0,"24":0,"25":0,"26":0,"27":0,"28":0,"29":0,"30":0,"31":0,"32":0,"33":0,"34":0,"35":0,"36":0,"37":0,"38":0,"39":0,"40":0,"41":0,"42":0,"43":0,"44":0,"45":0,"46":0,"47":0,"48":0,"49":0,"50":0},"f":{"0":0,"1":0,"2":0,"3":0,"4":0,"5":0,"6":0,"7":0,"8":0,"9":0,"10":0,"11":0,"12":0,"13":0,"14":0,"15":0,"16":0,"17":0},"b":{"0":[0,0],"1":[0,0],"2":[0,0],"3":[0,0],"4":[0,0],"5":[0,0],"6":[0,0],"7":[0,0],"8":[0,0],"9":[0,0]}}
,"C:\\Users\\NuttawatSi\\Projects\\ebidding-final\\backend\\src\\modules\\approval\\approval.controller.ts": {"path":"C:\\Users\\NuttawatSi\\Projects\\ebidding-final\\backend\\src\\modules\\approval\\approval.controller.ts","statementMap":{"0":{"start":{"line":1,"column":0},"end":{"line":1,"column":88}},"1":{"start":{"line":2,"column":0},"end":{"line":2,"column":71}},"2":{"start":{"line":3,"column":0},"end":{"line":3,"column":53}},"3":{"start":{"line":4,"column":0},"end":{"line":4,"column":54}},"4":{"start":{"line":5,"column":0},"end":{"line":5,"column":64}},"5":{"start":{"line":6,"column":0},"end":{"line":6,"column":42}},"6":{"start":{"line":12,"column":7},"end":{"line":63,"column":null}},"7":{"start":{"line":13,"column":22},"end":{"line":13,"column":39}},"8":{"start":{"line":19,"column":4},"end":{"line":19,"column":78}},"9":{"start":{"line":26,"column":4},"end":{"line":26,"column":54}},"10":{"start":{"line":33,"column":4},"end":{"line":33,"column":82}},"11":{"start":{"line":40,"column":4},"end":{"line":40,"column":80}},"12":{"start":{"line":47,"column":4},"end":{"line":47,"column":80}},"13":{"start":{"line":54,"column":4},"end":{"line":54,"column":54}},"14":{"start":{"line":61,"column":4},"end":{"line":61,"column":64}},"15":{"start":{"line":12,"column":13},"end":{"line":12,"column":31}},"16":{"start":{"line":18,"column":2},"end":{"line":20,"column":null}},"17":{"start":{"line":25,"column":2},"end":{"line":27,"column":null}},"18":{"start":{"line":32,"column":2},"end":{"line":34,"column":null}},"19":{"start":{"line":39,"column":2},"end":{"line":41,"column":null}},"20":{"start":{"line":46,"column":2},"end":{"line":48,"column":null}},"21":{"start":{"line":53,"column":2},"end":{"line":55,"column":null}},"22":{"start":{"line":60,"column":2},"end":{"line":62,"column":null}},"23":{"start":{"line":12,"column":13},"end":{"line":63,"column":null}}},"fnMap":{"0":{"name":"(anonymous_4)","decl":{"start":{"line":13,"column":2},"end":{"line":13,"column":22}},"loc":{"start":{"line":13,"column":54},"end":{"line":13,"column":58}}},"1":{"name":"(anonymous_5)","decl":{"start":{"line":18,"column":2},"end":{"line":18,"column":8}},"loc":{"start":{"line":18,"column":75},"end":{"line":20,"column":3}}},"2":{"name":"(anonymous_6)","decl":{"start":{"line":25,"column":2},"end":{"line":25,"column":10}},"loc":{"start":{"line":25,"column":30},"end":{"line":27,"column":3}}},"3":{"name":"(anonymous_7)","decl":{"start":{"line":32,"column":2},"end":{"line":32,"column":9}},"loc":{"start":{"line":32,"column":112},"end":{"line":34,"column":3}}},"4":{"name":"(anonymous_8)","decl":{"start":{"line":39,"column":2},"end":{"line":39,"column":12}},"loc":{"start":{"line":39,"column":114},"end":{"line":41,"column":3}}},"5":{"name":"(anonymous_9)","decl":{"start":{"line":46,"column":2},"end":{"line":46,"column":8}},"loc":{"start":{"line":46,"column":110},"end":{"line":48,"column":3}}},"6":{"name":"(anonymous_10)","decl":{"start":{"line":53,"column":2},"end":{"line":53,"column":12}},"loc":{"start":{"line":53,"column":12},"end":{"line":55,"column":3}}},"7":{"name":"(anonymous_11)","decl":{"start":{"line":60,"column":2},"end":{"line":60,"column":10}},"loc":{"start":{"line":60,"column":56},"end":{"line":62,"column":3}}}},"branchMap":{"0":{"loc":{"start":{"line":13,"column":39},"end":{"line":13,"column":57}},"type":"cond-expr","locations":[{"start":{"line":13,"column":54},"end":{"line":13,"column":57}},{"start":{"line":13,"column":54},"end":{"line":13,"column":57}}]},"1":{"loc":{"start":{"line":13,"column":39},"end":{"line":13,"column":54}},"type":"binary-expr","locations":[{"start":{"line":13,"column":39},"end":{"line":13,"column":57}},{"start":{"line":13,"column":39},"end":{"line":13,"column":54}}]}},"s":{"0":0,"1":0,"2":0,"3":0,"4":0,"5":0,"6":0,"7":0,"8":0,"9":0,"10":0,"11":0,"12":0,"13":0,"14":0,"15":0,"16":0,"17":0,"18":0,"19":0,"20":0,"21":0,"22":0,"23":0},"f":{"0":0,"1":0,"2":0,"3":0,"4":0,"5":0,"6":0,"7":0},"b":{"0":[0,0],"1":[0,0]}}
,"C:\\Users\\NuttawatSi\\Projects\\ebidding-final\\backend\\src\\modules\\approval\\approval.module.ts": {"path":"C:\\Users\\NuttawatSi\\Projects\\ebidding-final\\backend\\src\\modules\\approval\\approval.module.ts","statementMap":{"0":{"start":{"line":1,"column":0},"end":{"line":1,"column":40}},"1":{"start":{"line":2,"column":0},"end":{"line":2,"column":59}},"2":{"start":{"line":3,"column":0},"end":{"line":3,"column":53}},"3":{"start":{"line":10,"column":7},"end":{"line":10,"column":null}},"4":{"start":{"line":10,"column":13},"end":{"line":10,"column":27}},"5":{"start":{"line":10,"column":13},"end":{"line":10,"column":null}}},"fnMap":{},"branchMap":{},"s":{"0":0,"1":0,"2":0,"3":0,"4":0,"5":0},"f":{},"b":{}}
,"C:\\Users\\NuttawatSi\\Projects\\ebidding-final\\backend\\src\\modules\\approval\\approval.service.ts": {"path":"C:\\Users\\NuttawatSi\\Projects\\ebidding-final\\backend\\src\\modules\\approval\\approval.service.ts","statementMap":{"0":{"start":{"line":1,"column":0},"end":{"line":1,"column":84}},"1":{"start":{"line":2,"column":0},"end":{"line":2,"column":62}},"2":{"start":{"line":3,"column":0},"end":{"line":3,"column":69}},"3":{"start":{"line":7,"column":7},"end":{"line":252,"column":null}},"4":{"start":{"line":8,"column":22},"end":{"line":8,"column":30}},"5":{"start":{"line":11,"column":24},"end":{"line":14,"column":6}},"6":{"start":{"line":15,"column":4},"end":{"line":15,"column":75}},"7":{"start":{"line":15,"column":22},"end":{"line":15,"column":75}},"8":{"start":{"line":18,"column":44},"end":{"line":18,"column":84}},"9":{"start":{"line":21,"column":4},"end":{"line":27,"column":5}},"10":{"start":{"line":22,"column":31},"end":{"line":25,"column":8}},"11":{"start":{"line":26,"column":6},"end":{"line":26,"column":56}},"12":{"start":{"line":30,"column":4},"end":{"line":40,"column":5}},"13":{"start":{"line":31,"column":27},"end":{"line":38,"column":8}},"14":{"start":{"line":39,"column":6},"end":{"line":39,"column":52}},"15":{"start":{"line":42,"column":4},"end":{"line":45,"column":7}},"16":{"start":{"line":47,"column":4},"end":{"line":47,"column":34}},"17":{"start":{"line":51,"column":24},"end":{"line":54,"column":6}},"18":{"start":{"line":55,"column":4},"end":{"line":55,"column":75}},"19":{"start":{"line":55,"column":22},"end":{"line":55,"column":75}},"20":{"start":{"line":56,"column":4},"end":{"line":58,"column":5}},"21":{"start":{"line":57,"column":6},"end":{"line":57,"column":82}},"22":{"start":{"line":61,"column":44},"end":{"line":61,"column":84}},"23":{"start":{"line":64,"column":4},"end":{"line":70,"column":5}},"24":{"start":{"line":65,"column":31},"end":{"line":68,"column":8}},"25":{"start":{"line":69,"column":6},"end":{"line":69,"column":56}},"26":{"start":{"line":73,"column":4},"end":{"line":83,"column":5}},"27":{"start":{"line":74,"column":27},"end":{"line":81,"column":8}},"28":{"start":{"line":82,"column":6},"end":{"line":82,"column":52}},"29":{"start":{"line":85,"column":4},"end":{"line":92,"column":7}},"30":{"start":{"line":94,"column":4},"end":{"line":96,"column":7}},"31":{"start":{"line":98,"column":4},"end":{"line":98,"column":64}},"32":{"start":{"line":102,"column":25},"end":{"line":118,"column":6}},"33":{"start":{"line":121,"column":16},"end":{"line":121,"column":26}},"34":{"start":{"line":122,"column":4},"end":{"line":127,"column":7}},"35":{"start":{"line":123,"column":27},"end":{"line":123,"column":107}},"36":{"start":{"line":124,"column":24},"end":{"line":124,"column":41}},"37":{"start":{"line":125,"column":30},"end":{"line":125,"column":135}},"38":{"start":{"line":126,"column":6},"end":{"line":126,"column":64}},"39":{"start":{"line":131,"column":24},"end":{"line":131,"column":98}},"40":{"start":{"line":132,"column":4},"end":{"line":132,"column":75}},"41":{"start":{"line":132,"column":22},"end":{"line":132,"column":75}},"42":{"start":{"line":133,"column":4},"end":{"line":133,"column":105}},"43":{"start":{"line":133,"column":51},"end":{"line":133,"column":105}},"44":{"start":{"line":135,"column":4},"end":{"line":137,"column":7}},"45":{"start":{"line":139,"column":20},"end":{"line":142,"column":6}},"46":{"start":{"line":144,"column":4},"end":{"line":146,"column":7}},"47":{"start":{"line":148,"column":4},"end":{"line":148,"column":19}},"48":{"start":{"line":152,"column":24},"end":{"line":152,"column":98}},"49":{"start":{"line":153,"column":4},"end":{"line":153,"column":75}},"50":{"start":{"line":153,"column":22},"end":{"line":153,"column":75}},"51":{"start":{"line":155,"column":4},"end":{"line":157,"column":7}},"52":{"start":{"line":159,"column":20},"end":{"line":162,"column":6}},"53":{"start":{"line":164,"column":4},"end":{"line":166,"column":7}},"54":{"start":{"line":168,"column":4},"end":{"line":168,"column":19}},"55":{"start":{"line":172,"column":24},"end":{"line":172,"column":98}},"56":{"start":{"line":173,"column":4},"end":{"line":173,"column":75}},"57":{"start":{"line":173,"column":22},"end":{"line":173,"column":75}},"58":{"start":{"line":175,"column":4},"end":{"line":177,"column":7}},"59":{"start":{"line":179,"column":20},"end":{"line":182,"column":6}},"60":{"start":{"line":184,"column":4},"end":{"line":186,"column":7}},"61":{"start":{"line":188,"column":4},"end":{"line":188,"column":19}},"62":{"start":{"line":192,"column":25},"end":{"line":197,"column":6}},"63":{"start":{"line":199,"column":16},"end":{"line":199,"column":26}},"64":{"start":{"line":200,"column":4},"end":{"line":210,"column":7}},"65":{"start":{"line":201,"column":27},"end":{"line":201,"column":107}},"66":{"start":{"line":202,"column":6},"end":{"line":202,"column":31}},"67":{"start":{"line":204,"column":27},"end":{"line":204,"column":107}},"68":{"start":{"line":205,"column":6},"end":{"line":209,"column":8}},"69":{"start":{"line":214,"column":24},"end":{"line":214,"column":98}},"70":{"start":{"line":215,"column":4},"end":{"line":215,"column":75}},"71":{"start":{"line":215,"column":22},"end":{"line":215,"column":75}},"72":{"start":{"line":216,"column":4},"end":{"line":216,"column":105}},"73":{"start":{"line":216,"column":51},"end":{"line":216,"column":105}},"74":{"start":{"line":218,"column":25},"end":{"line":218,"column":112}},"75":{"start":{"line":221,"column":19},"end":{"line":224,"column":6}},"76":{"start":{"line":226,"column":4},"end":{"line":238,"column":5}},"77":{"start":{"line":227,"column":6},"end":{"line":237,"column":9}},"78":{"start":{"line":241,"column":4},"end":{"line":248,"column":7}},"79":{"start":{"line":250,"column":4},"end":{"line":250,"column":78}},"80":{"start":{"line":7,"column":13},"end":{"line":7,"column":28}},"81":{"start":{"line":7,"column":13},"end":{"line":252,"column":null}}},"fnMap":{"0":{"name":"(anonymous_2)","decl":{"start":{"line":8,"column":2},"end":{"line":8,"column":22}},"loc":{"start":{"line":8,"column":43},"end":{"line":8,"column":47}}},"1":{"name":"(anonymous_3)","decl":{"start":{"line":10,"column":2},"end":{"line":10,"column":7}},"loc":{"start":{"line":10,"column":45},"end":{"line":48,"column":3}}},"2":{"name":"(anonymous_4)","decl":{"start":{"line":50,"column":2},"end":{"line":50,"column":7}},"loc":{"start":{"line":50,"column":63},"end":{"line":99,"column":3}}},"3":{"name":"(anonymous_5)","decl":{"start":{"line":101,"column":2},"end":{"line":101,"column":7}},"loc":{"start":{"line":101,"column":39},"end":{"line":128,"column":3}}},"4":{"name":"(anonymous_6)","decl":{"start":{"line":122,"column":28},"end":{"line":122,"column":29}},"loc":{"start":{"line":122,"column":32},"end":{"line":127,"column":5}}},"5":{"n
[...]
n":7},"end":{"line":47,"column":null}},"7":{"start":{"line":13,"column":22},"end":{"line":13,"column":37}},"8":{"start":{"line":19,"column":4},"end":{"line":19,"column":43}},"9":{"start":{"line":25,"column":4},"end":{"line":25,"column":70}},"10":{"start":{"line":31,"column":4},"end":{"line":31,"column":43}},"11":{"start":{"line":38,"column":4},"end":{"line":38,"column":47}},"12":{"start":{"line":45,"column":4},"end":{"line":45,"column":41}},"13":{"start":{"line":12,"column":13},"end":{"line":12,"column":29}},"14":{"start":{"line":18,"column":2},"end":{"line":20,"column":null}},"15":{"start":{"line":24,"column":2},"end":{"line":26,"column":null}},"16":{"start":{"line":30,"column":2},"end":{"line":32,"column":null}},"17":{"start":{"line":37,"column":2},"end":{"line":39,"column":null}},"18":{"start":{"line":44,"column":2},"end":{"line":46,"column":null}},"19":{"start":{"line":12,"column":13},"end":{"line":47,"column":null}}},"fnMap":{"0":{"name":"(anonymous_4)","decl":{"start":{"line":13,"column":2},"end":{"line":13,"column":22}},"loc":{"start":{"line":13,"column":50},"end":{"line":13,"column":54}}},"1":{"name":"(anonymous_5)","decl":{"start":{"line":18,"column":2},"end":{"line":18,"column":8}},"loc":{"start":{"line":18,"column":26},"end":{"line":20,"column":3}}},"2":{"name":"(anonymous_6)","decl":{"start":{"line":24,"column":2},"end":{"line":24,"column":9}},"loc":{"start":{"line":24,"column":104},"end":{"line":26,"column":3}}},"3":{"name":"(anonymous_7)","decl":{"start":{"line":30,"column":2},"end":{"line":30,"column":9}},"loc":{"start":{"line":30,"column":33},"end":{"line":32,"column":3}}},"4":{"name":"(anonymous_8)","decl":{"start":{"line":37,"column":2},"end":{"line":37,"column":8}},"loc":{"start":{"line":37,"column":51},"end":{"line":39,"column":3}}},"5":{"name":"(anonymous_9)","decl":{"start":{"line":44,"column":2},"end":{"line":44,"column":8}},"loc":{"start":{"line":44,"column":32},"end":{"line":46,"column":3}}}},"branchMap":{"0":{"loc":{"start":{"line":25,"column":38},"end":{"line":25,"column":47}},"type":"binary-expr","locations":[{"start":{"line":25,"column":38},"end":{"line":25,"column":42}},{"start":{"line":25,"column":46},"end":{"line":25,"column":47}}]},"1":{"loc":{"start":{"line":25,"column":49},"end":{"line":25,"column":60}},"type":"binary-expr","locations":[{"start":{"line":25,"column":49},"end":{"line":25,"column":54}},{"start":{"line":25,"column":58},"end":{"line":25,"column":60}}]},"2":{"loc":{"start":{"line":13,"column":37},"end":{"line":13,"column":53}},"type":"cond-expr","locations":[{"start":{"line":13,"column":50},"end":{"line":13,"column":53}},{"start":{"line":13,"column":50},"end":{"line":13,"column":53}}]},"3":{"loc":{"start":{"line":13,"column":37},"end":{"line":13,"column":50}},"type":"binary-expr","locations":[{"start":{"line":13,"column":37},"end":{"line":13,"column":53}},{"start":{"line":13,"column":37},"end":{"line":13,"column":50}}]}},"s":{"0":0,"1":0,"2":0,"3":0,"4":0,"5":0,"6":0,"7":0,"8":0,"9":0,"10":0,"11":0,"12":0,"13":0,"14":0,"15":0,"16":0,"17":0,"18":0,"19":0},"f":{"0":0,"1":0,"2":0,"3":0,"4":0,"5":0},"b":{"0":[0,0],"1":[0,0],"2":[0,0],"3":[0,0]}}
,"C:\\Users\\NuttawatSi\\Projects\\ebidding-final\\backend\\src\\modules\\vendor\\vendor.module.ts": {"path":"C:\\Users\\NuttawatSi\\Projects\\ebidding-final\\backend\\src\\modules\\vendor\\vendor.module.ts","statementMap":{"0":{"start":{"line":1,"column":0},"end":{"line":1,"column":40}},"1":{"start":{"line":2,"column":0},"end":{"line":2,"column":55}},"2":{"start":{"line":3,"column":0},"end":{"line":3,"column":49}},"3":{"start":{"line":10,"column":7},"end":{"line":10,"column":null}},"4":{"start":{"line":10,"column":13},"end":{"line":10,"column":25}},"5":{"start":{"line":10,"column":13},"end":{"line":10,"column":null}}},"fnMap":{},"branchMap":{},"s":{"0":0,"1":0,"2":0,"3":0,"4":0,"5":0},"f":{},"b":{}}
,"C:\\Users\\NuttawatSi\\Projects\\ebidding-final\\backend\\src\\modules\\vendor\\vendor.service.ts": {"path":"C:\\Users\\NuttawatSi\\Projects\\ebidding-final\\backend\\src\\modules\\vendor\\vendor.service.ts","statementMap":{"0":{"start":{"line":1,"column":0},"end":{"line":1,"column":82}},"1":{"start":{"line":2,"column":0},"end":{"line":2,"column":62}},"2":{"start":{"line":4,"column":0},"end":{"line":4,"column":35}},"3":{"start":{"line":7,"column":7},"end":{"line":90,"column":null}},"4":{"start":{"line":8,"column":22},"end":{"line":8,"column":30}},"5":{"start":{"line":20,"column":17},"end":{"line":20,"column":28}},"6":{"start":{"line":23,"column":4},"end":{"line":43,"column":5}},"7":{"start":{"line":24,"column":27},"end":{"line":26,"column":8}},"8":{"start":{"line":27,"column":6},"end":{"line":29,"column":7}},"9":{"start":{"line":28,"column":8},"end":{"line":28,"column":77}},"10":{"start":{"line":31,"column":23},"end":{"line":31,"column":51}},"11":{"start":{"line":32,"column":27},"end":{"line":32,"column":58}},"12":{"start":{"line":34,"column":19},"end":{"line":41,"column":8}},"13":{"start":{"line":42,"column":6},"end":{"line":42,"column":23}},"14":{"start":{"line":45,"column":4},"end":{"line":55,"column":7}},"15":{"start":{"line":59,"column":43},"end":{"line":61,"column":10}},"16":{"start":{"line":63,"column":29},"end":{"line":66,"column":6}},"17":{"start":{"line":67,"column":4},"end":{"line":67,"column":97}},"18":{"start":{"line":71,"column":19},"end":{"line":71,"column":137}},"19":{"start":{"line":72,"column":4},"end":{"line":72,"column":65}},"20":{"start":{"line":72,"column":17},"end":{"line":72,"column":65}},"21":{"start":{"line":73,"column":4},"end":{"line":73,"column":18}},"22":{"start":{"line":77,"column":4},"end":{"line":77,"column":62}},"23":{"start":{"line":81,"column":19},"end":{"line":81,"column":73}},"24":{"start":{"line":82,"column":4},"end":{"line":82,"column":65}},"25":{"start":{"line":82,"column":17},"end":{"line":82,"column":65}},"26":{"start":{"line":85,"column":4},"end":{"line":88,"column":7}},"27":{"start":{"line":7,"column":13},"end":{"line":7,"column":26}},"28":{"start":{"line":7,"column":13},"end":{"line":90,"column":null}}},"fnMap":{"0":{"name":"(anonymous_11)","decl":{"start":{"line":8,"column":2},"end":{"line":8,"column":22}},"loc":{"start":{"line":8,"column":43},"end":{"line":8,"column":47}}},"1":{"name":"(anonymous_12)","decl":{"start":{"line":10,"column":2},"end":{"line":10,"column":7}},"loc":{"start":{"line":19,"column":3},"end":{"line":56,"column":3}}},"2":{"name":"(anonymous_13)","decl":{"start":{"line":58,"column":2},"end":{"line":58,"column":7}},"loc":{"start":{"line":58,"column":53},"end":{"line":68,"column":3}}},"3":{"name":"(anonymous_14)","decl":{"start":{"line":70,"column":2},"end":{"line":70,"column":7}},"loc":{"start":{"line":70,"column":27},"end":{"line":74,"column":3}}},"4":{"name":"(anonymous_15)","decl":{"start":{"line":76,"column":2},"end":{"line":76,"column":7}},"loc":{"start":{"line":76,"column":57},"end":{"line":78,"column":3}}},"5":{"name":"(anonymous_16)","decl":{"start":{"line":80,"column":2},"end":{"line":80,"column":7}},"loc":{"start":{"line":80,"column":25},"end":{"line":89,"column":3}}}},"branchMap":{"0":{"loc":{"start":{"line":23,"column":4},"end":{"line":43,"column":5}},"type":"if","locations":[{"start":{"line":23,"column":4},"end":{"line":43,"column":5}},{"start":{},"end":{}}]},"1":{"loc":{"start":{"line":27,"column":6},"end":{"line":29,"column":7}},"type":"if","locations":[{"start":{"line":27,"column":6},"end":{"line":29,"column":7}},{"start":{},"end":{}}]},"2":{"loc":{"start":{"line":31,"column":23},"end":{"line":31,"column":51}},"type":"binary-expr","locations":[{"start":{"line":31,"column":23},"end":{"line":31,"column":36}},{"start":{"line":31,"column":40},"end":{"line":31,"column":51}}]},"3":{"loc":{"start":{"line":58,"column":16},"end":{"line":58,"column":24}},"type":"default-arg","locations":[{"start":{"line":58,"column":23},"end":{"line":58,"column":24}}]},"4":{"loc":{"start":{"line":58,"column":26},"end":{"line":58,"column":36}},"type":"default-arg","locations":[{"start":{"line":58,"column":34},"end":{"line":58,"column":36}}]},"5":{"loc":{"start":{"line":59,"column":43},"end":{"line":61,"column":10}},"type":"cond-expr","locations":[{"start":{"line":60,"column":8},"end":{"line":60,"column":136}},{"start":{"line":61,"column":8},"end":{"line":61,"column":10}}]},"6":{"loc":{"start":{"line":72,"column":4},"end":{"line":72,"column":65}},"type":"if","locations":[{"start":{"line":72,"column":4},"end":{"line":72,"column":65}},{"start":{},"end":{}}]},"7":{"loc":{"start":{"line":82,"column":4},"end":{"line":82,"column":65}},"type":"if","locations":[{"start":{"line":82,"column":4},"end":{"line":82,"column":65}},{"start":{},"end":{}}]},"8":{"loc":{"start":{"line":8,"column":30},"end":{"line":8,"column":46}},"type":"cond-expr","locations":[{"start":{"line":8,"column":43},"end":{"line":8,"column":46}},{"start":{"line":8,"column":43},"end":{"line":8,"column":46}}]},"9":{"loc":{"start":{"line":8,"column":30},"end":{"line":8,"column":43}},"type":"binary-expr","locations":[{"start":{"line":8,"column":30},"end":{"line":8,"column":46}},{"start":{"line":8,"column":30},"end":{"line":8,"column":43}}]}},"s":{"0":1,"1":1,"2":1,"3":1,"4":10,"5":3,"6":3,"7":2,"8":2,"9":1,"10":1,"11":1,"12":1,"13":1,"14":2,"15":2,"16":2,"17":2,"18":2,"19":2,"20":1,"21":1,"22":1,"23":2,"24":2,"25":1,"26":1,"27":1,"28":1},"f":{"0":10,"1":3,"2":2,"3":2,"4":1,"5":2},"b":{"0":[2,1],"1":[1,1],"2":[1,1],"3":[0],"4":[0],"5":[1,1],"6":[1,1],"7":[1,1],"8":[1,0],"9":[1,1]}}
,"C:\\Users\\NuttawatSi\\Projects\\ebidding-final\\backend\\src\\modules\\vendor-invitation\\vendor-invitation.controller.ts": {"path":"C:\\Users\\NuttawatSi\\Projects\\ebidding-final\\backend\\src\\modules\\vendor-invitation\\vendor-invitation.controller.ts","statementMap":{"0":{"start":{"line":1,"column":0},"end":{"line":1,"column":93}},"1":{"start":{"line":2,"column":0},"end":{"line":2,"column":71}},"2":{"start":{"line":3,"column":0},"end":{"line":3,"column":70}},"3":{"start":{"line":4,"column":0},"end":{"line":4,"column":54}},"4":{"start":{"line":5,"column":0},"end":{"line":5,"column":64}},"5":{"start":{"line":6,"column":0},"end":{"line":6,"column":42}},"6":{"start":{"line":12,"column":7},"end":{"line":55,"column":null}},"7":{"start":{"line":13,"column":22},"end":{"line":13,"column":41}},"8":{"start":{"line":19,"column":4},"end":{"line":19,"column":105}},"9":{"start":{"line":26,"column":4},"end":{"line":26,"column":44}},"10":{"start":{"line":33,"column":4},"end":{"line":33,"column":67}},"11":{"start":{"line":39,"column":4},"end":{"line":39,"column":65}},"12":{"start":{"line":46,"column":4},"end":{"line":46,"column":58}},"13":{"start":{"line":53,"column":4},"end":{"line":53,"column":59}},"14":{"start":{"line":12,"column":13},"end":{"line":12,"column":39}},"15":{"start":{"line":18,"column":2},"end":{"line":20,"column":null}},"16":{"start":{"line":25,"column":2},"end":{"line":27,"column":null}},"17":{"start":{"line":32,"column":2},"end":{"line":34,"column":null}},"18":{"start":{"line":38,"column":2},"end":{"line":40,"column":null}},"19":{"start":{"line":45,"column":2},"end":{"line":47,"column":null}},"20":{"start":{"line":52,"column":2},"end":{"line":54,"column":null}},"21":{"start":{"line":12,"column":13},"end":{"line":55,"column":null}}},"fnMap":{"0":{"name":"(anonymous_4)","decl":{"start":{"line":13,"column":2},"end":{"line":13,"column":22}},"loc":{"start":{"line":13,"column":64},"end":{"line":13,"column":68}}},"1":{"name":"(anonymous_5)","decl":{"start":{"line":18,"column":2},"end":{"line":18,"column":8}},"loc":{"start":{"line":18,"column":109},"end":{"line":20,"column":3}}},"2":{"name":"(anonymous_6)","decl":{"start":{"line":25,"column":2},"end":{"line":25,"column":9}},"loc":{"start":{"line":25,"column":9},"end":{"line":27,"column":3}}},"3":{"name":"(anonymous_7)","decl":{"start":{"line":32,"column":2},"end":{"line":32,"column":19}},"loc":{"start":{"line":32,"column":65},"end":{"line":34,"column":3}}},"4":{"name":"(anonymous_8)","decl":{"start":{"line":38,"column":2},"end":{"line":38,"column":15}},"loc":{"start":{"line":38,"column":35},"end":{"line":40,"column":3}}},"5":{"name":"(anonymous_9)","decl":{"start":{"line":45,"column":2},"end":{"line":45,"column":8}},"loc":{"start":{"line":45,"column":53},"end":{"line":47,"column":3}}},"6":{"name":"(anonymous_10)","decl":{"start":{"line":52,"column":2},"end":{"line":52,"column":9}},"loc":{"start":{"line":52,"column":54},"end":{"line":54,"column":3}}}},"branchMap":{"0":{"loc":{"start":{"line":13,"column":41},"end":{"line":13,"column":67}},"type":"cond-expr","locations":[{"start":{"line":13,"column":64},"end":{"line":13,"column":67}},{"start":{"line":13,"column":64},"end":{"line":13,"column":67}}]},"1":{"loc":{"start":{"line":13,"column":41},"end":{"line":13,"column":64}},"type":"binary-expr","locations":[{"start":{"line":13,"column":41},"end":{"line":13,"column":67}},{"start":{"line":13,"column":41},"end":{"line":13,"column":64}}]}},"s":{"0":0,"1":0,"2":0,"3":0,"4":0,"5":0,"6":0,"7":0,"8":0,"9":0,"10":0,"11":0,"12":0,"13":0,"14":0,"15":0,"16":0,"17":0,"18":0,"19":0,"20":0,"21":0},"f":{"0":0,"1":0,"2":0,"3":0,"4":0,"5":0,"6":0},"b":{"0":[0,0],"1":[0,0]}}
,"C:\\Users\\NuttawatSi\\Projects\\ebidding-final\\backend\\src\\modules\\vendor-invitation\\vendor-invitation.module.ts": {"path":"C:\\Users\\NuttawatSi\\Projects\\ebidding-final\\backend\\src\\modules\\vendor-invitation\\vendor-invitation.module.ts","statementMap":{"0":{"start":{"line":1,"column":0},"end":{"line":1,"column":40}},"1":{"start":{"line":2,"column":0},"end":{"line":2,"column":76}},"2":{"start":{"line":3,"column":0},"end":{"line":3,"column":70}},"3":{"start":{"line":10,"column":7},"end":{"line":10,"column":null}},"4":{"start":{"line":10,"column":13},"end":{"line":10,"column":35}},"5":{"start":{"line":10,"column":13},"end":{"line":10,"column":null}}},"fnMap":{},"branchMap":{},"s":{"0":0,"1":0,"2":0,"3":0,"4":0,"5":0},"f":{},"b":{}}
,"C:\\Users\\NuttawatSi\\Projects\\ebidding-final\\backend\\src\\modules\\vendor-invitation\\vendor-invitation.service.ts": {"path":"C:\\Users\\NuttawatSi\\Projects\\ebidding-final\\backend\\src\\modules\\vendor-invitation\\vendor-invitation.service.ts","statementMap":{"0":{"start":{"line":1,"column":0},"end":{"line":1,"column":84}},"1":{"start":{"line":2,"column":0},"end":{"line":2,"column":62}},"2":{"start":{"line":5,"column":7},"end":{"line":94,"column":null}},"3":{"start":{"line":6,"column":22},"end":{"line":6,"column":30}},"4":{"start":{"line":9,"column":24},"end":{"line":19,"column":null}},"5":{"start":{"line":11,"column":8},"end":{"line":18,"column":10}},"6":{"start":{"line":22,"column":4},"end":{"line":32,"column":5}},"7":{"start":{"line":23,"column":6},"end":{"line":31,"column":9}},"8":{"start":{"line":34,"column":4},"end":{"line":34,"column":23}},"9":{"start":{"line":38,"column":4},"end":{"line":41,"column":7}},"10":{"start":{"line":45,"column":4},"end":{"line":51,"column":7}},"11":{"start":{"line":55,"column":4},"end":{"line":61,"column":7}},"12":{"start":{"line":65,"column":23},"end":{"line":65,"column":87}},"13":{"start":{"line":66,"column":4},"end":{"line":66,"column":73}},"14":{"start":{"line":66,"column":21},"end":{"line":66,"column":73}},"15":{"start":{"line":67,"column":4},"end":{"line":67,"column":110}},"16":{"start":{"line":67,"column":51},"end":{"line":67,"column":110}},"17":{"start":{"line":69,"column":19},"end":{"line":69,"column":77}},"18":{"start":{"line":70,"column":4},"end":{"line":72,"column":5}},"19":{"start":{"line":71,"column":6},"end":{"line":71,"column":79}},"20":{"start":{"line":74,"column":4},"end":{"line":77,"column":7}},"21":{"start":{"line":81,"column":23},"end":{"line":81,"column":87}},"22":{"start":{"line":82,"column":4},"end":{"line":82,"column":73}},"23":{"start":{"line":82,"column":21},"end":{"line":82,"column":73}},"24":{"start":{"line":84,"column":19},"end":{"line":84,"column":77}},"25":{"start":{"line":85,"column":4},"end":{"line":87,"column":5}},"26":{"start":{"line":86,"column":6},"end":{"line":86,"column":79}},"27":{"start":{"line":89,"column":4},"end":{"line":92,"column":7}},"28":{"start":{"line":5,"column":13},"end":{"line":5,"column":36}},"29":{"start":{"line":5,"column":13},"end":{"line":94,"column":null}}},"fnMap":{"0":{"name":"(anonymous_2)","decl":{"start":{"line":6,"column":2},"end":{"line":6,"column":22}},"loc":{"start":{"line":6,"column":43},"end":{"line":6,"column":47}}},"1":{"name":"(anonymous_3)","decl":{"start":{"line":8,"column":2},"end":{"line":8,"column":7}},"loc":{"start":{"line":8,"column":92},"end":{"line":35,"column":3}}},"2":{"name":"(anonymous_4)","decl":{"start":{"line":10,"column":20},"end":{"line":10,"column":21}},"loc":{"start":{"line":11,"column":8},"end":{"line":18,"column":10}}},"3":{"name":"(anonymous_5)","decl":{"start":{"line":37,"column":2},"end":{"line":37,"column":7}},"loc":{"start":{"line":37,"column":47},"end":{"line":42,"column":3}}},"4":{"name":"(anonymous_6)","decl":{"start":{"line":44,"column":2},"end":{"line":44,"column":7}},"loc":{"start":{"line":44,"column":15},"end":{"line":52,"column":3}}},"5":{"name":"(anonymous_7)","decl":{"start":{"line":54,"column":2},"end":{"line":54,"column":7}},"loc":{"start":{"line":54,"column":40},"end":{"line":62,"column":3}}},"6":{"name":"(anonymous_8)","decl":{"start":{"line":64,"column":2},"end":{"line":64,"column":7}},"loc":{"start":{"line":64,"column":41},"end":{"line":78,"column":3}}},"7":{"name":"(anonymous_9)","decl":{"start":{"line":80,"column":2},"end":{"line":80,"column":7}},"loc":{"start":{"line":80,"column":42},"end":{"line":93,"column":3}}}},"branchMap":{"0":{"loc":{"start":{"line":16,"column":22},"end":{"line":16,"column":58}},"type":"cond-expr","locations":[{"start":{"line":16,"column":33},"end":{"line":16,"column":51}},{"start":{"line":16,"column":54},"end":{"line":16,"column":58}}]},"1":{"loc":{"start":{"line":66,"column":4},"end":{"line":66,"column":73}},"type":"if","locations":[{"start":{"line":66,"column":4},"end":{"line":66,"column":73}},{"start":{},"end":{}}]},"2":{"loc":{"start":{"line":67,"column":4},"end":{"line":67,"column":110}},"type":"if","locations":[{"start":{"line":67,"column":4},"end":{"line":67,"column":110}},{"start":{},"end":{}}]},"3":{"loc":{"start":{"line":70,"column":4},"end":{"line":72,"column":5}},"type":"if","locations":[{"start":{"line":70,"column":4},"end":{"line":72,"column":5}},{"start":{},"end":{}}]},"4":{"loc":{"start":{"line":70,"column":8},"end":{"line":70,"column":52}},"type":"binary-expr","locations":[{"start":{"line":70,"column":8},"end":{"line":70,"column":15}},{"start":{"line":70,"column":19},"end":{"line":70,"column":52}}]},"5":{"loc":{"start":{"line":82,"column":4},"end":{"line":82,"column":73}},"type":"if","locations":[{"start":{"line":82,"column":4},"end":{"line":82,"column":73}},{"start":{},"end":{}}]},"6":{"loc":{"start":{"line":85,"column":4},"end":{"line":87,"column":5}},"type":"if","locations":[{"start":{"line":85,"column":4},"end":{"line":87,"column":5}},{"start":{},"end":{}}]},"7":{"loc":{"start":{"line":85,"column":8},"end":{"line":85,"column":52}},"type":"binary-expr","locations":[{"start":{"line":85,"column":8},"end":{"line":85,"column":15}},{"start":{"line":85,"column":19},"end":{"line":85,"column":52}}]},"8":{"loc":{"start":{"line":6,"column":30},"end":{"line":6,"column":46}},"type":"cond-expr","locations":[{"start":{"line":6,"column":43},"end":{"line":6,"column":46}},{"start":{"line":6,"column":43},"end":{"line":6,"column":46}}]},"9":{"loc":{"start":{"line":6,"column":30},"end":{"line":6,"column":43}},"type":"binary-expr","locations":[{"start":{"line":6,"column":30},"end":{"line":6,"column":46}},{"start":{"line":6,"column":30},"end":{"line":6,"column":43}}]}},"s":{"0":0,"1":0,"2":0,"3":0,"4":0,"5":0,"6":0,"7":0,"8":0,"9":0,"10":0,"11":0,"12":0,"13":0,"14":0,"15":0,"16":0,"17":0,"18":0,"19":0,"20":0,"21":0,"22":0,"23":0,"24":0,"25":0,"26":0,"27":0,"28":0,"29":0},"f":{"0":0,"1":0,"2":0,"3":0,"4":0,"5":0,"6":0,"7":0},"b":{"0":[0,0],"1":[0,0],"2":[0,0],"3":[0,0],"4":[0,0],"5":[0,0],"6":[0,0],"7":[0,0],"8":[0,0],"9":[0,0]}}
}
