TN:
SF:src\app.controller.ts
FN:6,(anonymous_2)
FN:9,(anonymous_3)
FNF:2
FNH:2
FNDA:1,(anonymous_2)
FNDA:1,(anonymous_3)
DA:1,1
DA:2,1
DA:5,1
DA:6,1
DA:9,1
DA:10,1
LF:6
LH:6
BRDA:6,0,0,1
BRDA:6,0,1,0
BRDA:6,1,0,1
BRDA:6,1,1,1
BRF:4
BRH:3
end_of_record
TN:
SF:src\app.module.ts
FN:35,(anonymous_1)
FN:66,(anonymous_2)
FN:68,(anonymous_3)
FNF:3
FNH:0
FNDA:0,(anonymous_1)
FNDA:0,(anonymous_2)
FNDA:0,(anonymous_3)
DA:1,0
DA:2,0
DA:3,0
DA:4,0
DA:5,0
DA:6,0
DA:7,0
DA:8,0
DA:9,0
DA:10,0
DA:11,0
DA:12,0
DA:13,0
DA:14,0
DA:15,0
DA:16,0
DA:17,0
DA:18,0
DA:19,0
DA:20,0
DA:21,0
DA:22,0
DA:23,0
DA:24,0
DA:25,0
DA:26,0
DA:27,0
DA:28,0
DA:35,0
DA:67,0
DA:68,0
DA:74,0
LF:32
LH:0
BRF:0
BRH:0
end_of_record
TN:
SF:src\app.service.ts
FN:5,(anonymous_1)
FNF:1
FNH:1
FNDA:1,(anonymous_1)
DA:1,1
DA:4,1
DA:6,1
LF:3
LH:3
BRF:0
BRH:0
end_of_record
TN:
SF:src\main.ts
FN:7,bootstrap
FN:17,(anonymous_2)
FNF:2
FNH:0
FNDA:0,bootstrap
FNDA:0,(anonymous_2)
DA:1,0
DA:2,0
DA:3,0
DA:4,0
DA:5,0
DA:8,0
DA:10,0
DA:13,0
DA:16,0
DA:18,0
DA:19,0
DA:21,0
DA:28,0
DA:38,0
DA:45,0
DA:46,0
DA:48,0
DA:49,0
DA:50,0
DA:51,0
DA:53,0
LF:21
LH:0
BRDA:18,0,0,0
BRDA:18,0,1,0
BRDA:18,1,0,0
BRDA:18,1,1,0
BRDA:18,1,2,0
BRDA:18,1,3,0
BRDA:18,1,4,0
BRDA:48,2,0,0
BRDA:48,2,1,0
BRF:9
BRH:0
end_of_record
TN:
SF:src\common\decorators\public.decorator.ts
FN:4,(anonymous_0)
FNF:1
FNH:0
FNDA:0,(anonymous_0)
DA:1,0
DA:3,0
DA:4,0
LF:3
LH:0
BRF:0
BRH:0
end_of_record
TN:
SF:src\common\decorators\roles.decorator.ts
FN:5,(anonymous_0)
FNF:1
FNH:0
FNDA:0,(anonymous_0)
DA:1,0
DA:4,0
DA:5,0
LF:3
LH:0
BRF:0
BRH:0
end_of_record
TN:
SF:src\common\dto\pagination.dto.ts
FN:6,(anonymous_2)
FN:12,(anonymous_3)
FN:35,(anonymous_4)
FN:39,(anonymous_5)
FNF:4
FNH:0
FNDA:0,(anonymous_2)
FNDA:0,(anonymous_3)
FNDA:0,(anonymous_4)
FNDA:0,(anonymous_5)
DA:1,0
DA:2,0
DA:4,0
DA:6,0
DA:9,0
DA:12,0
DA:16,0
DA:20,0
DA:24,0
DA:28,0
DA:32,0
DA:35,0
DA:36,0
DA:39,0
DA:40,0
LF:15
LH:0
BRDA:35,0,0,0
BRDA:35,0,1,0
BRDA:35,1,0,0
BRDA:35,1,1,0
BRDA:39,2,0,0
BRDA:39,2,1,0
BRDA:39,3,0,0
BRDA:39,3,1,0
BRF:8
BRH:0
end_of_record
TN:
SF:src\common\enums\index.ts
FN:1,(anonymous_0)
FN:2,(anonymous_1)
FN:3,(anonymous_2)
FN:4,(anonymous_3)
FN:5,(anonymous_4)
FN:6,(anonymous_5)
FN:7,(anonymous_6)
FN:8,(anonymous_7)
FN:9,(anonymous_8)
FN:62,getAllowedTransitions
FN:67,isValidTransition
FN:72,getFlowSteps
FNF:12
FNH:3
FNDA:0,(anonymous_0)
FNDA:0,(anonymous_1)
FNDA:0,(anonymous_2)
FNDA:0,(anonymous_3)
FNDA:0,(anonymous_4)
FNDA:0,(anonymous_5)
FNDA:0,(anonymous_6)
FNDA:0,(anonymous_7)
FNDA:0,(anonymous_8)
FNDA:17,getAllowedTransitions
FNDA:15,isValidTransition
FNDA:6,getFlowSteps
DA:1,2
DA:2,2
DA:3,2
DA:4,2
DA:5,2
DA:6,2
DA:7,2
DA:8,2
DA:9,2
DA:15,2
DA:62,2
DA:63,17
DA:67,2
DA:68,15
DA:72,2
DA:73,6
DA:74,2
DA:81,4
DA:82,2
DA:89,2
DA:97,2
DA:124,2
LF:22
LH:22
BRDA:63,0,0,17
BRDA:63,0,1,2
BRDA:73,1,0,2
BRDA:73,1,1,4
BRDA:81,2,0,2
BRDA:81,2,1,2
BRF:6
BRH:6
end_of_record
TN:
SF:src\common\gateway\notifications.gateway.ts
FN:35,(anonymous_4)
FN:40,(anonymous_5)
FN:63,(anonymous_6)
FN:75,(anonymous_7)
FN:80,(anonymous_8)
FN:84,(anonymous_9)
FN:87,(anonymous_10)
FN:93,(anonymous_11)
FN:97,(anonymous_12)
FN:101,(anonymous_13)
FN:105,(anonymous_14)
FN:106,(anonymous_15)
FN:17,(anonymous_16)
FNF:13
FNH:0
FNDA:0,(anonymous_4)
FNDA:0,(anonymous_5)
FNDA:0,(anonymous_6)
FNDA:0,(anonymous_7)
FNDA:0,(anonymous_8)
FNDA:0,(anonymous_9)
FNDA:0,(anonymous_10)
FNDA:0,(anonymous_11)
FNDA:0,(anonymous_12)
FNDA:0,(anonymous_13)
FNDA:0,(anonymous_14)
FNDA:0,(anonymous_15)
FNDA:0,(anonymous_16)
DA:1,0
DA:10,0
DA:11,0
DA:12,0
DA:13,0
DA:18,0
DA:19,0
DA:21,0
DA:29,0
DA:31,0
DA:33,0
DA:36,0
DA:37,0
DA:41,0
DA:42,0
DA:43,0
DA:44,0
DA:45,0
DA:47,0
DA:50,0
DA:51,0
DA:53,0
DA:54,0
DA:56,0
DA:57,0
DA:59,0
DA:64,0
DA:65,0
DA:66,0
DA:67,0
DA:68,0
DA:71,0
DA:75,0
DA:76,0
DA:80,0
DA:81,0
DA:85,0
DA:86,0
DA:87,0
DA:88,0
DA:94,0
DA:98,0
DA:102,0
DA:106,0
LF:44
LH:0
BRDA:42,0,0,0
BRDA:42,0,1,0
BRDA:43,1,0,0
BRDA:43,1,1,0
BRDA:53,2,0,0
BRDA:53,2,1,0
BRDA:65,3,0,0
BRDA:65,3,1,0
BRDA:65,4,0,0
BRDA:65,4,1,0
BRDA:67,5,0,0
BRDA:67,5,1,0
BRDA:86,6,0,0
BRDA:86,6,1,0
BRDA:31,7,0,0
BRDA:31,7,1,0
BRDA:31,8,0,0
BRDA:31,8,1,0
BRDA:75,9,0,0
BRDA:75,9,1,0
BRDA:75,10,0,0
BRDA:75,10,1,0
BRDA:80,11,0,0
BRDA:80,11,1,0
BRDA:80,12,0,0
BRDA:80,12,1,0
BRDA:18,13,0,0
BRDA:18,13,1,0
BRDA:18,14,0,0
BRDA:18,14,1,0
BRDA:18,14,2,0
BRDA:18,14,3,0
BRDA:18,14,4,0
BRDA:36,15,0,0
BRDA:36,15,1,0
BRDA:36,16,0,0
BRDA:36,16,1,0
BRDA:36,17,0,0
BRDA:36,17,1,0
BRDA:36,18,0,0
BRDA:36,18,1,0
BRF:41
BRH:0
end_of_record
TN:
SF:src\common\guards\roles.guard.ts
FN:8,(anonymous_2)
FN:10,(anonymous_3)
FN:17,(anonymous_4)
FNF:3
FNH:0
FNDA:0,(anonymous_2)
FNDA:0,(anonymous_3)
FNDA:0,(anonymous_4)
DA:1,0
DA:2,0
DA:4,0
DA:7,0
DA:8,0
DA:11,0
DA:15,0
DA:16,0
DA:17,0
LF:9
LH:0
BRDA:15,0,0,0
BRDA:15,0,1,0
BRDA:8,1,0,0
BRDA:8,1,1,0
BRDA:8,2,0,0
BRDA:8,2,1,0
BRF:6
BRH:0
end_of_record
TN:
SF:src\config\app.config.ts
FN:1,(anonymous_0)
FNF:1
FNH:1
FNDA:21,(anonymous_0)
DA:1,1
DA:2,21
DA:3,0
DA:5,21
DA:6,0
DA:8,21
LF:6
LH:4
BRDA:2,0,0,0
BRDA:2,0,1,21
BRDA:5,1,0,0
BRDA:5,1,1,21
BRDA:9,2,0,21
BRDA:9,2,1,0
BRDA:12,3,0,21
BRDA:12,3,1,0
BRDA:16,4,0,21
BRDA:16,4,1,0
BRF:10
BRH:5
end_of_record
TN:
SF:src\database\prisma.module.ts
FNF:0
FNH:0
DA:1,0
DA:2,0
DA:9,0
LF:3
LH:0
BRF:0
BRH:0
end_of_record
TN:
SF:src\database\prisma.service.ts
FN:6,(anonymous_1)
FN:10,(anonymous_2)
FNF:2
FNH:0
FNDA:0,(anonymous_1)
FNDA:0,(anonymous_2)
DA:1,9
DA:2,9
DA:5,9
DA:7,0
DA:11,0
LF:5
LH:3
BRF:0
BRH:0
end_of_record
TN:
SF:src\modules\ai\ai.controller.ts
FN:11,(anonymous_4)
FN:15,(anonymous_5)
FN:21,(anonymous_6)
FNF:3
FNH:0
FNDA:0,(anonymous_4)
FNDA:0,(anonymous_5)
FNDA:0,(anonymous_6)
DA:1,0
DA:2,0
DA:3,0
DA:4,0
DA:10,0
DA:11,0
DA:15,0
DA:16,0
DA:21,0
DA:28,0
LF:10
LH:0
BRDA:11,0,0,0
BRDA:11,0,1,0
BRDA:11,1,0,0
BRDA:11,1,1,0
BRF:4
BRH:0
end_of_record
TN:
SF:src\modules\ai\ai.module.ts
FNF:0
FNH:0
DA:1,0
DA:2,0
DA:3,0
DA:4,0
DA:11,0
LF:5
LH:0
BRF:0
BRH:0
end_of_record
TN:
SF:src\modules\ai\ai.service.ts
FN:38,(anonymous_2)
FN:46,(anonymous_3)
FN:53,(anonymous_4)
FN:85,(anonymous_5)
FN:128,(anonymous_6)
FN:142,(anonymous_7)
FN:156,(anonymous_8)
FN:167,(anonymous_9)
FN:189,(anonymous_10)
FN:200,(anonymous_11)
FN:201,(anonymous_12)
FN:234,(anonymous_13)
FN:256,(anonymous_14)
FN:257,(anonymous_15)
FN:281,(anonymous_16)
FNF:15
FNH:0
FNDA:0,(anonymous_2)
FNDA:0,(anonymous_3)
FNDA:0,(anonymous_4)
FNDA:0,(anonymous_5)
FNDA:0,(anonymous_6)
FNDA:0,(anonymous_7)
FNDA:0,(anonymous_8)
FNDA:0,(anonymous_9)
FNDA:0,(anonymous_10)
FNDA:0,(anonymous_11)
FNDA:0,(anonymous_12)
FNDA:0,(anonymous_13)
FNDA:0,(anonymous_14)
FNDA:0,(anonymous_15)
FNDA:0,(anonymous_16)
DA:1,0
DA:2,0
DA:31,0
DA:32,0
DA:38,0
DA:39,0
DA:40,0
DA:41,0
DA:42,0
DA:43,0
DA:47,0
DA:48,0
DA:50,0
DA:54,0
DA:55,0
DA:56,0
DA:59,0
DA:61,0
DA:75,0
DA:76,0
DA:77,0
DA:78,0
DA:81,0
DA:82,0
DA:86,0
DA:87,0
DA:88,0
DA:91,0
DA:92,0
DA:100,0
DA:101,0
DA:102,0
DA:103,0
DA:106,0
DA:107,0
DA:108,0
DA:110,0
DA:111,0
DA:124,0
DA:125,0
DA:128,0
DA:130,0
DA:136,0
DA:137,0
DA:140,0
DA:141,0
DA:142,0
DA:145,0
DA:146,0
DA:149,0
DA:151,0
DA:152,0
DA:157,0
DA:158,0
DA:159,0
DA:160,0
DA:162,0
DA:163,0
DA:168,0
DA:190,0
DA:191,0
DA:192,0
DA:193,0
DA:195,0
DA:196,0
DA:201,0
DA:202,0
DA:203,0
DA:205,0
DA:235,0
DA:236,0
DA:237,0
DA:238,0
DA:239,0
DA:251,0
DA:253,0
DA:257,0
DA:258,0
DA:259,0
DA:260,0
DA:262,0
DA:263,0
DA:264,0
DA:266,0
DA:282,0
LF:85
LH:0
BRDA:39,0,0,0
BRDA:39,0,1,0
BRDA:40,1,0,0
BRDA:40,1,1,0
BRDA:41,2,0,0
BRDA:41,2,1,0
BRDA:42,3,0,0
BRDA:42,3,1,0
BRDA:47,4,0,0
BRDA:47,4,1,0
BRDA:47,5,0,0
BRDA:47,5,1,0
BRDA:54,6,0,0
BRDA:54,6,1,0
BRDA:75,7,0,0
BRDA:75,7,1,0
BRDA:86,8,0,0
BRDA:86,8,1,0
BRDA:100,9,0,0
BRDA:100,9,1,0
BRDA:124,10,0,0
BRDA:124,10,1,0
BRDA:136,11,0,0
BRDA:136,11,1,0
BRDA:142,12,0,0
BRDA:142,12,1,0
BRDA:142,12,2,0
BRDA:145,13,0,0
BRDA:145,13,1,0
BRDA:145,14,0,0
BRDA:145,14,1,0
BRDA:173,15,0,0
BRDA:173,15,1,0
BRDA:210,16,0,0
BRDA:210,16,1,0
BRDA:237,17,0,0
BRDA:237,17,1,0
BRDA:240,18,0,0
BRDA:240,18,1,0
BRDA:241,19,0,0
BRDA:241,19,1,0
BRDA:243,20,0,0
BRDA:243,20,1,0
BRDA:244,21,0,0
BRDA:244,21,1,0
BRDA:245,22,0,0
BRDA:245,22,1,0
BRDA:246,23,0,0
BRDA:246,23,1,0
BRDA:260,24,0,0
BRDA:260,24,1,0
BRDA:263,25,0,0
BRDA:263,25,1,0
BRDA:271,26,0,0
BRDA:271,26,1,0
BRDA:287,27,0,0
BRDA:287,27,1,0
BRDA:38,28,0,0
BRDA:38,28,1,0
BRDA:38,29,0,0
BRDA:38,29,1,0
BRF:61
BRH:0
end_of_record
TN:
SF:src\modules\analytics\analytics.controller.ts
FN:13,(anonymous_4)
FN:18,(anonymous_5)
FN:25,(anonymous_6)
FNF:3
FNH:0
FNDA:0,(anonymous_4)
FNDA:0,(anonymous_5)
FNDA:0,(anonymous_6)
DA:1,0
DA:2,0
DA:3,0
DA:4,0
DA:5,0
DA:6,0
DA:12,0
DA:13,0
DA:18,0
DA:19,0
DA:25,0
DA:26,0
LF:12
LH:0
BRDA:13,0,0,0
BRDA:13,0,1,0
BRDA:13,1,0,0
BRDA:13,1,1,0
BRF:4
BRH:0
end_of_record
TN:
SF:src\modules\analytics\analytics.module.ts
FNF:0
FNH:0
DA:1,0
DA:2,0
DA:3,0
DA:9,0
LF:4
LH:0
BRF:0
BRH:0
end_of_record
TN:
SF:src\modules\analytics\analytics.service.ts
FN:7,(anonymous_2)
FN:9,(anonymous_3)
FN:39,(anonymous_4)
FN:40,(anonymous_5)
FN:41,(anonymous_6)
FN:45,(anonymous_7)
FN:48,(anonymous_8)
FN:51,(anonymous_9)
FN:58,(anonymous_10)
FN:66,(anonymous_11)
FN:92,(anonymous_12)
FN:107,(anonymous_13)
FN:114,(anonymous_14)
FN:121,(anonymous_15)
FN:122,(anonymous_16)
FN:123,(anonymous_17)
FN:124,(anonymous_18)
FN:125,(anonymous_19)
FNF:18
FNH:0
FNDA:0,(anonymous_2)
FNDA:0,(anonymous_3)
FNDA:0,(anonymous_4)
FNDA:0,(anonymous_5)
FNDA:0,(anonymous_6)
FNDA:0,(anonymous_7)
FNDA:0,(anonymous_8)
FNDA:0,(anonymous_9)
FNDA:0,(anonymous_10)
FNDA:0,(anonymous_11)
FNDA:0,(anonymous_12)
FNDA:0,(anonymous_13)
FNDA:0,(anonymous_14)
FNDA:0,(anonymous_15)
FNDA:0,(anonymous_16)
FNDA:0,(anonymous_17)
FNDA:0,(anonymous_18)
FNDA:0,(anonymous_19)
DA:1,0
DA:2,0
DA:6,0
DA:7,0
DA:10,0
DA:15,0
DA:17,0
DA:38,0
DA:39,0
DA:40,0
DA:41,0
DA:43,0
DA:44,0
DA:45,0
DA:48,0
DA:49,0
DA:51,0
DA:58,0
DA:66,0
DA:74,0
DA:93,0
DA:98,0
DA:100,0
DA:106,0
DA:107,0
DA:108,0
DA:109,0
DA:110,0
DA:111,0
DA:114,0
DA:120,0
DA:121,0
DA:122,0
DA:123,0
DA:124,0
DA:125,0
DA:128,0
LF:37
LH:0
BRDA:15,0,0,0
BRDA:15,0,1,0
BRDA:45,1,0,0
BRDA:45,1,1,0
BRDA:49,2,0,0
BRDA:49,2,1,0
BRDA:98,3,0,0
BRDA:98,3,1,0
BRDA:109,4,0,0
BRDA:109,4,1,0
BRDA:122,5,0,0
BRDA:122,5,1,0
BRDA:123,6,0,0
BRDA:123,6,1,0
BRDA:124,7,0,0
BRDA:124,7,1,0
BRDA:7,8,0,0
BRDA:7,8,1,0
BRDA:7,9,0,0
BRDA:7,9,1,0
BRF:20
BRH:0
end_of_record
TN:
SF:src\modules\approval\approval.controller.ts
FN:13,(anonymous_4)
FN:18,(anonymous_5)
FN:25,(anonymous_6)
FN:32,(anonymous_7)
FN:39,(anonymous_8)
FN:46,(anonymous_9)
FN:53,(anonymous_10)
FN:60,(anonymous_11)
FNF:8
FNH:0
FNDA:0,(anonymous_4)
FNDA:0,(anonymous_5)
FNDA:0,(anonymous_6)
FNDA:0,(anonymous_7)
FNDA:0,(anonymous_8)
FNDA:0,(anonymous_9)
FNDA:0,(anonymous_10)
FNDA:0,(anonymous_11)
DA:1,0
DA:2,0
DA:3,0
DA:4,0
DA:5,0
DA:6,0
DA:12,0
DA:13,0
DA:18,0
DA:19,0
DA:25,0
DA:26,0
DA:32,0
DA:33,0
DA:39,0
DA:40,0
DA:46,0
DA:47,0
DA:53,0
DA:54,0
DA:60,0
DA:61,0
LF:22
LH:0
BRDA:13,0,0,0
BRDA:13,0,1,0
BRDA:13,1,0,0
BRDA:13,1,1,0
BRF:4
BRH:0
end_of_record
TN:
SF:src\modules\approval\approval.module.ts
FNF:0
FNH:0
DA:1,0
DA:2,0
DA:3,0
DA:10,0
LF:4
LH:0
BRF:0
BRH:0
end_of_record
TN:
SF:src\modules\approval\approval.service.ts
FN:8,(anonymous_2)
FN:10,(anonymous_3)
FN:50,(anonymous_4)
FN:101,(anonymous_5)
FN:122,(anonymous_6)
FN:130,(anonymous_7)
FN:151,(anonymous_8)
FN:171,(anonymous_9)
FN:191,(anonymous_10)
FN:200,(anonymous_11)
FN:203,(anonymous_12)
FN:213,(anonymous_13)
FNF:12
FNH:12
FNDA:16,(anonymous_2)
FNDA:4,(anonymous_3)
FNDA:3,(anonymous_4)
FNDA:1,(anonymous_5)
FNDA:1,(anonymous_6)
FNDA:2,(anonymous_7)
FNDA:1,(anonymous_8)
FNDA:1,(anonymous_9)
FNDA:2,(anonymous_10)
FNDA:2,(anonymous_11)
FNDA:1,(anonymous_12)
FNDA:2,(anonymous_13)
DA:1,2
DA:2,2
DA:3,2
DA:7,2
DA:8,16
DA:11,4
DA:15,4
DA:18,3
DA:21,3
DA:22,2
DA:26,2
DA:30,3
DA:31,1
DA:39,1
DA:42,3
DA:47,3
DA:51,3
DA:55,3
DA:56,2
DA:57,1
DA:61,1
DA:64,1
DA:65,0
DA:69,0
DA:73,1
DA:74,0
DA:82,0
DA:85,1
DA:94,1
DA:98,1
DA:102,1
DA:121,1
DA:122,1
DA:123,1
DA:124,1
DA:125,1
DA:126,1
DA:131,2
DA:132,2
DA:133,2
DA:135,1
DA:139,1
DA:144,1
DA:148,1
DA:152,1
DA:153,1
DA:155,1
DA:159,1
DA:164,1
DA:168,1
DA:172,1
DA:173,1
DA:175,1
DA:179,1
DA:184,1
DA:188,1
DA:192,2
DA:199,2
DA:200,2
DA:201,2
DA:202,2
DA:204,1
DA:205,1
DA:214,2
DA:215,2
DA:216,2
DA:218,1
DA:221,1
DA:226,1
DA:227,1
DA:241,1
DA:250,1
LF:72
LH:68
BRDA:15,0,0,1
BRDA:15,0,1,3
BRDA:18,1,0,3
BRDA:18,1,1,2
BRDA:21,2,0,2
BRDA:21,2,1,1
BRDA:26,3,0,2
BRDA:26,3,1,1
BRDA:30,4,0,1
BRDA:30,4,1,2
BRDA:30,5,0,3
BRDA:30,5,1,1
BRDA:35,6,0,1
BRDA:35,6,1,0
BRDA:39,7,0,1
BRDA:39,7,1,0
BRDA:55,8,0,1
BRDA:55,8,1,2
BRDA:56,9,0,1
BRDA:56,9,1,1
BRDA:61,10,0,1
BRDA:61,10,1,0
BRDA:64,11,0,0
BRDA:64,11,1,1
BRDA:69,12,0,0
BRDA:69,12,1,0
BRDA:73,13,0,0
BRDA:73,13,1,1
BRDA:73,14,0,1
BRDA:73,14,1,0
BRDA:78,15,0,0
BRDA:78,15,1,0
BRDA:82,16,0,0
BRDA:82,16,1,0
BRDA:125,17,0,0
BRDA:125,17,1,1
BRDA:125,18,0,0
BRDA:125,18,1,1
BRDA:125,19,0,0
BRDA:125,19,1,1
BRDA:132,20,0,0
BRDA:132,20,1,2
BRDA:133,21,0,1
BRDA:133,21,1,1
BRDA:153,22,0,0
BRDA:153,22,1,1
BRDA:173,23,0,0
BRDA:173,23,1,1
BRDA:208,24,0,0
BRDA:208,24,1,1
BRDA:208,25,0,0
BRDA:208,25,1,1
BRDA:215,26,0,0
BRDA:215,26,1,2
BRDA:216,27,0,1
BRDA:216,27,1,1
BRDA:8,28,0,2
BRDA:8,28,1,0
BRDA:8,29,0,2
BRDA:8,29,1,2
BRF:60
BRH:38
end_of_record
TN:
SF:src\modules\audit\audit.controller.ts
FN:13,(anonymous_4)
FN:18,(anonymous_5)
FNF:2
FNH:0
FNDA:0,(anonymous_4)
FNDA:0,(anonymous_5)
DA:1,0
DA:2,0
DA:3,0
DA:4,0
DA:5,0
DA:6,0
DA:12,0
DA:13,0
DA:18,0
DA:19,0
LF:10
LH:0
BRDA:19,0,0,0
BRDA:19,0,1,0
BRDA:13,1,0,0
BRDA:13,1,1,0
BRDA:13,2,0,0
BRDA:13,2,1,0
BRF:6
BRH:0
end_of_record
TN:
SF:src\modules\audit\audit.module.ts
FNF:0
FNH:0
DA:1,0
DA:2,0
DA:3,0
DA:10,0
LF:4
LH:0
BRF:0
BRH:0
end_of_record
TN:
SF:src\modules\audit\audit.service.ts
FN:6,(anonymous_2)
FN:8,(anonymous_3)
FN:23,(anonymous_4)
FNF:3
FNH:0
FNDA:0,(anonymous_2)
FNDA:0,(anonymous_3)
FNDA:0,(anonymous_4)
DA:1,0
DA:2,0
DA:5,0
DA:6,0
DA:9,0
DA:24,0
DA:25,0
DA:29,0
LF:8
LH:0
BRDA:23,0,0,0
BRDA:23,1,0,0
BRDA:6,2,0,0
BRDA:6,2,1,0
BRDA:6,3,0,0
BRDA:6,3,1,0
BRF:6
BRH:0
end_of_record
TN:
SF:src\modules\auth\auth.controller.ts
FN:12,(anonymous_4)
FN:18,(anonymous_5)
FN:26,(anonymous_6)
FN:33,(anonymous_7)
FN:41,(anonymous_8)
FN:49,(anonymous_9)
FN:57,(anonymous_10)
FNF:7
FNH:0
FNDA:0,(anonymous_4)
FNDA:0,(anonymous_5)
FNDA:0,(anonymous_6)
FNDA:0,(anonymous_7)
FNDA:0,(anonymous_8)
FNDA:0,(anonymous_9)
FNDA:0,(anonymous_10)
DA:1,0
DA:2,0
DA:3,0
DA:4,0
DA:5,0
DA:6,0
DA:7,0
DA:11,0
DA:12,0
DA:18,0
DA:19,0
DA:26,0
DA:27,0
DA:33,0
DA:34,0
DA:41,0
DA:42,0
DA:49,0
DA:50,0
DA:57,0
DA:58,0
LF:21
LH:0
BRDA:18,0,0,0
BRDA:18,0,1,0
BRDA:18,1,0,0
BRDA:18,1,1,0
BRDA:26,2,0,0
BRDA:26,2,1,0
BRDA:26,3,0,0
BRDA:26,3,1,0
BRDA:12,4,0,0
BRDA:12,4,1,0
BRDA:12,5,0,0
BRDA:12,5,1,0
BRF:12
BRH:0
end_of_record
TN:
SF:src\modules\auth\auth.module.ts
FN:14,(anonymous_1)
FNF:1
FNH:0
FNDA:0,(anonymous_1)
DA:1,0
DA:2,0
DA:3,0
DA:4,0
DA:5,0
DA:6,0
DA:7,0
DA:14,0
DA:25,0
LF:9
LH:0
BRF:0
BRH:0
end_of_record
TN:
SF:src\modules\auth\auth.service.ts
FN:11,(anonymous_11)
FN:17,(anonymous_12)
FN:68,(anonymous_13)
FN:103,(anonymous_14)
FN:141,(anonymous_15)
FN:149,(anonymous_16)
FN:157,(anonymous_17)
FN:182,(anonymous_18)
FN:186,(anonymous_19)
FN:203,(anonymous_20)
FN:217,(anonymous_21)
FNF:11
FNH:9
FNDA:16,(anonymous_11)
FNDA:7,(anonymous_12)
FNDA:3,(anonymous_13)
FNDA:1,(anonymous_14)
FNDA:0,(anonymous_15)
FNDA:0,(anonymous_16)
FNDA:5,(anonymous_17)
FNDA:5,(anonymous_18)
FNDA:4,(anonymous_19)
FNDA:4,(anonymous_20)
FNDA:4,(anonymous_21)
DA:1,1
DA:2,1
DA:3,1
DA:4,1
DA:5,1
DA:6,1
DA:10,1
DA:12,16
DA:13,16
DA:14,16
DA:18,7
DA:22,7
DA:23,1
DA:26,6
DA:27,1
DA:30,5
DA:31,1
DA:34,4
DA:35,4
DA:36,3
DA:37,3
DA:39,3
DA:40,1
DA:43,3
DA:45,3
DA:49,1
DA:50,0
DA:53,1
DA:54,1
DA:56,1
DA:69,3
DA:71,3
DA:74,3
DA:75,1
DA:78,2
DA:79,2
DA:88,2
DA:89,2
DA:91,2
DA:104,1
DA:105,1
DA:109,1
DA:110,1
DA:114,1
DA:115,0
DA:118,1
DA:123,1
DA:128,1
DA:129,0
DA:132,1
DA:133,1
DA:135,1
DA:137,0
DA:142,0
DA:146,0
DA:150,0
DA:154,0
DA:158,5
DA:159,4
DA:161,1
DA:162,1
DA:164,1
DA:165,1
DA:167,1
DA:168,1
DA:174,1
DA:179,1
DA:183,5
DA:187,4
DA:188,4
DA:190,4
DA:195,4
DA:200,4
DA:204,4
DA:205,4
DA:206,4
DA:207,4
DA:208,4
DA:209,0
DA:210,0
DA:211,0
DA:212,4
DA:213,0
DA:218,4
DA:219,4
DA:220,4
DA:221,4
DA:222,4
DA:224,4
LF:89
LH:77
BRDA:22,0,0,1
BRDA:22,0,1,6
BRDA:26,1,0,1
BRDA:26,1,1,5
BRDA:30,2,0,1
BRDA:30,2,1,4
BRDA:30,3,0,5
BRDA:30,3,1,1
BRDA:35,4,0,3
BRDA:35,4,1,1
BRDA:39,5,0,1
BRDA:39,5,1,2
BRDA:49,6,0,0
BRDA:49,6,1,1
BRDA:74,7,0,1
BRDA:74,7,1,2
BRDA:84,8,0,2
BRDA:84,8,1,0
BRDA:114,9,0,0
BRDA:114,9,1,1
BRDA:114,10,0,1
BRDA:114,10,1,1
BRDA:114,10,2,1
BRDA:128,11,0,0
BRDA:128,11,1,1
BRDA:128,12,0,1
BRDA:128,12,1,1
BRDA:158,13,0,4
BRDA:158,13,1,1
BRDA:158,14,0,5
BRDA:158,14,1,5
BRDA:158,14,2,4
BRDA:162,15,0,0
BRDA:162,15,1,1
BRDA:165,16,0,0
BRDA:165,16,1,1
BRDA:205,17,0,0
BRDA:205,17,1,4
BRDA:208,18,0,0
BRDA:208,18,1,0
BRDA:208,18,2,0
BRDA:208,18,3,4
BRDA:208,18,4,0
BRDA:219,19,0,4
BRDA:219,19,1,0
BRDA:12,20,0,1
BRDA:12,20,1,0
BRDA:12,21,0,1
BRDA:12,21,1,1
BRDA:12,22,0,1
BRDA:12,22,1,0
BRDA:12,23,0,1
BRDA:12,23,1,1
BRDA:13,24,0,1
BRDA:13,24,1,0
BRDA:13,25,0,1
BRDA:13,25,1,1
BRF:57
BRH:42
end_of_record
TN:
SF:src\modules\auth\jwt-auth.guard.ts
FN:8,(anonymous_2)
FN:12,(anonymous_3)
FNF:2
FNH:0
FNDA:0,(anonymous_2)
FNDA:0,(anonymous_3)
DA:1,0
DA:2,0
DA:3,0
DA:4,0
DA:7,0
DA:8,0
DA:9,0
DA:13,0
DA:17,0
DA:18,0
LF:10
LH:0
BRDA:17,0,0,0
BRDA:17,0,1,0
BRDA:8,1,0,0
BRDA:8,1,1,0
BRDA:8,2,0,0
BRDA:8,2,1,0
BRF:6
BRH:0
end_of_record
TN:
SF:src\modules\auth\jwt.strategy.ts
FN:9,(anonymous_2)
FN:20,(anonymous_3)
FNF:2
FNH:0
FNDA:0,(anonymous_2)
FNDA:0,(anonymous_3)
DA:1,0
DA:2,0
DA:3,0
DA:4,0
DA:5,0
DA:8,0
DA:11,0
DA:13,0
DA:21,0
DA:26,0
DA:27,0
DA:30,0
LF:12
LH:0
BRDA:26,0,0,0
BRDA:26,0,1,0
BRDA:26,1,0,0
BRDA:26,1,1,0
BRDA:10,2,0,0
BRDA:10,2,1,0
BRDA:10,3,0,0
BRDA:10,3,1,0
BRDA:10,4,0,0
BRDA:10,4,1,0
BRDA:10,5,0,0
BRDA:10,5,1,0
BRF:12
BRH:0
end_of_record
TN:
SF:src\modules\auth\dto\auth.dto.ts
FNF:0
FNH:0
DA:1,0
DA:2,0
DA:4,0
DA:6,0
DA:13,0
DA:16,0
DA:18,0
DA:25,0
DA:28,0
DA:32,0
LF:10
LH:0
BRDA:32,0,0,0
BRDA:32,0,1,0
BRDA:32,1,0,0
BRDA:32,1,1,0
BRF:4
BRH:0
end_of_record
TN:
SF:src\modules\ebidding\ebidding.controller.ts
FN:13,(anonymous_4)
FN:18,(anonymous_5)
FN:25,(anonymous_6)
FN:32,(anonymous_7)
FN:39,(anonymous_8)
FN:45,(anonymous_9)
FN:51,(anonymous_10)
FN:58,(anonymous_11)
FN:65,(anonymous_12)
FN:72,(anonymous_13)
FN:79,(anonymous_14)
FNF:11
FNH:0
FNDA:0,(anonymous_4)
FNDA:0,(anonymous_5)
FNDA:0,(anonymous_6)
FNDA:0,(anonymous_7)
FNDA:0,(anonymous_8)
FNDA:0,(anonymous_9)
FNDA:0,(anonymous_10)
FNDA:0,(anonymous_11)
FNDA:0,(anonymous_12)
FNDA:0,(anonymous_13)
FNDA:0,(anonymous_14)
DA:1,0
DA:2,0
DA:3,0
DA:4,0
DA:5,0
DA:6,0
DA:12,0
DA:13,0
DA:18,0
DA:19,0
DA:25,0
DA:26,0
DA:32,0
DA:33,0
DA:39,0
DA:40,0
DA:45,0
DA:46,0
DA:51,0
DA:52,0
DA:58,0
DA:59,0
DA:65,0
DA:66,0
DA:72,0
DA:73,0
DA:79,0
DA:80,0
LF:28
LH:0
BRDA:13,0,0,0
BRDA:13,0,1,0
BRDA:13,1,0,0
BRDA:13,1,1,0
BRF:4
BRH:0
end_of_record
TN:
SF:src\modules\ebidding\ebidding.module.ts
FNF:0
FNH:0
DA:1,0
DA:2,0
DA:3,0
DA:10,0
LF:4
LH:0
BRF:0
BRH:0
end_of_record
TN:
SF:src\modules\ebidding\ebidding.service.ts
FN:6,(anonymous_2)
FN:8,(anonymous_3)
FN:21,(anonymous_4)
FN:45,(anonymous_5)
FN:64,(anonymous_6)
FN:75,(anonymous_7)
FN:115,(anonymous_8)
FN:128,(anonymous_9)
FN:130,(anonymous_10)
FN:140,(anonymous_11)
FN:148,(anonymous_12)
FN:156,(anonymous_13)
FN:166,(anonymous_14)
FN:186,(anonymous_15)
FNF:14
FNH:13
FNDA:28,(anonymous_2)
FNDA:5,(anonymous_3)
FNDA:3,(anonymous_4)
FNDA:3,(anonymous_5)
FNDA:2,(anonymous_6)
FNDA:7,(anonymous_7)
FNDA:2,(anonymous_8)
FNDA:1,(anonymous_9)
FNDA:1,(anonymous_10)
FNDA:2,(anonymous_11)
FNDA:0,(anonymous_12)
FNDA:2,(anonymous_13)
FNDA:2,(anonymous_14)
FNDA:5,(anonymous_15)
DA:1,1
DA:2,1
DA:5,1
DA:6,28
DA:9,5
DA:12,5
DA:13,5
DA:14,2
DA:15,2
DA:22,3
DA:24,2
DA:30,2
DA:35,2
DA:46,3
DA:47,3
DA:48,3
DA:50,2
DA:53,1
DA:58,1
DA:65,2
DA:66,2
DA:67,2
DA:69,1
DA:76,7
DA:77,7
DA:78,7
DA:80,6
DA:81,6
DA:84,5
DA:85,5
DA:86,1
DA:90,4
DA:91,1
DA:94,3
DA:97,3
DA:99,2
DA:103,2
DA:104,1
DA:110,1
DA:116,2
DA:117,2
DA:127,2
DA:128,1
DA:130,1
DA:137,1
DA:141,2
DA:144,2
DA:145,2
DA:149,0
DA:157,2
DA:158,2
DA:160,1
DA:167,2
DA:168,2
DA:170,1
DA:187,5
DA:188,5
DA:190,4
DA:191,4
DA:192,3
DA:194,2
DA:195,2
DA:197,1
LF:63
LH:62
BRDA:13,0,0,2
BRDA:13,0,1,3
BRDA:38,1,0,2
BRDA:38,1,1,1
BRDA:47,2,0,0
BRDA:47,2,1,3
BRDA:48,3,0,1
BRDA:48,3,1,2
BRDA:66,4,0,0
BRDA:66,4,1,2
BRDA:67,5,0,1
BRDA:67,5,1,1
BRDA:77,6,0,0
BRDA:77,6,1,7
BRDA:78,7,0,1
BRDA:78,7,1,6
BRDA:81,8,0,1
BRDA:81,8,1,5
BRDA:85,9,0,1
BRDA:85,9,1,4
BRDA:85,10,0,5
BRDA:85,10,1,5
BRDA:90,11,0,1
BRDA:90,11,1,3
BRDA:90,12,0,4
BRDA:90,12,1,1
BRDA:97,13,0,1
BRDA:97,13,1,2
BRDA:103,14,0,1
BRDA:103,14,1,1
BRDA:116,15,0,2
BRDA:116,15,1,1
BRDA:120,16,0,1
BRDA:120,16,1,1
BRDA:127,17,0,1
BRDA:127,17,1,1
BRDA:158,18,0,1
BRDA:158,18,1,1
BRDA:168,19,0,1
BRDA:168,19,1,1
BRDA:188,20,0,1
BRDA:188,20,1,4
BRDA:191,21,0,1
BRDA:191,21,1,3
BRDA:192,22,0,1
BRDA:192,22,1,2
BRDA:195,23,0,1
BRDA:195,23,1,1
BRDA:6,24,0,1
BRDA:6,24,1,0
BRDA:6,25,0,1
BRDA:6,25,1,1
BRF:52
BRH:48
end_of_record
TN:
SF:src\modules\evaluation\evaluation.controller.ts
FN:13,(anonymous_4)
FN:18,(anonymous_5)
FN:25,(anonymous_6)
FN:32,(anonymous_7)
FN:38,(anonymous_8)
FN:45,(anonymous_9)
FN:52,(anonymous_10)
FN:62,(anonymous_11)
FNF:8
FNH:0
FNDA:0,(anonymous_4)
FNDA:0,(anonymous_5)
FNDA:0,(anonymous_6)
FNDA:0,(anonymous_7)
FNDA:0,(anonymous_8)
FNDA:0,(anonymous_9)
FNDA:0,(anonymous_10)
FNDA:0,(anonymous_11)
DA:1,0
DA:2,0
DA:3,0
DA:4,0
DA:5,0
DA:6,0
DA:12,0
DA:13,0
DA:18,0
DA:19,0
DA:25,0
DA:26,0
DA:32,0
DA:33,0
DA:38,0
DA:39,0
DA:45,0
DA:46,0
DA:52,0
DA:57,0
DA:62,0
DA:63,0
LF:22
LH:0
BRDA:13,0,0,0
BRDA:13,0,1,0
BRDA:13,1,0,0
BRDA:13,1,1,0
BRF:4
BRH:0
end_of_record
TN:
SF:src\modules\evaluation\evaluation.module.ts
FNF:0
FNH:0
DA:1,0
DA:2,0
DA:3,0
DA:10,0
LF:4
LH:0
BRF:0
BRH:0
end_of_record
TN:
SF:src\modules\evaluation\evaluation.service.ts
FN:6,(anonymous_2)
FN:8,(anonymous_3)
FN:12,(anonymous_4)
FN:31,(anonymous_5)
FN:43,(anonymous_6)
FN:65,(anonymous_7)
FN:75,(anonymous_8)
FN:88,(anonymous_9)
FN:89,(anonymous_10)
FN:96,(anonymous_11)
FN:98,(anonymous_12)
FN:120,(anonymous_13)
FNF:12
FNH:12
FNDA:11,(anonymous_2)
FNDA:1,(anonymous_3)
FNDA:2,(anonymous_4)
FNDA:1,(anonymous_5)
FNDA:3,(anonymous_6)
FNDA:1,(anonymous_7)
FNDA:3,(anonymous_8)
FNDA:4,(anonymous_9)
FNDA:4,(anonymous_10)
FNDA:1,(anonymous_11)
FNDA:1,(anonymous_12)
FNDA:2,(anonymous_13)
DA:1,1
DA:2,1
DA:5,1
DA:6,11
DA:9,1
DA:11,1
DA:13,2
DA:23,1
DA:28,1
DA:32,1
DA:44,3
DA:47,3
DA:49,2
DA:53,2
DA:54,1
DA:60,1
DA:66,1
DA:76,3
DA:80,3
DA:81,3
DA:82,4
DA:83,4
DA:86,3
DA:87,3
DA:88,4
DA:89,4
DA:90,3
DA:93,3
DA:97,1
DA:98,1
DA:100,1
DA:121,2
LF:32
LH:32
BRDA:47,0,0,1
BRDA:47,0,1,2
BRDA:53,1,0,1
BRDA:53,1,1,1
BRDA:82,2,0,3
BRDA:82,2,1,1
BRDA:98,3,0,1
BRDA:98,3,1,0
BRDA:6,4,0,1
BRDA:6,4,1,0
BRDA:6,5,0,1
BRDA:6,5,1,1
BRF:12
BRH:10
end_of_record
TN:
SF:src\modules\files\files.controller.ts
FN:12,(anonymous_13)
FN:18,(anonymous_14)
FN:24,(anonymous_15)
FN:30,(anonymous_16)
FN:51,(anonymous_17)
FNF:5
FNH:0
FNDA:0,(anonymous_13)
FNDA:0,(anonymous_14)
FNDA:0,(anonymous_15)
FNDA:0,(anonymous_16)
FNDA:0,(anonymous_17)
DA:1,0
DA:2,0
DA:3,0
DA:4,0
DA:6,0
DA:11,0
DA:12,0
DA:18,0
DA:19,0
DA:24,0
DA:25,0
DA:30,0
DA:31,0
DA:32,0
DA:34,0
DA:35,0
DA:36,0
DA:37,0
DA:39,0
DA:40,0
DA:41,0
DA:43,0
DA:45,0
DA:51,0
DA:52,0
DA:53,0
DA:54,0
LF:27
LH:0
BRDA:32,0,0,0
BRDA:32,0,1,0
BRDA:34,1,0,0
BRDA:34,1,1,0
BRDA:35,2,0,0
BRDA:35,2,1,0
BRDA:36,3,0,0
BRDA:36,3,1,0
BRDA:53,4,0,0
BRDA:53,4,1,0
BRDA:18,5,0,0
BRDA:18,5,1,0
BRDA:18,6,0,0
BRDA:18,6,1,0
BRDA:18,6,2,0
BRDA:12,7,0,0
BRDA:12,7,1,0
BRDA:12,8,0,0
BRDA:12,8,1,0
BRF:19
BRH:0
end_of_record
TN:
SF:src\modules\files\files.module.ts
FN:11,(anonymous_1)
FNF:1
FNH:0
FNDA:0,(anonymous_1)
DA:1,0
DA:2,0
DA:3,0
DA:4,0
DA:12,0
DA:13,0
DA:14,0
DA:22,0
LF:8
LH:0
BRF:0
BRH:0
end_of_record
TN:
SF:src\modules\files\files.service.ts
FN:24,(anonymous_11)
FN:26,(anonymous_12)
FN:56,(anonymous_13)
FN:63,(anonymous_14)
FN:71,(anonymous_15)
FNF:5
FNH:4
FNDA:11,(anonymous_11)
FNDA:5,(anonymous_12)
FNDA:3,(anonymous_13)
FNDA:0,(anonymous_14)
FNDA:3,(anonymous_15)
DA:1,1
DA:2,1
DA:3,1
DA:4,1
DA:6,1
DA:20,1
DA:23,1
DA:24,11
DA:27,5
DA:28,4
DA:29,1
DA:31,3
DA:32,1
DA:35,2
DA:36,2
DA:38,2
DA:39,2
DA:40,2
DA:41,2
DA:42,2
DA:43,2
DA:45,2
DA:57,3
DA:58,3
DA:59,2
DA:60,1
DA:64,0
DA:72,3
DA:73,3
DA:74,2
DA:75,1
DA:76,1
DA:77,1
LF:33
LH:32
BRDA:27,0,0,1
BRDA:27,0,1,4
BRDA:28,1,0,1
BRDA:28,1,1,3
BRDA:31,2,0,1
BRDA:31,2,1,2
BRDA:36,3,0,2
BRDA:36,3,1,0
BRDA:58,4,0,1
BRDA:58,4,1,2
BRDA:59,5,0,1
BRDA:59,5,1,1
BRDA:59,6,0,2
BRDA:59,6,1,2
BRDA:73,7,0,1
BRDA:73,7,1,2
BRDA:74,8,0,1
BRDA:74,8,1,1
BRDA:74,9,0,2
BRDA:74,9,1,2
BRDA:75,10,0,1
BRDA:75,10,1,0
BRDA:24,11,0,1
BRDA:24,11,1,0
BRDA:24,12,0,1
BRDA:24,12,1,1
BRF:26
BRH:23
end_of_record
TN:
SF:src\modules\health\health.controller.ts
FN:10,(anonymous_2)
FN:14,(anonymous_3)
FNF:2
FNH:0
FNDA:0,(anonymous_2)
FNDA:0,(anonymous_3)
DA:1,0
DA:2,0
DA:3,0
DA:4,0
DA:9,0
DA:10,0
DA:14,0
DA:15,0
LF:8
LH:0
BRDA:10,0,0,0
BRDA:10,0,1,0
BRDA:10,1,0,0
BRDA:10,1,1,0
BRF:4
BRH:0
end_of_record
TN:
SF:src\modules\health\health.module.ts
FNF:0
FNH:0
DA:1,0
DA:2,0
DA:3,0
DA:9,0
LF:4
LH:0
BRF:0
BRH:0
end_of_record
TN:
SF:src\modules\health\health.service.ts
FN:6,(anonymous_2)
FN:8,(anonymous_3)
FNF:2
FNH:0
FNDA:0,(anonymous_2)
FNDA:0,(anonymous_3)
DA:1,0
DA:2,0
DA:5,0
DA:6,0
DA:9,0
DA:10,0
DA:11,0
DA:13,0
DA:16,0
LF:9
LH:0
BRDA:17,0,0,0
BRDA:17,0,1,0
BRDA:6,1,0,0
BRDA:6,1,1,0
BRDA:6,2,0,0
BRDA:6,2,1,0
BRF:6
BRH:0
end_of_record
TN:
SF:src\modules\notifications\notifications.controller.ts
FN:11,(anonymous_4)
FN:15,(anonymous_5)
FN:21,(anonymous_6)
FN:27,(anonymous_7)
FN:33,(anonymous_8)
FN:39,(anonymous_9)
FNF:6
FNH:0
FNDA:0,(anonymous_4)
FNDA:0,(anonymous_5)
FNDA:0,(anonymous_6)
FNDA:0,(anonymous_7)
FNDA:0,(anonymous_8)
FNDA:0,(anonymous_9)
DA:1,0
DA:2,0
DA:3,0
DA:4,0
DA:10,0
DA:11,0
DA:15,0
DA:16,0
DA:21,0
DA:22,0
DA:27,0
DA:28,0
DA:33,0
DA:34,0
DA:39,0
DA:40,0
LF:16
LH:0
BRDA:11,0,0,0
BRDA:11,0,1,0
BRDA:11,1,0,0
BRDA:11,1,1,0
BRF:4
BRH:0
end_of_record
TN:
SF:src\modules\notifications\notifications.module.ts
FNF:0
FNH:0
DA:1,0
DA:2,0
DA:3,0
DA:10,0
LF:4
LH:0
BRF:0
BRH:0
end_of_record
TN:
SF:src\modules\notifications\notifications.service.ts
FN:9,(anonymous_2)
FN:11,(anonymous_3)
FN:15,(anonymous_4)
FN:39,(anonymous_5)
FN:41,(anonymous_6)
FN:63,(anonymous_7)
FN:74,(anonymous_8)
FN:80,(anonymous_9)
FN:87,(anonymous_10)
FN:94,(anonymous_11)
FNF:10
FNH:9
FNDA:9,(anonymous_2)
FNDA:0,(anonymous_3)
FNDA:2,(anonymous_4)
FNDA:1,(anonymous_5)
FNDA:2,(anonymous_6)
FNDA:2,(anonymous_7)
FNDA:1,(anonymous_8)
FNDA:1,(anonymous_9)
FNDA:1,(anonymous_10)
FNDA:1,(anonymous_11)
DA:1,2
DA:2,2
DA:6,2
DA:7,9
DA:9,9
DA:12,0
DA:16,2
DA:29,2
DA:36,2
DA:40,1
DA:41,2
DA:53,1
DA:60,1
DA:64,2
DA:75,1
DA:81,1
DA:88,1
DA:95,1
LF:18
LH:17
BRDA:21,0,0,2
BRDA:21,0,1,2
BRDA:33,1,0,0
BRDA:33,1,1,0
BRDA:45,2,0,2
BRDA:45,2,1,2
BRDA:63,3,0,1
BRDA:67,4,0,1
BRDA:67,4,1,1
BRDA:9,5,0,2
BRDA:9,5,1,0
BRDA:9,6,0,2
BRDA:9,6,1,2
BRF:13
BRH:10
end_of_record
TN:
SF:src\modules\procurements\procurements.controller.ts
FN:19,(anonymous_4)
FN:24,(anonymous_5)
FN:30,(anonymous_6)
FN:37,(anonymous_7)
FN:43,(anonymous_8)
FN:49,(anonymous_9)
FN:56,(anonymous_10)
FN:63,(anonymous_11)
FN:70,(anonymous_12)
FN:77,(anonymous_13)
FN:84,(anonymous_14)
FN:91,(anonymous_15)
FN:98,(anonymous_16)
FN:105,(anonymous_17)
FN:112,(anonymous_18)
FN:119,(anonymous_19)
FN:126,(anonymous_20)
FN:133,(anonymous_21)
FN:140,(anonymous_22)
FN:147,(anonymous_23)
FN:154,(anonymous_24)
FN:161,(anonymous_25)
FN:168,(anonymous_26)
FNF:23
FNH:0
FNDA:0,(anonymous_4)
FNDA:0,(anonymous_5)
FNDA:0,(anonymous_6)
FNDA:0,(anonymous_7)
FNDA:0,(anonymous_8)
FNDA:0,(anonymous_9)
FNDA:0,(anonymous_10)
FNDA:0,(anonymous_11)
FNDA:0,(anonymous_12)
FNDA:0,(anonymous_13)
FNDA:0,(anonymous_14)
FNDA:0,(anonymous_15)
FNDA:0,(anonymous_16)
FNDA:0,(anonymous_17)
FNDA:0,(anonymous_18)
FNDA:0,(anonymous_19)
FNDA:0,(anonymous_20)
FNDA:0,(anonymous_21)
FNDA:0,(anonymous_22)
FNDA:0,(anonymous_23)
FNDA:0,(anonymous_24)
FNDA:0,(anonymous_25)
FNDA:0,(anonymous_26)
DA:1,0
DA:4,0
DA:5,0
DA:6,0
DA:7,0
DA:8,0
DA:9,0
DA:18,0
DA:19,0
DA:24,0
DA:25,0
DA:30,0
DA:31,0
DA:37,0
DA:38,0
DA:43,0
DA:44,0
DA:49,0
DA:50,0
DA:56,0
DA:57,0
DA:63,0
DA:64,0
DA:70,0
DA:71,0
DA:77,0
DA:78,0
DA:84,0
DA:85,0
DA:91,0
DA:92,0
DA:98,0
DA:99,0
DA:105,0
DA:106,0
DA:112,0
DA:113,0
DA:119,0
DA:120,0
DA:126,0
DA:127,0
DA:133,0
DA:134,0
DA:140,0
DA:141,0
DA:147,0
DA:148,0
DA:154,0
DA:155,0
DA:161,0
DA:162,0
DA:168,0
DA:169,0
LF:53
LH:0
BRDA:37,0,0,0
BRDA:37,0,1,0
BRDA:37,1,0,0
BRDA:37,1,1,0
BRDA:43,2,0,0
BRDA:43,2,1,0
BRDA:43,3,0,0
BRDA:43,3,1,0
BRDA:56,4,0,0
BRDA:56,4,1,0
BRDA:56,5,0,0
BRDA:56,5,1,0
BRDA:77,6,0,0
BRDA:77,6,1,0
BRDA:77,7,0,0
BRDA:77,7,1,0
BRDA:84,8,0,0
BRDA:84,8,1,0
BRDA:84,9,0,0
BRDA:84,9,1,0
BRDA:91,10,0,0
BRDA:91,10,1,0
BRDA:91,11,0,0
BRDA:91,11,1,0
BRDA:98,12,0,0
BRDA:98,12,1,0
BRDA:98,13,0,0
BRDA:98,13,1,0
BRDA:105,14,0,0
BRDA:105,14,1,0
BRDA:105,15,0,0
BRDA:105,15,1,0
BRDA:154,16,0,0
BRDA:154,16,1,0
BRDA:154,17,0,0
BRDA:154,17,1,0
BRDA:19,18,0,0
BRDA:19,18,1,0
BRDA:19,19,0,0
BRDA:19,19,1,0
BRF:40
BRH:0
end_of_record
TN:
SF:src\modules\procurements\procurements.module.ts
FNF:0
FNH:0
DA:1,0
DA:2,0
DA:3,0
DA:4,0
DA:5,0
DA:13,0
LF:6
LH:0
BRF:0
BRH:0
end_of_record
TN:
SF:src\modules\procurements\procurements.service.ts
FN:16,(anonymous_13)
FN:24,(anonymous_14)
FN:32,(anonymous_15)
FN:80,(anonymous_16)
FN:165,(anonymous_17)
FN:185,(anonymous_18)
FN:201,(anonymous_19)
FN:205,(anonymous_20)
FN:209,(anonymous_21)
FN:213,(anonymous_22)
FN:217,(anonymous_23)
FN:221,(anonymous_24)
FN:252,(anonymous_25)
FN:256,(anonymous_26)
FN:260,(anonymous_27)
FN:264,(anonymous_28)
FN:268,(anonymous_29)
FN:272,(anonymous_30)
FN:276,(anonymous_31)
FN:300,(anonymous_32)
FN:304,(anonymous_33)
FN:318,(anonymous_34)
FN:322,(anonymous_35)
FN:394,(anonymous_36)
FN:410,(anonymous_37)
FN:422,(anonymous_38)
FN:445,(anonymous_39)
FN:451,(anonymous_40)
FN:454,(anonymous_41)
FN:471,(anonymous_42)
FN:472,(anonymous_43)
FN:473,(anonymous_44)
FN:476,(anonymous_45)
FN:483,(anonymous_46)
FN:490,(anonymous_47)
FN:491,(anonymous_48)
FN:492,(anonymous_49)
FN:493,(anonymous_50)
FN:18,(anonymous_51)
FN:20,(anonymous_52)
FNF:40
FNH:40
FNDA:43,(anonymous_13)
FNDA:3,(anonymous_14)
FNDA:3,(anonymous_15)
FNDA:7,(anonymous_16)
FNDA:2,(anonymous_17)
FNDA:3,(anonymous_18)
FNDA:3,(anonymous_19)
FNDA:1,(anonymous_20)
FNDA:2,(anonymous_21)
FNDA:1,(anonymous_22)
FNDA:1,(anonymous_23)
FNDA:4,(anonymous_24)
FNDA:2,(anonymous_25)
FNDA:1,(anonymous_26)
FNDA:1,(anonymous_27)
FNDA:1,(anonymous_28)
FNDA:1,(anonymous_29)
FNDA:1,(anonymous_30)
FNDA:2,(anonymous_31)
FNDA:1,(anonymous_32)
FNDA:2,(anonymous_33)
FNDA:2,(anonymous_34)
FNDA:19,(anonymous_35)
FNDA:2,(anonymous_36)
FNDA:25,(anonymous_37)
FNDA:24,(anonymous_38)
FNDA:1,(anonymous_39)
FNDA:2,(anonymous_40)
FNDA:1,(anonymous_41)
FNDA:1,(anonymous_42)
FNDA:1,(anonymous_43)
FNDA:1,(anonymous_44)
FNDA:1,(anonymous_45)
FNDA:1,(anonymous_46)
FNDA:1,(anonymous_47)
FNDA:1,(anonymous_48)
FNDA:1,(anonymous_49)
FNDA:1,(anonymous_50)
FNDA:43,(anonymous_51)
FNDA:43,(anonymous_52)
DA:1,1
DA:2,1
DA:3,1
DA:4,1
DA:5,1
DA:6,1
DA:7,1
DA:15,1
DA:17,43
DA:18,43
DA:19,43
DA:20,43
DA:21,43
DA:25,3
DA:26,3
DA:27,3
DA:28,3
DA:29,3
DA:33,3
DA:36,3
DA:37,3
DA:38,3
DA:39,3
DA:42,3
DA:66,3
DA:67,3
DA:70,3
DA:71,1
DA:77,3
DA:81,7
DA:82,7
DA:84,7
DA:86,7
DA:87,7
DA:88,7
DA:89,7
DA:90,7
DA:92,7
DA:93,1
DA:101,7
DA:102,1
DA:103,1
DA:104,1
DA:105,1
DA:106,1
DA:107,1
DA:111,7
DA:112,1
DA:113,1
DA:114,1
DA:117,7
DA:119,6
DA:120,6
DA:121,1
DA:123,0
DA:124,0
DA:125,1
DA:126,1
DA:129,7
DA:130,7
DA:131,7
DA:132,7
DA:134,7
DA:154,7
DA:155,7
DA:156,7
DA:159,7
DA:166,2
DA:181,2
DA:182,1
DA:186,3
DA:187,3
DA:188,2
DA:189,1
DA:192,1
DA:197,1
DA:198,1
DA:202,3
DA:206,1
DA:210,2
DA:214,1
DA:218,1
DA:222,4
DA:223,4
DA:225,3
DA:230,3
DA:231,3
DA:232,0
DA:235,3
DA:246,3
DA:247,3
DA:249,3
DA:253,2
DA:257,1
DA:261,1
DA:265,1
DA:269,1
DA:273,1
DA:278,2
DA:279,2
DA:281,2
DA:282,2
DA:283,1
DA:286,1
DA:291,1
DA:292,1
DA:295,1
DA:297,1
DA:301,1
DA:305,2
DA:306,2
DA:307,2
DA:309,1
DA:315,1
DA:319,2
DA:330,19
DA:331,19
DA:333,18
DA:334,18
DA:335,1
DA:340,17
DA:349,17
DA:350,17
DA:353,17
DA:354,17
DA:355,17
DA:358,17
DA:359,17
DA:360,3
DA:361,2
DA:362,1
DA:363,1
DA:366,0
DA:367,0
DA:370,3
DA:371,7
DA:375,17
DA:376,1
DA:387,17
DA:388,17
DA:392,17
DA:393,2
DA:394,2
DA:407,17
DA:417,25
DA:431,24
DA:446,1
DA:451,2
DA:455,1
DA:471,1
DA:472,1
DA:473,1
DA:475,1
DA:476,1
DA:477,1
DA:478,1
DA:479,1
DA:480,1
DA:483,1
DA:484,1
DA:486,1
DA:490,1
DA:491,1
DA:492,1
DA:493,1
LF:165
LH:160
BRDA:25,0,0,3
BRDA:25,0,1,0
BRDA:25,1,0,0
BRDA:25,1,1,0
BRDA:37,2,0,3
BRDA:37,2,1,0
BRDA:39,3,0,3
BRDA:39,3,1,0
BRDA:52,4,0,3
BRDA:52,4,1,3
BRDA:70,5,0,1
BRDA:70,5,1,2
BRDA:70,6,0,3
BRDA:70,6,1,2
BRDA:81,7,0,7
BRDA:81,7,1,6
BRDA:82,8,0,7
BRDA:82,8,1,6
BRDA:86,9,0,1
BRDA:86,9,1,6
BRDA:87,10,0,1
BRDA:87,10,1,6
BRDA:88,11,0,1
BRDA:88,11,1,6
BRDA:89,12,0,1
BRDA:89,12,1,6
BRDA:90,13,0,0
BRDA:90,13,1,7
BRDA:92,14,0,1
BRDA:92,14,1,6
BRDA:101,15,0,1
BRDA:101,15,1,6
BRDA:101,16,0,7
BRDA:101,16,1,6
BRDA:103,17,0,1
BRDA:103,17,1,0
BRDA:104,18,0,1
BRDA:104,18,1,0
BRDA:111,19,0,1
BRDA:111,19,1,6
BRDA:111,20,0,7
BRDA:111,20,1,6
BRDA:113,21,0,1
BRDA:113,21,1,0
BRDA:114,22,0,1
BRDA:114,22,1,0
BRDA:117,23,0,6
BRDA:117,23,1,1
BRDA:120,24,0,0
BRDA:120,24,1,6
BRDA:121,25,0,0
BRDA:121,25,1,1
BRDA:121,26,0,1
BRDA:121,26,1,1
BRDA:124,27,0,0
BRDA:124,27,1,0
BRDA:125,28,0,1
BRDA:125,28,1,0
BRDA:129,29,0,7
BRDA:129,29,1,7
BRDA:130,30,0,7
BRDA:130,30,1,7
BRDA:132,31,0,7
BRDA:132,31,1,0
BRDA:181,32,0,1
BRDA:181,32,1,1
BRDA:187,33,0,1
BRDA:187,33,1,2
BRDA:188,34,0,1
BRDA:188,34,1,1
BRDA:223,35,0,1
BRDA:223,35,1,3
BRDA:230,36,0,3
BRDA:230,36,1,0
BRDA:231,37,0,0
BRDA:231,37,1,3
BRDA:242,38,0,1
BRDA:242,38,1,2
BRDA:279,39,0,0
BRDA:279,39,1,2
BRDA:281,40,0,2
BRDA:281,40,1,0
BRDA:282,41,0,1
BRDA:282,41,1,1
BRDA:306,42,0,0
BRDA:306,42,1,2
BRDA:307,43,0,1
BRDA:307,43,1,1
BRDA:331,44,0,1
BRDA:331,44,1,18
BRDA:333,45,0,18
BRDA:333,45,1,0
BRDA:334,46,0,1
BRDA:334,46,1,17
BRDA:349,47,0,17
BRDA:349,47,1,10
BRDA:359,48,0,3
BRDA:359,48,1,2
BRDA:359,48,2,1
BRDA:359,48,3,1
BRDA:359,48,4,0
BRDA:359,48,5,0
BRDA:359,48,6,0
BRDA:359,48,7,0
BRDA:359,48,8,1
BRDA:359,48,9,2
BRDA:359,48,10,3
BRDA:359,48,11,7
BRDA:375,49,0,1
BRDA:375,49,1,16
BRDA:375,50,0,17
BRDA:375,50,1,17
BRDA:375,50,2,2
BRDA:379,51,0,0
BRDA:379,51,1,1
BRDA:387,52,0,17
BRDA:387,52,1,0
BRDA:392,53,0,2
BRDA:392,53,1,15
BRDA:398,54,0,0
BRDA:398,54,1,2
BRDA:439,55,0,21
BRDA:439,55,1,3
BRDA:440,56,0,24
BRDA:440,56,1,0
BRDA:473,57,0,1
BRDA:473,57,1,0
BRDA:478,58,0,1
BRDA:478,58,1,0
BRDA:480,59,0,1
BRDA:480,59,1,0
BRDA:483,60,0,1
BRDA:483,60,1,0
BRDA:484,61,0,1
BRDA:484,61,1,0
BRDA:17,62,0,1
BRDA:17,62,1,0
BRDA:17,63,0,1
BRDA:17,63,1,1
BRDA:17,64,0,1
BRDA:17,64,1,0
BRDA:17,65,0,1
BRDA:17,65,1,1
BRDA:19,66,0,1
BRDA:19,66,1,0
BRDA:19,67,0,1
BRDA:19,67,1,1
BRF:147
BRH:109
end_of_record
TN:
SF:src\modules\procurements\dto\procurement.dto.ts
FN:40,(anonymous_2)
FN:84,(anonymous_3)
FN:127,(anonymous_4)
FN:132,(anonymous_5)
FN:145,(anonymous_6)
FN:150,(anonymous_7)
FNF:6
FNH:0
FNDA:0,(anonymous_2)
FNDA:0,(anonymous_3)
FNDA:0,(anonymous_4)
FNDA:0,(anonymous_5)
FNDA:0,(anonymous_6)
FNDA:0,(anonymous_7)
DA:1,0
DA:2,0
DA:3,0
DA:5,0
DA:7,0
DA:11,0
DA:15,0
DA:19,0
DA:23,0
DA:27,0
DA:31,0
DA:35,0
DA:40,0
DA:41,0
DA:45,0
DA:49,0
DA:52,0
DA:55,0
DA:59,0
DA:63,0
DA:67,0
DA:71,0
DA:75,0
DA:79,0
DA:84,0
DA:85,0
DA:89,0
DA:92,0
DA:95,0
DA:99,0
DA:103,0
DA:107,0
DA:111,0
DA:115,0
DA:119,0
DA:123,0
DA:127,0
DA:128,0
DA:132,0
DA:133,0
DA:137,0
DA:141,0
DA:145,0
DA:146,0
DA:150,0
DA:151,0
DA:154,0
DA:157,0
DA:161,0
DA:164,0
DA:167,0
DA:170,0
DA:173,0
LF:53
LH:0
BRDA:7,0,0,0
BRDA:7,0,1,0
BRDA:7,1,0,0
BRDA:7,1,1,0
BRDA:99,2,0,0
BRDA:99,2,1,0
BRDA:99,3,0,0
BRDA:99,3,1,0
BRF:8
BRH:0
end_of_record
TN:
SF:src\modules\results\results.controller.ts
FN:13,(anonymous_4)
FN:18,(anonymous_5)
FN:24,(anonymous_6)
FN:31,(anonymous_7)
FNF:4
FNH:0
FNDA:0,(anonymous_4)
FNDA:0,(anonymous_5)
FNDA:0,(anonymous_6)
FNDA:0,(anonymous_7)
DA:1,0
DA:2,0
DA:3,0
DA:4,0
DA:5,0
DA:6,0
DA:12,0
DA:13,0
DA:18,0
DA:19,0
DA:24,0
DA:25,0
DA:31,0
DA:32,0
LF:14
LH:0
BRDA:13,0,0,0
BRDA:13,0,1,0
BRDA:13,1,0,0
BRDA:13,1,1,0
BRF:4
BRH:0
end_of_record
TN:
SF:src\modules\results\results.module.ts
FNF:0
FNH:0
DA:1,0
DA:2,0
DA:3,0
DA:10,0
LF:4
LH:0
BRF:0
BRH:0
end_of_record
TN:
SF:src\modules\results\results.service.ts
FN:6,(anonymous_2)
FN:8,(anonymous_3)
FN:29,(anonymous_4)
FN:58,(anonymous_5)
FNF:4
FNH:0
FNDA:0,(anonymous_2)
FNDA:0,(anonymous_3)
FNDA:0,(anonymous_4)
FNDA:0,(anonymous_5)
DA:1,0
DA:2,0
DA:5,0
DA:6,0
DA:9,0
DA:10,0
DA:11,0
DA:13,0
DA:30,0
DA:38,0
DA:40,0
DA:41,0
DA:43,0
DA:44,0
DA:46,0
DA:47,0
DA:55,0
DA:59,0
DA:60,0
DA:62,0
LF:20
LH:0
BRDA:10,0,0,0
BRDA:10,0,1,0
BRDA:11,1,0,0
BRDA:11,1,1,0
BRDA:38,2,0,0
BRDA:38,2,1,0
BRDA:40,3,0,0
BRDA:40,3,1,0
BRDA:41,4,0,0
BRDA:41,4,1,0
BRDA:44,5,0,0
BRDA:44,5,1,0
BRDA:49,6,0,0
BRDA:49,6,1,0
BRDA:51,7,0,0
BRDA:51,7,1,0
BRDA:60,8,0,0
BRDA:60,8,1,0
BRDA:6,9,0,0
BRDA:6,9,1,0
BRDA:6,10,0,0
BRDA:6,10,1,0
BRF:22
BRH:0
end_of_record
TN:
SF:src\modules\rfq-submission\rfq-submission.controller.ts
FN:9,(anonymous_4)
FN:13,(anonymous_5)
FN:19,(anonymous_6)
FN:25,(anonymous_7)
FN:31,(anonymous_8)
FN:37,(anonymous_9)
FNF:6
FNH:0
FNDA:0,(anonymous_4)
FNDA:0,(anonymous_5)
FNDA:0,(anonymous_6)
FNDA:0,(anonymous_7)
FNDA:0,(anonymous_8)
FNDA:0,(anonymous_9)
DA:1,0
DA:2,0
DA:3,0
DA:8,0
DA:9,0
DA:13,0
DA:14,0
DA:19,0
DA:20,0
DA:25,0
DA:26,0
DA:31,0
DA:32,0
DA:37,0
DA:38,0
LF:15
LH:0
BRDA:9,0,0,0
BRDA:9,0,1,0
BRDA:9,1,0,0
BRDA:9,1,1,0
BRF:4
BRH:0
end_of_record
TN:
SF:src\modules\rfq-submission\rfq-submission.module.ts
FNF:0
FNH:0
DA:1,0
DA:2,0
DA:3,0
DA:10,0
LF:4
LH:0
BRF:0
BRH:0
end_of_record
TN:
SF:src\modules\rfq-submission\rfq-submission.service.ts
FN:6,(anonymous_2)
FN:8,(anonymous_3)
FN:14,(anonymous_4)
FN:26,(anonymous_5)
FN:38,(anonymous_6)
FN:45,(anonymous_7)
FNF:6
FNH:0
FNDA:0,(anonymous_2)
FNDA:0,(anonymous_3)
FNDA:0,(anonymous_4)
FNDA:0,(anonymous_5)
FNDA:0,(anonymous_6)
FNDA:0,(anonymous_7)
DA:1,0
DA:2,0
DA:5,0
DA:6,0
DA:9,0
DA:15,0
DA:16,0
DA:17,0
DA:18,0
DA:20,0
DA:27,0
DA:28,0
DA:29,0
DA:30,0
DA:32,0
DA:39,0
DA:46,0
LF:17
LH:0
BRDA:16,0,0,0
BRDA:16,0,1,0
BRDA:17,1,0,0
BRDA:17,1,1,0
BRDA:18,2,0,0
BRDA:18,2,1,0
BRDA:28,3,0,0
BRDA:28,3,1,0
BRDA:29,4,0,0
BRDA:29,4,1,0
BRDA:30,5,0,0
BRDA:30,5,1,0
BRDA:34,6,0,0
BRDA:34,6,1,0
BRDA:34,7,0,0
BRDA:34,7,1,0
BRDA:6,8,0,0
BRDA:6,8,1,0
BRDA:6,9,0,0
BRDA:6,9,1,0
BRF:20
BRH:0
end_of_record
TN:
SF:src\modules\timeline\timeline.controller.ts
FN:9,(anonymous_4)
FN:13,(anonymous_5)
FNF:2
FNH:0
FNDA:0,(anonymous_4)
FNDA:0,(anonymous_5)
DA:1,0
DA:2,0
DA:3,0
DA:8,0
DA:9,0
DA:13,0
DA:14,0
LF:7
LH:0
BRDA:9,0,0,0
BRDA:9,0,1,0
BRDA:9,1,0,0
BRDA:9,1,1,0
BRF:4
BRH:0
end_of_record
TN:
SF:src\modules\timeline\timeline.module.ts
FNF:0
FNH:0
DA:1,0
DA:2,0
DA:3,0
DA:10,0
LF:4
LH:0
BRF:0
BRH:0
end_of_record
TN:
SF:src\modules\timeline\timeline.service.ts
FN:6,(anonymous_2)
FN:8,(anonymous_3)
FN:12,(anonymous_4)
FNF:3
FNH:0
FNDA:0,(anonymous_2)
FNDA:0,(anonymous_3)
FNDA:0,(anonymous_4)
DA:1,0
DA:2,0
DA:5,0
DA:6,0
DA:9,0
DA:13,0
LF:6
LH:0
BRDA:6,0,0,0
BRDA:6,0,1,0
BRDA:6,1,0,0
BRDA:6,1,1,0
BRF:4
BRH:0
end_of_record
TN:
SF:src\modules\users\users.controller.ts
FN:14,(anonymous_4)
FN:19,(anonymous_5)
FN:25,(anonymous_6)
FN:31,(anonymous_7)
FN:37,(anonymous_8)
FN:44,(anonymous_9)
FN:51,(anonymous_10)
FN:58,(anonymous_11)
FN:65,(anonymous_12)
FN:72,(anonymous_13)
FNF:10
FNH:0
FNDA:0,(anonymous_4)
FNDA:0,(anonymous_5)
FNDA:0,(anonymous_6)
FNDA:0,(anonymous_7)
FNDA:0,(anonymous_8)
FNDA:0,(anonymous_9)
FNDA:0,(anonymous_10)
FNDA:0,(anonymous_11)
FNDA:0,(anonymous_12)
FNDA:0,(anonymous_13)
DA:1,0
DA:2,0
DA:3,0
DA:4,0
DA:5,0
DA:6,0
DA:7,0
DA:13,0
DA:14,0
DA:19,0
DA:20,0
DA:25,0
DA:26,0
DA:31,0
DA:32,0
DA:37,0
DA:38,0
DA:44,0
DA:45,0
DA:51,0
DA:52,0
DA:58,0
DA:59,0
DA:65,0
DA:66,0
DA:72,0
DA:73,0
LF:27
LH:0
BRDA:19,0,0,0
BRDA:19,0,1,0
BRDA:19,1,0,0
BRDA:19,1,1,0
BRDA:14,2,0,0
BRDA:14,2,1,0
BRDA:14,3,0,0
BRDA:14,3,1,0
BRF:8
BRH:0
end_of_record
TN:
SF:src\modules\users\users.module.ts
FNF:0
FNH:0
DA:1,0
DA:2,0
DA:3,0
DA:10,0
LF:4
LH:0
BRF:0
BRH:0
end_of_record
TN:
SF:src\modules\users\users.service.ts
FN:9,(anonymous_11)
FN:11,(anonymous_12)
FN:76,(anonymous_13)
FN:83,(anonymous_14)
FN:90,(anonymous_15)
FN:99,(anonymous_16)
FN:103,(anonymous_17)
FN:110,(anonymous_18)
FN:148,(anonymous_19)
FN:200,(anonymous_20)
FN:211,(anonymous_21)
FN:222,(anonymous_22)
FNF:12
FNH:12
FNDA:25,(anonymous_11)
FNDA:5,(anonymous_12)
FNDA:1,(anonymous_13)
FNDA:1,(anonymous_14)
FNDA:2,(anonymous_15)
FNDA:1,(anonymous_16)
FNDA:1,(anonymous_17)
FNDA:5,(anonymous_18)
FNDA:5,(anonymous_19)
FNDA:2,(anonymous_20)
FNDA:1,(anonymous_21)
FNDA:1,(anonymous_22)
DA:1,1
DA:2,1
DA:5,1
DA:8,1
DA:9,25
DA:12,5
DA:13,5
DA:16,5
DA:17,1
DA:20,5
DA:21,1
DA:27,5
DA:29,2
DA:30,1
DA:32,1
DA:35,4
DA:36,1
DA:39,4
DA:40,0
DA:41,4
DA:42,0
DA:45,4
DA:70,4
DA:77,1
DA:84,1
DA:91,2
DA:95,2
DA:96,1
DA:100,1
DA:104,1
DA:111,5
DA:112,1
DA:114,4
DA:115,1
DA:117,3
DA:118,3
DA:120,2
DA:121,2
DA:134,2
DA:135,1
DA:145,2
DA:149,5
DA:150,5
DA:152,5
DA:153,1
DA:155,4
DA:156,0
DA:158,4
DA:159,1
DA:160,1
DA:163,3
DA:173,3
DA:174,0
DA:177,3
DA:183,3
DA:184,2
DA:185,2
DA:186,1
DA:191,1
DA:197,3
DA:201,2
DA:202,2
DA:203,2
DA:205,1
DA:212,1
DA:213,1
DA:215,1
DA:223,1
DA:224,1
DA:226,1
DA:227,1
LF:71
LH:67
BRDA:12,0,0,0
BRDA:12,1,0,0
BRDA:12,2,0,5
BRDA:12,3,0,5
BRDA:16,4,0,1
BRDA:16,4,1,4
BRDA:16,5,0,5
BRDA:16,5,1,1
BRDA:20,6,0,1
BRDA:20,6,1,4
BRDA:27,7,0,2
BRDA:27,7,1,3
BRDA:29,8,0,1
BRDA:29,8,1,1
BRDA:29,9,0,2
BRDA:29,9,1,2
BRDA:35,10,0,1
BRDA:35,10,1,3
BRDA:39,11,0,0
BRDA:39,11,1,4
BRDA:41,12,0,0
BRDA:41,12,1,4
BRDA:95,13,0,1
BRDA:95,13,1,1
BRDA:111,14,0,1
BRDA:111,14,1,4
BRDA:114,15,0,1
BRDA:114,15,1,3
BRDA:114,16,0,4
BRDA:114,16,1,4
BRDA:118,17,0,1
BRDA:118,17,1,2
BRDA:127,18,0,2
BRDA:127,18,1,2
BRDA:128,19,0,2
BRDA:128,19,1,2
BRDA:129,20,0,2
BRDA:129,20,1,2
BRDA:134,21,0,1
BRDA:134,21,1,1
BRDA:134,22,0,2
BRDA:134,22,1,1
BRDA:150,23,0,0
BRDA:150,23,1,5
BRDA:152,24,0,1
BRDA:152,24,1,4
BRDA:152,25,0,5
BRDA:152,25,1,2
BRDA:155,26,0,0
BRDA:155,26,1,4
BRDA:155,27,0,4
BRDA:155,27,1,0
BRDA:158,28,0,1
BRDA:158,28,1,3
BRDA:158,29,0,4
BRDA:158,29,1,1
BRDA:160,30,0,1
BRDA:160,30,1,0
BRDA:168,31,0,3
BRDA:168,31,1,3
BRDA:169,32,0,3
BRDA:169,32,1,3
BRDA:170,33,0,3
BRDA:170,33,1,3
BRDA:173,34,0,0
BRDA:173,34,1,3
BRDA:183,35,0,2
BRDA:183,35,1,1
BRDA:183,36,0,3
BRDA:183,36,1,2
BRDA:185,37,0,1
BRDA:185,37,1,1
BRDA:188,38,0,1
BRDA:188,38,1,1
BRDA:188,39,0,1
BRDA:188,39,1,1
BRDA:192,40,0,1
BRDA:192,40,1,1
BRDA:192,41,0,1
BRDA:192,41,1,1
BRDA:202,42,0,0
BRDA:202,42,1,2
BRDA:203,43,0,1
BRDA:203,43,1,1
BRDA:213,44,0,0
BRDA:213,44,1,1
BRDA:224,45,0,0
BRDA:224,45,1,1
BRDA:9,46,0,1
BRDA:9,46,1,0
BRDA:9,47,0,1
BRDA:9,47,1,1
BRF:92
BRH:79
end_of_record
TN:
SF:src\modules\vendor\vendor.controller.ts
FN:13,(anonymous_4)
FN:18,(anonymous_5)
FN:24,(anonymous_6)
FN:30,(anonymous_7)
FN:37,(anonymous_8)
FN:44,(anonymous_9)
FNF:6
FNH:0
FNDA:0,(anonymous_4)
FNDA:0,(anonymous_5)
FNDA:0,(anonymous_6)
FNDA:0,(anonymous_7)
FNDA:0,(anonymous_8)
FNDA:0,(anonymous_9)
DA:1,0
DA:2,0
DA:3,0
DA:4,0
DA:5,0
DA:6,0
DA:12,0
DA:13,0
DA:18,0
DA:19,0
DA:24,0
DA:25,0
DA:30,0
DA:31,0
DA:37,0
DA:38,0
DA:44,0
DA:45,0
LF:18
LH:0
BRDA:25,0,0,0
BRDA:25,0,1,0
BRDA:25,1,0,0
BRDA:25,1,1,0
BRDA:13,2,0,0
BRDA:13,2,1,0
BRDA:13,3,0,0
BRDA:13,3,1,0
BRF:8
BRH:0
end_of_record
TN:
SF:src\modules\vendor\vendor.module.ts
FNF:0
FNH:0
DA:1,0
DA:2,0
DA:3,0
DA:10,0
LF:4
LH:0
BRF:0
BRH:0
end_of_record
TN:
SF:src\modules\vendor\vendor.service.ts
FN:8,(anonymous_11)
FN:10,(anonymous_12)
FN:58,(anonymous_13)
FN:70,(anonymous_14)
FN:76,(anonymous_15)
FN:80,(anonymous_16)
FNF:6
FNH:6
FNDA:10,(anonymous_11)
FNDA:3,(anonymous_12)
FNDA:2,(anonymous_13)
FNDA:2,(anonymous_14)
FNDA:1,(anonymous_15)
FNDA:2,(anonymous_16)
DA:1,1
DA:2,1
DA:4,1
DA:7,1
DA:8,10
DA:20,3
DA:23,3
DA:24,2
DA:27,2
DA:28,1
DA:31,1
DA:32,1
DA:34,1
DA:42,1
DA:45,2
DA:59,2
DA:63,2
DA:67,2
DA:71,2
DA:72,2
DA:73,1
DA:77,1
DA:81,2
DA:82,2
DA:85,1
LF:25
LH:25
BRDA:23,0,0,2
BRDA:23,0,1,1
BRDA:27,1,0,1
BRDA:27,1,1,1
BRDA:31,2,0,1
BRDA:31,2,1,1
BRDA:58,3,0,0
BRDA:58,4,0,0
BRDA:59,5,0,1
BRDA:59,5,1,1
BRDA:72,6,0,1
BRDA:72,6,1,1
BRDA:82,7,0,1
BRDA:82,7,1,1
BRDA:8,8,0,1
BRDA:8,8,1,0
BRDA:8,9,0,1
BRDA:8,9,1,1
BRF:18
BRH:15
end_of_record
TN:
SF:src\modules\vendor-invitation\vendor-invitation.controller.ts
FN:13,(anonymous_4)
FN:18,(anonymous_5)
FN:25,(anonymous_6)
FN:32,(anonymous_7)
FN:38,(anonymous_8)
FN:45,(anonymous_9)
FN:52,(anonymous_10)
FNF:7
FNH:0
FNDA:0,(anonymous_4)
FNDA:0,(anonymous_5)
FNDA:0,(anonymous_6)
FNDA:0,(anonymous_7)
FNDA:0,(anonymous_8)
FNDA:0,(anonymous_9)
FNDA:0,(anonymous_10)
DA:1,0
DA:2,0
DA:3,0
DA:4,0
DA:5,0
DA:6,0
DA:12,0
DA:13,0
DA:18,0
DA:19,0
DA:25,0
DA:26,0
DA:32,0
DA:33,0
DA:38,0
DA:39,0
DA:45,0
DA:46,0
DA:52,0
DA:53,0
LF:20
LH:0
BRDA:13,0,0,0
BRDA:13,0,1,0
BRDA:13,1,0,0
BRDA:13,1,1,0
BRF:4
BRH:0
end_of_record
TN:
SF:src\modules\vendor-invitation\vendor-invitation.module.ts
FNF:0
FNH:0
DA:1,0
DA:2,0
DA:3,0
DA:10,0
LF:4
LH:0
BRF:0
BRH:0
end_of_record
TN:
SF:src\modules\vendor-invitation\vendor-invitation.service.ts
FN:6,(anonymous_2)
FN:8,(anonymous_3)
FN:10,(anonymous_4)
FN:37,(anonymous_5)
FN:44,(anonymous_6)
FN:54,(anonymous_7)
FN:64,(anonymous_8)
FN:80,(anonymous_9)
FNF:8
FNH:0
FNDA:0,(anonymous_2)
FNDA:0,(anonymous_3)
FNDA:0,(anonymous_4)
FNDA:0,(anonymous_5)
FNDA:0,(anonymous_6)
FNDA:0,(anonymous_7)
FNDA:0,(anonymous_8)
FNDA:0,(anonymous_9)
DA:1,0
DA:2,0
DA:5,0
DA:6,0
DA:9,0
DA:11,0
DA:22,0
DA:23,0
DA:34,0
DA:38,0
DA:45,0
DA:55,0
DA:65,0
DA:66,0
DA:67,0
DA:69,0
DA:70,0
DA:71,0
DA:74,0
DA:81,0
DA:82,0
DA:84,0
DA:85,0
DA:86,0
DA:89,0
LF:25
LH:0
BRDA:16,0,0,0
BRDA:16,0,1,0
BRDA:66,1,0,0
BRDA:66,1,1,0
BRDA:67,2,0,0
BRDA:67,2,1,0
BRDA:70,3,0,0
BRDA:70,3,1,0
BRDA:70,4,0,0
BRDA:70,4,1,0
BRDA:82,5,0,0
BRDA:82,5,1,0
BRDA:85,6,0,0
BRDA:85,6,1,0
BRDA:85,7,0,0
BRDA:85,7,1,0
BRDA:6,8,0,0
BRDA:6,8,1,0
BRDA:6,9,0,0
BRDA:6,9,1,0
BRF:20
BRH:0
end_of_record
